[0.018s] Invoking command in '/home/dpeter/ros2_ws/build/my_robot_bringup': CMAKE_PREFIX_PATH=${CMAKE_PREFIX_PATH}:/home/dpeter/ros2_ws/install/turtlesim_catch_them_all:/home/dpeter/ros2_ws/install/my_py_pkg:/opt/ros/foxy PYTHONPATH=/home/dpeter/ros2_ws/install/turtlesim_catch_them_all/lib/python3.8/site-packages:/home/dpeter/ros2_ws/install/my_py_pkg/lib/python3.8/site-packages:/home/dpeter/ros2_ws/install/my_robot_interfaces/lib/python3.8/site-packages:/home/dpeter/ros2_ws/build/turtlesim_catch_them_all:/opt/ros/foxy/lib/python3.8/site-packages /usr/bin/cmake --build /home/dpeter/ros2_ws/build/my_robot_bringup -- -j8 -l8
[0.066s] Invoked command in '/home/dpeter/ros2_ws/build/my_robot_bringup' returned '0': CMAKE_PREFIX_PATH=${CMAKE_PREFIX_PATH}:/home/dpeter/ros2_ws/install/turtlesim_catch_them_all:/home/dpeter/ros2_ws/install/my_py_pkg:/opt/ros/foxy PYTHONPATH=/home/dpeter/ros2_ws/install/turtlesim_catch_them_all/lib/python3.8/site-packages:/home/dpeter/ros2_ws/install/my_py_pkg/lib/python3.8/site-packages:/home/dpeter/ros2_ws/install/my_robot_interfaces/lib/python3.8/site-packages:/home/dpeter/ros2_ws/build/turtlesim_catch_them_all:/opt/ros/foxy/lib/python3.8/site-packages /usr/bin/cmake --build /home/dpeter/ros2_ws/build/my_robot_bringup -- -j8 -l8
[0.096s] Invoking command in '/home/dpeter/ros2_ws/build/my_robot_bringup': CMAKE_PREFIX_PATH=${CMAKE_PREFIX_PATH}:/home/dpeter/ros2_ws/install/turtlesim_catch_them_all:/home/dpeter/ros2_ws/install/my_py_pkg:/opt/ros/foxy PYTHONPATH=/home/dpeter/ros2_ws/install/turtlesim_catch_them_all/lib/python3.8/site-packages:/home/dpeter/ros2_ws/install/my_py_pkg/lib/python3.8/site-packages:/home/dpeter/ros2_ws/install/my_robot_interfaces/lib/python3.8/site-packages:/home/dpeter/ros2_ws/build/turtlesim_catch_them_all:/opt/ros/foxy/lib/python3.8/site-packages /usr/bin/cmake --install /home/dpeter/ros2_ws/build/my_robot_bringup
[0.106s] -- Install configuration: ""
[0.107s] -- Execute custom install script
[0.108s] -- Up-to-date symlink: /home/dpeter/ros2_ws/install/my_robot_bringup/share/my_robot_bringup/launch/number_app.launch.py
[0.108s] -- Up-to-date symlink: /home/dpeter/ros2_ws/install/my_robot_bringup/share/my_robot_bringup/launch/turtlesim_catch_them_all.launch.py
[0.109s] -- Up-to-date symlink: /home/dpeter/ros2_ws/install/my_robot_bringup/share/ament_index/resource_index/package_run_dependencies/my_robot_bringup
[0.109s] -- Up-to-date symlink: /home/dpeter/ros2_ws/install/my_robot_bringup/share/ament_index/resource_index/parent_prefix_path/my_robot_bringup
[0.110s] -- Up-to-date symlink: /home/dpeter/ros2_ws/install/my_robot_bringup/share/my_robot_bringup/environment/ament_prefix_path.sh
[0.110s] -- Up-to-date symlink: /home/dpeter/ros2_ws/install/my_robot_bringup/share/my_robot_bringup/environment/ament_prefix_path.dsv
[0.111s] -- Up-to-date symlink: /home/dpeter/ros2_ws/install/my_robot_bringup/share/my_robot_bringup/environment/path.sh
[0.111s] -- Up-to-date symlink: /home/dpeter/ros2_ws/install/my_robot_bringup/share/my_robot_bringup/environment/path.dsv
[0.112s] -- Up-to-date symlink: /home/dpeter/ros2_ws/install/my_robot_bringup/share/my_robot_bringup/local_setup.bash
[0.112s] -- Up-to-date symlink: /home/dpeter/ros2_ws/install/my_robot_bringup/share/my_robot_bringup/local_setup.sh
[0.113s] -- Up-to-date symlink: /home/dpeter/ros2_ws/install/my_robot_bringup/share/my_robot_bringup/local_setup.zsh
[0.113s] -- Up-to-date symlink: /home/dpeter/ros2_ws/install/my_robot_bringup/share/my_robot_bringup/local_setup.dsv
[0.113s] -- Symlinking: /home/dpeter/ros2_ws/install/my_robot_bringup/share/my_robot_bringup/package.dsv
[0.126s] -- Up-to-date symlink: /home/dpeter/ros2_ws/install/my_robot_bringup/share/ament_index/resource_index/packages/my_robot_bringup
[0.126s] -- Up-to-date symlink: /home/dpeter/ros2_ws/install/my_robot_bringup/share/my_robot_bringup/cmake/my_robot_bringupConfig.cmake
[0.126s] -- Up-to-date symlink: /home/dpeter/ros2_ws/install/my_robot_bringup/share/my_robot_bringup/cmake/my_robot_bringupConfig-version.cmake
[0.127s] -- Up-to-date symlink: /home/dpeter/ros2_ws/install/my_robot_bringup/share/my_robot_bringup/package.xml
[0.131s] Invoked command in '/home/dpeter/ros2_ws/build/my_robot_bringup' returned '0': CMAKE_PREFIX_PATH=${CMAKE_PREFIX_PATH}:/home/dpeter/ros2_ws/install/turtlesim_catch_them_all:/home/dpeter/ros2_ws/install/my_py_pkg:/opt/ros/foxy PYTHONPATH=/home/dpeter/ros2_ws/install/turtlesim_catch_them_all/lib/python3.8/site-packages:/home/dpeter/ros2_ws/install/my_py_pkg/lib/python3.8/site-packages:/home/dpeter/ros2_ws/install/my_robot_interfaces/lib/python3.8/site-packages:/home/dpeter/ros2_ws/build/turtlesim_catch_them_all:/opt/ros/foxy/lib/python3.8/site-packages /usr/bin/cmake --install /home/dpeter/ros2_ws/build/my_robot_bringup
