[0.028s] Invoking command in '/home/dpeter/ros2_ws/build/my_cpp_pkg': CMAKE_PREFIX_PATH=${CMAKE_PREFIX_PATH}:/home/dpeter/ros2_ws/install/my_py_pkg:/opt/ros/foxy /usr/bin/cmake --build /home/dpeter/ros2_ws/build/my_cpp_pkg -- -j8 -l8
[0.082s] -- Found ament_cmake: 0.9.9 (/opt/ros/foxy/share/ament_cmake/cmake)
[0.121s] -- Using PYTHON_EXECUTABLE: /usr/bin/python3
[0.377s] -- Found rclcpp: 2.4.1 (/opt/ros/foxy/share/rclcpp/cmake)
[0.434s] -- Using all available rosidl_typesupport_c: rosidl_typesupport_fastrtps_c;rosidl_typesupport_introspection_c
[0.440s] -- Found rosidl_adapter: 1.2.1 (/opt/ros/foxy/share/rosidl_adapter/cmake)
[0.616s] -- Using all available rosidl_typesupport_cpp: rosidl_typesupport_fastrtps_cpp;rosidl_typesupport_introspection_cpp
[0.698s] -- Found rmw_implementation_cmake: 1.0.3 (/opt/ros/foxy/share/rmw_implementation_cmake/cmake)
[0.701s] -- Using RMW implementation 'rmw_fastrtps_cpp' as default
[0.924s] CMake Error at CMakeLists.txt:16 (find_package):
[0.924s]   find_package called with invalid argument "example_interfaces"
[0.924s] 
[0.924s] 
[0.924s] CMake Error at CMakeLists.txt:23 (add_executable):
[0.925s]   The target name "(" is reserved or not valid for certain CMake features,
[0.925s]   such as generator expressions, and may result in undefined behavior.
[0.925s] 
[0.925s] 
[0.925s] CMake Error at /opt/ros/foxy/share/ament_cmake_target_dependencies/cmake/ament_target_dependencies.cmake:42 (message):
[0.925s]   ament_target_dependencies() the first argument must be a valid target name
[0.925s] Call Stack (most recent call first):
[0.926s]   CMakeLists.txt:24 (ament_target_dependencies)
[0.926s] 
[0.926s] 
[0.926s] -- Configuring incomplete, errors occurred!
[0.926s] See also "/home/dpeter/ros2_ws/build/my_cpp_pkg/CMakeFiles/CMakeOutput.log".
[0.927s] See also "/home/dpeter/ros2_ws/build/my_cpp_pkg/CMakeFiles/CMakeError.log".
[0.933s] make: *** [Makefile:266: cmake_check_build_system] Error 1
[0.935s] Invoked command in '/home/dpeter/ros2_ws/build/my_cpp_pkg' returned '2': CMAKE_PREFIX_PATH=${CMAKE_PREFIX_PATH}:/home/dpeter/ros2_ws/install/my_py_pkg:/opt/ros/foxy /usr/bin/cmake --build /home/dpeter/ros2_ws/build/my_cpp_pkg -- -j8 -l8
