-- Found ament_cmake: 0.9.9 (/opt/ros/foxy/share/ament_cmake/cmake)
-- Using PYTHON_EXECUTABLE: /usr/bin/python3
-- Found rclcpp: 2.4.1 (/opt/ros/foxy/share/rclcpp/cmake)
-- Using all available rosidl_typesupport_c: rosidl_typesupport_fastrtps_c;rosidl_typesupport_introspection_c
-- Found rosidl_adapter: 1.2.1 (/opt/ros/foxy/share/rosidl_adapter/cmake)
-- Using all available rosidl_typesupport_cpp: rosidl_typesupport_fastrtps_cpp;rosidl_typesupport_introspection_cpp
-- Found rmw_implementation_cmake: 1.0.3 (/opt/ros/foxy/share/rmw_implementation_cmake/cmake)
-- Using RMW implementation 'rmw_fastrtps_cpp' as default
-- Found example_interfaces: 0.9.1 (/opt/ros/foxy/share/example_interfaces/cmake)
-- Configuring done
-- Generating done
-- Build files have been written to: /home/dpeter/ros2_ws/build/my_cpp_pkg
[35m[1mScanning dependencies of target add_two_ints_client[0m
[35m[1mScanning dependencies of target add_two_ints_client_no_oop[0m
[ 16%] Built target robot_news_station
[ 33%] Built target cpp_node
[ 50%] Built target add_two_ints_server
[ 66%] Built target smartphone
[ 75%] [32mBuilding CXX object CMakeFiles/add_two_ints_client_no_oop.dir/src/add_two_ints_client_no_oop.cpp.o[0m
[ 83%] [32mBuilding CXX object CMakeFiles/add_two_ints_client.dir/src/add_two_ints_client.cpp.o[0m
In file included from [01m[K/opt/ros/foxy/include/rclcpp/context.hpp:19[m[K,
                 from [01m[K/opt/ros/foxy/include/rclcpp/contexts/default_context.hpp:18[m[K,
                 from [01m[K/opt/ros/foxy/include/rclcpp/executor.hpp:32[m[K,
                 from [01m[K/opt/ros/foxy/include/rclcpp/executors/multi_threaded_executor.hpp:26[m[K,
                 from [01m[K/opt/ros/foxy/include/rclcpp/executors.hpp:21[m[K,
                 from [01m[K/opt/ros/foxy/include/rclcpp/rclcpp.hpp:146[m[K,
                 from [01m[K/home/dpeter/ros2_ws/src/my_cpp_pkg/src/add_two_ints_client.cpp:1[m[K:
/usr/include/c++/9/functional: In instantiation of ‘[01m[Kstruct std::_Bind_check_arity<void (AddTwoIntsClientNode::*)(int, int)>[m[K’:
[01m[K/usr/include/c++/9/functional:787:12:[m[K   required from ‘[01m[Kstruct std::_Bind_helper<false, void (AddTwoIntsClientNode::*)(int, int)>[m[K’
[01m[K/usr/include/c++/9/functional:808:5:[m[K   required by substitution of ‘[01m[Ktemplate<class _Func, class ... _BoundArgs> typename std::_Bind_helper<std::__is_socketlike<_Func>::value, _Func, _BoundArgs ...>::type std::bind(_Func&&, _BoundArgs&& ...) [with _Func = void (AddTwoIntsClientNode::*)(int, int); _BoundArgs = {}][m[K’
[01m[K/home/dpeter/ros2_ws/src/my_cpp_pkg/src/add_two_ints_client.cpp:9:86:[m[K   required from here
[01m[K/usr/include/c++/9/functional:775:7:[m[K [01;31m[Kerror: [m[Kstatic assertion failed: Wrong number of arguments for pointer-to-member
  774 |       static_assert(_Varargs::[01;31m[Kvalue[m[K
      |                               [01;31m[K~~~~~[m[K
  775 | [01;31m[K      ? sizeof...(_BoundArgs) >= _Arity::value + 1[m[K
      |       [01;31m[K^~~~~~~~~~~~~~~~~~~~~~~~~~~~~~~~~~~~~~~~~~~~[m[K
  776 | [01;31m[K      : sizeof...(_BoundArgs) == _Arity::value + 1[m[K,
      |       [01;31m[K~~~~~~~~~~~~~~~~~~~~~~~~~~~~~~~~~~~~~~~~~~~~[m[K
/usr/include/c++/9/functional: In substitution of ‘[01m[Ktemplate<class _Functor, class ... _Bound_args> template<class _Fn, class _CallArgs, class ... _BArgs> using _Res_type_impl = typename std::result_of<_Fn&(std::_Bind<_Functor(_Bound_args ...)>::_Mu_type<_BArgs, _CallArgs>&& ...)>::type [with _Fn = void (AddTwoIntsClientNode::*)(int, int); _CallArgs = _CallArgs; _BArgs = {}; _Functor = void (AddTwoIntsClientNode::*)(int, int); _Bound_args = {}][m[K’:
[01m[K/usr/include/c++/9/functional:447:8:[m[K   required from ‘[01m[Kstruct std::_Bind<void (AddTwoIntsClientNode::*())(int, int)>[m[K’
[01m[K/home/dpeter/ros2_ws/src/my_cpp_pkg/src/add_two_ints_client.cpp:9:86:[m[K   required from here
[01m[K/usr/include/c++/9/functional:443:8:[m[K [01;31m[Kerror: [m[Kno type named ‘[01m[Ktype[m[K’ in ‘[01m[Kclass std::result_of<void (AddTwoIntsClientNode::*&())(int, int)>[m[K’
  443 |  using [01;31m[K_Res_type_impl[m[K
      |        [01;31m[K^~~~~~~~~~~~~~[m[K
/usr/include/c++/9/functional: In substitution of ‘[01m[Ktemplate<class _Functor, class ... _Bound_args> template<class _Fn, class _CallArgs, class ... _BArgs> using _Res_type_impl = typename std::result_of<_Fn&(std::_Bind<_Functor(_Bound_args ...)>::_Mu_type<_BArgs, _CallArgs>&& ...)>::type [with _Fn = void (AddTwoIntsClientNode::*)(int, int); _CallArgs = std::tuple<_Tps ...>; _BArgs = {}; _Functor = void (AddTwoIntsClientNode::*)(int, int); _Bound_args = {}][m[K’:
[01m[K/usr/include/c++/9/functional:447:8:[m[K   required by substitution of ‘[01m[Ktemplate<class _Functor, class ... _Bound_args> template<class _CallArgs> using _Res_type = std::_Bind<_Functor(_Bound_args ...)>::_Res_type_impl<_Functor, _CallArgs, _Bound_args ...> [with _CallArgs = std::tuple<_Tps ...>; _Functor = void (AddTwoIntsClientNode::*)(int, int); _Bound_args = {}][m[K’
[01m[K/usr/include/c++/9/functional:480:2:[m[K   required from ‘[01m[Kstruct std::_Bind<void (AddTwoIntsClientNode::*())(int, int)>[m[K’
[01m[K/home/dpeter/ros2_ws/src/my_cpp_pkg/src/add_two_ints_client.cpp:9:86:[m[K   required from here
[01m[K/usr/include/c++/9/functional:443:8:[m[K [01;31m[Kerror: [m[Kno type named ‘[01m[Ktype[m[K’ in ‘[01m[Kclass std::result_of<void (AddTwoIntsClientNode::*&())(int, int)>[m[K’
In file included from [01m[K/usr/include/c++/9/future:39[m[K,
                 from [01m[K/opt/ros/foxy/include/rclcpp/executors.hpp:18[m[K,
                 from [01m[K/opt/ros/foxy/include/rclcpp/rclcpp.hpp:146[m[K,
                 from [01m[K/home/dpeter/ros2_ws/src/my_cpp_pkg/src/add_two_ints_client.cpp:1[m[K:
/usr/include/c++/9/thread: In instantiation of ‘[01m[Kstd::thread::thread(_Callable&&, _Args&& ...) [with _Callable = std::_Bind<void (AddTwoIntsClientNode::*())(int, int)>; _Args = {AddTwoIntsClientNode*, int, int}; <template-parameter-1-3> = void][m[K’:
[01m[K/home/dpeter/ros2_ws/src/my_cpp_pkg/src/add_two_ints_client.cpp:9:100:[m[K   required from here
[01m[K/usr/include/c++/9/thread:120:44:[m[K [01;31m[Kerror: [m[Kstatic assertion failed: std::thread arguments must be invocable after conversion to rvalues
  120 |           typename decay<_Args>::type...>::[01;31m[Kvalue[m[K,
      |                                            [01;31m[K^~~~~[m[K
/usr/include/c++/9/thread: In instantiation of ‘[01m[Kstruct std::thread::_Invoker<std::tuple<std::_Bind<void (AddTwoIntsClientNode::*())(int, int)>, AddTwoIntsClientNode*, int, int> >[m[K’:
[01m[K/usr/include/c++/9/thread:131:22:[m[K   required from ‘[01m[Kstd::thread::thread(_Callable&&, _Args&& ...) [with _Callable = std::_Bind<void (AddTwoIntsClientNode::*())(int, int)>; _Args = {AddTwoIntsClientNode*, int, int}; <template-parameter-1-3> = void][m[K’
[01m[K/home/dpeter/ros2_ws/src/my_cpp_pkg/src/add_two_ints_client.cpp:9:100:[m[K   required from here
[01m[K/usr/include/c++/9/thread:243:4:[m[K [01;31m[Kerror: [m[Kno type named ‘[01m[Ktype[m[K’ in ‘[01m[Kstruct std::thread::_Invoker<std::tuple<std::_Bind<void (AddTwoIntsClientNode::*())(int, int)>, AddTwoIntsClientNode*, int, int> >::__result<std::tuple<std::_Bind<void (AddTwoIntsClientNode::*())(int, int)>, AddTwoIntsClientNode*, int, int> >[m[K’
  243 |    [01;31m[K_M_invoke[m[K(_Index_tuple<_Ind...>)
      |    [01;31m[K^~~~~~~~~[m[K
[01m[K/usr/include/c++/9/thread:247:2:[m[K [01;31m[Kerror: [m[Kno type named ‘[01m[Ktype[m[K’ in ‘[01m[Kstruct std::thread::_Invoker<std::tuple<std::_Bind<void (AddTwoIntsClientNode::*())(int, int)>, AddTwoIntsClientNode*, int, int> >::__result<std::tuple<std::_Bind<void (AddTwoIntsClientNode::*())(int, int)>, AddTwoIntsClientNode*, int, int> >[m[K’
  247 |  [01;31m[Koperator[m[K()()
      |  [01;31m[K^~~~~~~~[m[K
make[2]: *** [CMakeFiles/add_two_ints_client.dir/build.make:63: CMakeFiles/add_two_ints_client.dir/src/add_two_ints_client.cpp.o] Error 1
make[1]: *** [CMakeFiles/Makefile2:277: CMakeFiles/add_two_ints_client.dir/all] Error 2
make[1]: *** Waiting for unfinished jobs....
[ 91%] [32m[1mLinking CXX executable add_two_ints_client_no_oop[0m
[ 91%] Built target add_two_ints_client_no_oop
make: *** [Makefile:141: all] Error 2
