[0.834s] Invoking command in '/home/dpeter/ros2_ws/src/my_py_pkg': PYTHONPATH=/home/dpeter/ros2_ws/install/my_py_pkg/lib/python3.8/site-packages:${PYTHONPATH} /usr/bin/python3 setup.py egg_info --egg-base ../../build/my_py_pkg build --build-base /home/dpeter/ros2_ws/build/my_py_pkg/build install --prefix /home/dpeter/ros2_ws/install/my_py_pkg --record /home/dpeter/ros2_ws/build/my_py_pkg/install.log --single-version-externally-managed
[1.107s] running egg_info
[1.108s] writing ../../build/my_py_pkg/my_py_pkg.egg-info/PKG-INFO
[1.108s] writing dependency_links to ../../build/my_py_pkg/my_py_pkg.egg-info/dependency_links.txt
[1.108s] writing entry points to ../../build/my_py_pkg/my_py_pkg.egg-info/entry_points.txt
[1.108s] writing requirements to ../../build/my_py_pkg/my_py_pkg.egg-info/requires.txt
[1.108s] writing top-level names to ../../build/my_py_pkg/my_py_pkg.egg-info/top_level.txt
[1.153s] reading manifest file '../../build/my_py_pkg/my_py_pkg.egg-info/SOURCES.txt'
[1.154s] writing manifest file '../../build/my_py_pkg/my_py_pkg.egg-info/SOURCES.txt'
[1.154s] running build
[1.154s] running build_py
[1.155s] copying my_py_pkg/robot_news_station.py -> /home/dpeter/ros2_ws/build/my_py_pkg/build/lib/my_py_pkg
[1.155s] running install
[1.156s] running install_lib
[1.157s] copying /home/dpeter/ros2_ws/build/my_py_pkg/build/lib/my_py_pkg/robot_news_station.py -> /home/dpeter/ros2_ws/install/my_py_pkg/lib/python3.8/site-packages/my_py_pkg
[1.158s] byte-compiling /home/dpeter/ros2_ws/install/my_py_pkg/lib/python3.8/site-packages/my_py_pkg/robot_news_station.py to robot_news_station.cpython-38.pyc
[1.159s] running install_data
[1.160s] copying package.xml -> /home/dpeter/ros2_ws/install/my_py_pkg/share/my_py_pkg
[1.160s] running install_egg_info
[1.162s] removing '/home/dpeter/ros2_ws/install/my_py_pkg/lib/python3.8/site-packages/my_py_pkg-0.0.0-py3.8.egg-info' (and everything under it)
[1.162s] Copying ../../build/my_py_pkg/my_py_pkg.egg-info to /home/dpeter/ros2_ws/install/my_py_pkg/lib/python3.8/site-packages/my_py_pkg-0.0.0-py3.8.egg-info
[1.163s] running install_scripts
[1.184s] Installing py_node script to /home/dpeter/ros2_ws/install/my_py_pkg/lib/my_py_pkg
[1.185s] Installing robot_news_station script to /home/dpeter/ros2_ws/install/my_py_pkg/lib/my_py_pkg
[1.185s] writing list of installed files to '/home/dpeter/ros2_ws/build/my_py_pkg/install.log'
[1.208s] Invoked command in '/home/dpeter/ros2_ws/src/my_py_pkg' returned '0': PYTHONPATH=/home/dpeter/ros2_ws/install/my_py_pkg/lib/python3.8/site-packages:${PYTHONPATH} /usr/bin/python3 setup.py egg_info --egg-base ../../build/my_py_pkg build --build-base /home/dpeter/ros2_ws/build/my_py_pkg/build install --prefix /home/dpeter/ros2_ws/install/my_py_pkg --record /home/dpeter/ros2_ws/build/my_py_pkg/install.log --single-version-externally-managed
