[1.430s] Invoking command in '/home/dpeter/ros2_ws/build/turtlesim_catch_them_all': CMAKE_PREFIX_PATH=/home/dpeter/ros2_ws/install/my_robot_interfaces:/home/dpeter/ros2_ws/install/my_cpp_pkg:/home/dpeter/ros2_ws/install/my_robot_bringup PYTHONPATH=/home/dpeter/ros2_ws/install/turtlesim_catch_them_all/lib/python3.8/site-packages:/home/dpeter/ros2_ws/install/my_robot_interfaces/lib/python3.8/site-packages:/home/dpeter/ros2_ws/build/turtlesim_catch_them_all:/home/dpeter/ros2_ws/install/turtlesim_catch_them_all/lib/python3.8/site-packages:/home/dpeter/ros2_ws/install/my_py_pkg/lib/python3.8/site-packages:/opt/ros/foxy/lib/python3.8/site-packages /usr/bin/python3 setup.py develop --prefix /home/dpeter/ros2_ws/install/turtlesim_catch_them_all --uninstall --editable --build-directory /home/dpeter/ros2_ws/build/turtlesim_catch_them_all/build
[1.754s] running develop
[1.953s] Invoked command in '/home/dpeter/ros2_ws/build/turtlesim_catch_them_all' returned '0': CMAKE_PREFIX_PATH=/home/dpeter/ros2_ws/install/my_robot_interfaces:/home/dpeter/ros2_ws/install/my_cpp_pkg:/home/dpeter/ros2_ws/install/my_robot_bringup PYTHONPATH=/home/dpeter/ros2_ws/install/turtlesim_catch_them_all/lib/python3.8/site-packages:/home/dpeter/ros2_ws/install/my_robot_interfaces/lib/python3.8/site-packages:/home/dpeter/ros2_ws/build/turtlesim_catch_them_all:/home/dpeter/ros2_ws/install/turtlesim_catch_them_all/lib/python3.8/site-packages:/home/dpeter/ros2_ws/install/my_py_pkg/lib/python3.8/site-packages:/opt/ros/foxy/lib/python3.8/site-packages /usr/bin/python3 setup.py develop --prefix /home/dpeter/ros2_ws/install/turtlesim_catch_them_all --uninstall --editable --build-directory /home/dpeter/ros2_ws/build/turtlesim_catch_them_all/build
[1.957s] Invoking command in '/home/dpeter/ros2_ws/src/turtlesim_catch_them_all': CMAKE_PREFIX_PATH=/home/dpeter/ros2_ws/install/my_robot_interfaces:/home/dpeter/ros2_ws/install/my_cpp_pkg:/home/dpeter/ros2_ws/install/my_robot_bringup PYTHONPATH=/home/dpeter/ros2_ws/install/turtlesim_catch_them_all/lib/python3.8/site-packages:/home/dpeter/ros2_ws/install/my_robot_interfaces/lib/python3.8/site-packages:/home/dpeter/ros2_ws/build/turtlesim_catch_them_all:/home/dpeter/ros2_ws/install/turtlesim_catch_them_all/lib/python3.8/site-packages:/home/dpeter/ros2_ws/install/my_py_pkg/lib/python3.8/site-packages:/opt/ros/foxy/lib/python3.8/site-packages /usr/bin/python3 setup.py egg_info --egg-base ../../build/turtlesim_catch_them_all build --build-base /home/dpeter/ros2_ws/build/turtlesim_catch_them_all/build install --prefix /home/dpeter/ros2_ws/install/turtlesim_catch_them_all --record /home/dpeter/ros2_ws/build/turtlesim_catch_them_all/install.log --single-version-externally-managed
[2.246s] running egg_info
[2.247s] writing ../../build/turtlesim_catch_them_all/turtlesim_catch_them_all.egg-info/PKG-INFO
[2.247s] writing dependency_links to ../../build/turtlesim_catch_them_all/turtlesim_catch_them_all.egg-info/dependency_links.txt
[2.247s] writing entry points to ../../build/turtlesim_catch_them_all/turtlesim_catch_them_all.egg-info/entry_points.txt
[2.247s] writing requirements to ../../build/turtlesim_catch_them_all/turtlesim_catch_them_all.egg-info/requires.txt
[2.248s] writing top-level names to ../../build/turtlesim_catch_them_all/turtlesim_catch_them_all.egg-info/top_level.txt
[2.292s] reading manifest file '../../build/turtlesim_catch_them_all/turtlesim_catch_them_all.egg-info/SOURCES.txt'
[2.293s] writing manifest file '../../build/turtlesim_catch_them_all/turtlesim_catch_them_all.egg-info/SOURCES.txt'
[2.294s] running build
[2.294s] running build_py
[2.294s] copying turtlesim_catch_them_all/turtle_spawner.py -> /home/dpeter/ros2_ws/build/turtlesim_catch_them_all/build/lib/turtlesim_catch_them_all
[2.294s] copying turtlesim_catch_them_all/turtle_controller.py -> /home/dpeter/ros2_ws/build/turtlesim_catch_them_all/build/lib/turtlesim_catch_them_all
[2.294s] running install
[2.295s] running install_lib
[2.296s] copying /home/dpeter/ros2_ws/build/turtlesim_catch_them_all/build/lib/turtlesim_catch_them_all/turtle_spawner.py -> /home/dpeter/ros2_ws/install/turtlesim_catch_them_all/lib/python3.8/site-packages/turtlesim_catch_them_all
[2.296s] copying /home/dpeter/ros2_ws/build/turtlesim_catch_them_all/build/lib/turtlesim_catch_them_all/turtle_controller.py -> /home/dpeter/ros2_ws/install/turtlesim_catch_them_all/lib/python3.8/site-packages/turtlesim_catch_them_all
[2.297s] byte-compiling /home/dpeter/ros2_ws/install/turtlesim_catch_them_all/lib/python3.8/site-packages/turtlesim_catch_them_all/turtle_spawner.py to turtle_spawner.cpython-38.pyc
[2.299s] byte-compiling /home/dpeter/ros2_ws/install/turtlesim_catch_them_all/lib/python3.8/site-packages/turtlesim_catch_them_all/turtle_controller.py to turtle_controller.cpython-38.pyc
[2.301s] running install_data
[2.301s] copying package.xml -> /home/dpeter/ros2_ws/install/turtlesim_catch_them_all/share/turtlesim_catch_them_all
[2.301s] running install_egg_info
[2.303s] removing '/home/dpeter/ros2_ws/install/turtlesim_catch_them_all/lib/python3.8/site-packages/turtlesim_catch_them_all-0.0.0-py3.8.egg-info' (and everything under it)
[2.303s] Copying ../../build/turtlesim_catch_them_all/turtlesim_catch_them_all.egg-info to /home/dpeter/ros2_ws/install/turtlesim_catch_them_all/lib/python3.8/site-packages/turtlesim_catch_them_all-0.0.0-py3.8.egg-info
[2.305s] running install_scripts
[2.327s] Installing turtle_spawner script to /home/dpeter/ros2_ws/install/turtlesim_catch_them_all/lib/turtlesim_catch_them_all
[2.327s] Installing turtlesim_controller script to /home/dpeter/ros2_ws/install/turtlesim_catch_them_all/lib/turtlesim_catch_them_all
[2.327s] writing list of installed files to '/home/dpeter/ros2_ws/build/turtlesim_catch_them_all/install.log'
[2.354s] Invoked command in '/home/dpeter/ros2_ws/src/turtlesim_catch_them_all' returned '0': CMAKE_PREFIX_PATH=/home/dpeter/ros2_ws/install/my_robot_interfaces:/home/dpeter/ros2_ws/install/my_cpp_pkg:/home/dpeter/ros2_ws/install/my_robot_bringup PYTHONPATH=/home/dpeter/ros2_ws/install/turtlesim_catch_them_all/lib/python3.8/site-packages:/home/dpeter/ros2_ws/install/my_robot_interfaces/lib/python3.8/site-packages:/home/dpeter/ros2_ws/build/turtlesim_catch_them_all:/home/dpeter/ros2_ws/install/turtlesim_catch_them_all/lib/python3.8/site-packages:/home/dpeter/ros2_ws/install/my_py_pkg/lib/python3.8/site-packages:/opt/ros/foxy/lib/python3.8/site-packages /usr/bin/python3 setup.py egg_info --egg-base ../../build/turtlesim_catch_them_all build --build-base /home/dpeter/ros2_ws/build/turtlesim_catch_them_all/build install --prefix /home/dpeter/ros2_ws/install/turtlesim_catch_them_all --record /home/dpeter/ros2_ws/build/turtlesim_catch_them_all/install.log --single-version-externally-managed
