/home/dpeter/ros2_ws/install/my_py_pkg/lib/python3.8/site-packages/my_py_pkg/my_first_node.py
/home/dpeter/ros2_ws/install/my_py_pkg/lib/python3.8/site-packages/my_py_pkg/add_two_ints_client_no_oop.py
/home/dpeter/ros2_ws/install/my_py_pkg/lib/python3.8/site-packages/my_py_pkg/robot_news_station.py
/home/dpeter/ros2_ws/install/my_py_pkg/lib/python3.8/site-packages/my_py_pkg/smartphone.py
/home/dpeter/ros2_ws/install/my_py_pkg/lib/python3.8/site-packages/my_py_pkg/add_two_ints_server.py
/home/dpeter/ros2_ws/install/my_py_pkg/lib/python3.8/site-packages/my_py_pkg/__init__.py
/home/dpeter/ros2_ws/install/my_py_pkg/lib/python3.8/site-packages/my_py_pkg/add_two_ints_client.py
/home/dpeter/ros2_ws/install/my_py_pkg/lib/python3.8/site-packages/my_py_pkg/__pycache__/my_first_node.cpython-38.pyc
/home/dpeter/ros2_ws/install/my_py_pkg/lib/python3.8/site-packages/my_py_pkg/__pycache__/add_two_ints_client_no_oop.cpython-38.pyc
/home/dpeter/ros2_ws/install/my_py_pkg/lib/python3.8/site-packages/my_py_pkg/__pycache__/robot_news_station.cpython-38.pyc
/home/dpeter/ros2_ws/install/my_py_pkg/lib/python3.8/site-packages/my_py_pkg/__pycache__/smartphone.cpython-38.pyc
/home/dpeter/ros2_ws/install/my_py_pkg/lib/python3.8/site-packages/my_py_pkg/__pycache__/add_two_ints_server.cpython-38.pyc
/home/dpeter/ros2_ws/install/my_py_pkg/lib/python3.8/site-packages/my_py_pkg/__pycache__/__init__.cpython-38.pyc
/home/dpeter/ros2_ws/install/my_py_pkg/lib/python3.8/site-packages/my_py_pkg/__pycache__/add_two_ints_client.cpython-38.pyc
/home/dpeter/ros2_ws/install/my_py_pkg/share/ament_index/resource_index/packages/my_py_pkg
/home/dpeter/ros2_ws/install/my_py_pkg/share/my_py_pkg/package.xml
/home/dpeter/ros2_ws/install/my_py_pkg/lib/python3.8/site-packages/my_py_pkg-0.0.0-py3.8.egg-info/zip-safe
/home/dpeter/ros2_ws/install/my_py_pkg/lib/python3.8/site-packages/my_py_pkg-0.0.0-py3.8.egg-info/entry_points.txt
/home/dpeter/ros2_ws/install/my_py_pkg/lib/python3.8/site-packages/my_py_pkg-0.0.0-py3.8.egg-info/PKG-INFO
/home/dpeter/ros2_ws/install/my_py_pkg/lib/python3.8/site-packages/my_py_pkg-0.0.0-py3.8.egg-info/requires.txt
/home/dpeter/ros2_ws/install/my_py_pkg/lib/python3.8/site-packages/my_py_pkg-0.0.0-py3.8.egg-info/dependency_links.txt
/home/dpeter/ros2_ws/install/my_py_pkg/lib/python3.8/site-packages/my_py_pkg-0.0.0-py3.8.egg-info/top_level.txt
/home/dpeter/ros2_ws/install/my_py_pkg/lib/python3.8/site-packages/my_py_pkg-0.0.0-py3.8.egg-info/SOURCES.txt
/home/dpeter/ros2_ws/install/my_py_pkg/lib/my_py_pkg/add_two_ints_client
/home/dpeter/ros2_ws/install/my_py_pkg/lib/my_py_pkg/add_two_ints_client_no_oop
/home/dpeter/ros2_ws/install/my_py_pkg/lib/my_py_pkg/add_two_ints_server
/home/dpeter/ros2_ws/install/my_py_pkg/lib/my_py_pkg/py_node
/home/dpeter/ros2_ws/install/my_py_pkg/lib/my_py_pkg/robot_news_station
/home/dpeter/ros2_ws/install/my_py_pkg/lib/my_py_pkg/smartphone
