[0.016s] Invoking command in '/home/dpeter/ros2_ws/build/my_robot_bringup': CMAKE_PREFIX_PATH=${CMAKE_PREFIX_PATH}:/home/dpeter/ros2_ws/install/my_py_pkg:/opt/ros/foxy /usr/bin/cmake --build /home/dpeter/ros2_ws/build/my_robot_bringup -- -j8 -l8
[0.054s] -- Found ament_cmake: 0.9.9 (/opt/ros/foxy/share/ament_cmake/cmake)
[0.089s] -- Using PYTHON_EXECUTABLE: /usr/bin/python3
[0.327s] -- Override CMake install command with custom implementation using symlinks instead of copying resources
[0.421s] -- Configuring done
[0.424s] -- Generating done
[0.425s] -- Build files have been written to: /home/dpeter/ros2_ws/build/my_robot_bringup
[0.452s] Invoked command in '/home/dpeter/ros2_ws/build/my_robot_bringup' returned '0': CMAKE_PREFIX_PATH=${CMAKE_PREFIX_PATH}:/home/dpeter/ros2_ws/install/my_py_pkg:/opt/ros/foxy /usr/bin/cmake --build /home/dpeter/ros2_ws/build/my_robot_bringup -- -j8 -l8
[0.493s] Invoking command in '/home/dpeter/ros2_ws/build/my_robot_bringup': CMAKE_PREFIX_PATH=${CMAKE_PREFIX_PATH}:/home/dpeter/ros2_ws/install/my_py_pkg:/opt/ros/foxy /usr/bin/cmake --install /home/dpeter/ros2_ws/build/my_robot_bringup
[0.502s] -- Install configuration: ""
[0.503s] -- Execute custom install script
[0.504s] -- Up-to-date symlink: /home/dpeter/ros2_ws/install/my_robot_bringup/share/my_robot_bringup/launch/number_app.launch.py
[0.504s] -- Up-to-date symlink: /home/dpeter/ros2_ws/install/my_robot_bringup/share/ament_index/resource_index/package_run_dependencies/my_robot_bringup
[0.505s] -- Up-to-date symlink: /home/dpeter/ros2_ws/install/my_robot_bringup/share/ament_index/resource_index/parent_prefix_path/my_robot_bringup
[0.505s] -- Up-to-date symlink: /home/dpeter/ros2_ws/install/my_robot_bringup/share/my_robot_bringup/environment/ament_prefix_path.sh
[0.505s] -- Up-to-date symlink: /home/dpeter/ros2_ws/install/my_robot_bringup/share/my_robot_bringup/environment/ament_prefix_path.dsv
[0.506s] -- Up-to-date symlink: /home/dpeter/ros2_ws/install/my_robot_bringup/share/my_robot_bringup/environment/path.sh
[0.506s] -- Up-to-date symlink: /home/dpeter/ros2_ws/install/my_robot_bringup/share/my_robot_bringup/environment/path.dsv
[0.506s] -- Up-to-date symlink: /home/dpeter/ros2_ws/install/my_robot_bringup/share/my_robot_bringup/local_setup.bash
[0.507s] -- Up-to-date symlink: /home/dpeter/ros2_ws/install/my_robot_bringup/share/my_robot_bringup/local_setup.sh
[0.507s] -- Up-to-date symlink: /home/dpeter/ros2_ws/install/my_robot_bringup/share/my_robot_bringup/local_setup.zsh
[0.507s] -- Up-to-date symlink: /home/dpeter/ros2_ws/install/my_robot_bringup/share/my_robot_bringup/local_setup.dsv
[0.508s] -- Symlinking: /home/dpeter/ros2_ws/install/my_robot_bringup/share/my_robot_bringup/package.dsv
[0.519s] -- Up-to-date symlink: /home/dpeter/ros2_ws/install/my_robot_bringup/share/ament_index/resource_index/packages/my_robot_bringup
[0.520s] -- Up-to-date symlink: /home/dpeter/ros2_ws/install/my_robot_bringup/share/my_robot_bringup/cmake/my_robot_bringupConfig.cmake
[0.520s] -- Up-to-date symlink: /home/dpeter/ros2_ws/install/my_robot_bringup/share/my_robot_bringup/cmake/my_robot_bringupConfig-version.cmake
[0.520s] -- Up-to-date symlink: /home/dpeter/ros2_ws/install/my_robot_bringup/share/my_robot_bringup/package.xml
[0.523s] Invoked command in '/home/dpeter/ros2_ws/build/my_robot_bringup' returned '0': CMAKE_PREFIX_PATH=${CMAKE_PREFIX_PATH}:/home/dpeter/ros2_ws/install/my_py_pkg:/opt/ros/foxy /usr/bin/cmake --install /home/dpeter/ros2_ws/build/my_robot_bringup
