[0.809s] Invoking command in '/home/dpeter/ros2_ws/build/my_py_pkg': PYTHONPATH=/home/dpeter/ros2_ws/install/my_py_pkg/lib/python3.8/site-packages:${PYTHONPATH} /usr/bin/python3 setup.py develop --prefix /home/dpeter/ros2_ws/install/my_py_pkg --uninstall --editable --build-directory /home/dpeter/ros2_ws/build/my_py_pkg/build
[1.105s] running develop
[1.301s] Invoked command in '/home/dpeter/ros2_ws/build/my_py_pkg' returned '0': PYTHONPATH=/home/dpeter/ros2_ws/install/my_py_pkg/lib/python3.8/site-packages:${PYTHONPATH} /usr/bin/python3 setup.py develop --prefix /home/dpeter/ros2_ws/install/my_py_pkg --uninstall --editable --build-directory /home/dpeter/ros2_ws/build/my_py_pkg/build
[1.304s] Invoking command in '/home/dpeter/ros2_ws/src/my_py_pkg': PYTHONPATH=/home/dpeter/ros2_ws/install/my_py_pkg/lib/python3.8/site-packages:${PYTHONPATH} /usr/bin/python3 setup.py egg_info --egg-base ../../build/my_py_pkg build --build-base /home/dpeter/ros2_ws/build/my_py_pkg/build install --prefix /home/dpeter/ros2_ws/install/my_py_pkg --record /home/dpeter/ros2_ws/build/my_py_pkg/install.log --single-version-externally-managed
[1.579s] running egg_info
[1.580s] writing ../../build/my_py_pkg/my_py_pkg.egg-info/PKG-INFO
[1.580s] writing dependency_links to ../../build/my_py_pkg/my_py_pkg.egg-info/dependency_links.txt
[1.580s] writing entry points to ../../build/my_py_pkg/my_py_pkg.egg-info/entry_points.txt
[1.580s] writing requirements to ../../build/my_py_pkg/my_py_pkg.egg-info/requires.txt
[1.581s] writing top-level names to ../../build/my_py_pkg/my_py_pkg.egg-info/top_level.txt
[1.626s] reading manifest file '../../build/my_py_pkg/my_py_pkg.egg-info/SOURCES.txt'
[1.628s] writing manifest file '../../build/my_py_pkg/my_py_pkg.egg-info/SOURCES.txt'
[1.628s] running build
[1.628s] running build_py
[1.628s] copying my_py_pkg/add_two_ints_server.py -> /home/dpeter/ros2_ws/build/my_py_pkg/build/lib/my_py_pkg
[1.628s] running install
[1.629s] running install_lib
[1.631s] copying /home/dpeter/ros2_ws/build/my_py_pkg/build/lib/my_py_pkg/add_two_ints_server.py -> /home/dpeter/ros2_ws/install/my_py_pkg/lib/python3.8/site-packages/my_py_pkg
[1.631s] byte-compiling /home/dpeter/ros2_ws/install/my_py_pkg/lib/python3.8/site-packages/my_py_pkg/add_two_ints_server.py to add_two_ints_server.cpython-38.pyc
[1.633s] running install_data
[1.634s] running install_egg_info
[1.636s] removing '/home/dpeter/ros2_ws/install/my_py_pkg/lib/python3.8/site-packages/my_py_pkg-0.0.0-py3.8.egg-info' (and everything under it)
[1.636s] Copying ../../build/my_py_pkg/my_py_pkg.egg-info to /home/dpeter/ros2_ws/install/my_py_pkg/lib/python3.8/site-packages/my_py_pkg-0.0.0-py3.8.egg-info
[1.637s] running install_scripts
[1.660s] Installing py_node script to /home/dpeter/ros2_ws/install/my_py_pkg/lib/my_py_pkg
[1.660s] Installing robot_news_station script to /home/dpeter/ros2_ws/install/my_py_pkg/lib/my_py_pkg
[1.660s] Installing smartphone = my_py_pkg.smartphone:mainadd_two_ints_server script to /home/dpeter/ros2_ws/install/my_py_pkg/lib/my_py_pkg
[1.661s] writing list of installed files to '/home/dpeter/ros2_ws/build/my_py_pkg/install.log'
[1.685s] Invoked command in '/home/dpeter/ros2_ws/src/my_py_pkg' returned '0': PYTHONPATH=/home/dpeter/ros2_ws/install/my_py_pkg/lib/python3.8/site-packages:${PYTHONPATH} /usr/bin/python3 setup.py egg_info --egg-base ../../build/my_py_pkg build --build-base /home/dpeter/ros2_ws/build/my_py_pkg/build install --prefix /home/dpeter/ros2_ws/install/my_py_pkg --record /home/dpeter/ros2_ws/build/my_py_pkg/install.log --single-version-externally-managed
