[0.024s] Invoking command in '/home/dpeter/ros2_ws/build/my_robot_bringup': CMAKE_PREFIX_PATH=${CMAKE_PREFIX_PATH}:/home/dpeter/ros2_ws/install/turtlesim_catch_them_all:/home/dpeter/ros2_ws/install/my_py_pkg:/opt/ros/foxy /usr/bin/cmake --build /home/dpeter/ros2_ws/build/my_robot_bringup -- -j8 -l8
[0.070s] Invoked command in '/home/dpeter/ros2_ws/build/my_robot_bringup' returned '0': CMAKE_PREFIX_PATH=${CMAKE_PREFIX_PATH}:/home/dpeter/ros2_ws/install/turtlesim_catch_them_all:/home/dpeter/ros2_ws/install/my_py_pkg:/opt/ros/foxy /usr/bin/cmake --build /home/dpeter/ros2_ws/build/my_robot_bringup -- -j8 -l8
[0.119s] Invoking command in '/home/dpeter/ros2_ws/build/my_robot_bringup': CMAKE_PREFIX_PATH=${CMAKE_PREFIX_PATH}:/home/dpeter/ros2_ws/install/turtlesim_catch_them_all:/home/dpeter/ros2_ws/install/my_py_pkg:/opt/ros/foxy /usr/bin/cmake --install /home/dpeter/ros2_ws/build/my_robot_bringup
[0.130s] -- Install configuration: ""
[0.131s] -- Execute custom install script
[0.132s] -- Up-to-date symlink: /home/dpeter/ros2_ws/install/my_robot_bringup/share/my_robot_bringup/launch/number_app.launch.py
[0.132s] -- Up-to-date symlink: /home/dpeter/ros2_ws/install/my_robot_bringup/share/ament_index/resource_index/package_run_dependencies/my_robot_bringup
[0.133s] -- Up-to-date symlink: /home/dpeter/ros2_ws/install/my_robot_bringup/share/ament_index/resource_index/parent_prefix_path/my_robot_bringup
[0.133s] -- Up-to-date symlink: /home/dpeter/ros2_ws/install/my_robot_bringup/share/my_robot_bringup/environment/ament_prefix_path.sh
[0.134s] -- Up-to-date symlink: /home/dpeter/ros2_ws/install/my_robot_bringup/share/my_robot_bringup/environment/ament_prefix_path.dsv
[0.134s] -- Up-to-date symlink: /home/dpeter/ros2_ws/install/my_robot_bringup/share/my_robot_bringup/environment/path.sh
[0.135s] -- Up-to-date symlink: /home/dpeter/ros2_ws/install/my_robot_bringup/share/my_robot_bringup/environment/path.dsv
[0.135s] -- Up-to-date symlink: /home/dpeter/ros2_ws/install/my_robot_bringup/share/my_robot_bringup/local_setup.bash
[0.136s] -- Up-to-date symlink: /home/dpeter/ros2_ws/install/my_robot_bringup/share/my_robot_bringup/local_setup.sh
[0.136s] -- Up-to-date symlink: /home/dpeter/ros2_ws/install/my_robot_bringup/share/my_robot_bringup/local_setup.zsh
[0.137s] -- Up-to-date symlink: /home/dpeter/ros2_ws/install/my_robot_bringup/share/my_robot_bringup/local_setup.dsv
[0.137s] -- Symlinking: /home/dpeter/ros2_ws/install/my_robot_bringup/share/my_robot_bringup/package.dsv
[0.149s] -- Up-to-date symlink: /home/dpeter/ros2_ws/install/my_robot_bringup/share/ament_index/resource_index/packages/my_robot_bringup
[0.150s] -- Up-to-date symlink: /home/dpeter/ros2_ws/install/my_robot_bringup/share/my_robot_bringup/cmake/my_robot_bringupConfig.cmake
[0.150s] -- Up-to-date symlink: /home/dpeter/ros2_ws/install/my_robot_bringup/share/my_robot_bringup/cmake/my_robot_bringupConfig-version.cmake
[0.150s] -- Up-to-date symlink: /home/dpeter/ros2_ws/install/my_robot_bringup/share/my_robot_bringup/package.xml
[0.154s] Invoked command in '/home/dpeter/ros2_ws/build/my_robot_bringup' returned '0': CMAKE_PREFIX_PATH=${CMAKE_PREFIX_PATH}:/home/dpeter/ros2_ws/install/turtlesim_catch_them_all:/home/dpeter/ros2_ws/install/my_py_pkg:/opt/ros/foxy /usr/bin/cmake --install /home/dpeter/ros2_ws/build/my_robot_bringup
