[0.014s] Invoking command in '/home/dpeter/ros2_ws/build/my_cpp_pkg': CMAKE_PREFIX_PATH=${CMAKE_PREFIX_PATH}:/home/dpeter/ros2_ws/install/my_py_pkg:/opt/ros/foxy /usr/bin/cmake --build /home/dpeter/ros2_ws/build/my_cpp_pkg -- -j8 -l8
[0.037s] -- Found ament_cmake: 0.9.9 (/opt/ros/foxy/share/ament_cmake/cmake)
[0.059s] -- Using PYTHON_EXECUTABLE: /usr/bin/python3
[0.224s] -- Found rclcpp: 2.4.1 (/opt/ros/foxy/share/rclcpp/cmake)
[0.259s] -- Using all available rosidl_typesupport_c: rosidl_typesupport_fastrtps_c;rosidl_typesupport_introspection_c
[0.262s] -- Found rosidl_adapter: 1.2.1 (/opt/ros/foxy/share/rosidl_adapter/cmake)
[0.366s] -- Using all available rosidl_typesupport_cpp: rosidl_typesupport_fastrtps_cpp;rosidl_typesupport_introspection_cpp
[0.418s] -- Found rmw_implementation_cmake: 1.0.3 (/opt/ros/foxy/share/rmw_implementation_cmake/cmake)
[0.420s] -- Using RMW implementation 'rmw_fastrtps_cpp' as default
[0.570s] -- Found example_interfaces: 0.9.1 (/opt/ros/foxy/share/example_interfaces/cmake)
[0.700s] -- Found my_robot_interfaces: 0.0.0 (/home/dpeter/ros2_ws/install/my_robot_interfaces/share/my_robot_interfaces/cmake)
[0.775s] -- Configuring done
[0.808s] -- Generating done
[0.810s] -- Build files have been written to: /home/dpeter/ros2_ws/build/my_cpp_pkg
[0.840s] [35m[1mScanning dependencies of target hardware_status_publisher[0m
[0.869s] [ 42%] Built target add_two_ints_server
[0.869s] [ 42%] Built target cpp_node
[0.869s] [ 42%] Built target add_two_ints_client
[0.870s] [ 57%] Built target smartphone
[0.870s] [ 71%] Built target robot_news_station
[0.875s] [ 85%] Built target add_two_ints_client_no_oop
[0.890s] [ 92%] [32mBuilding CXX object CMakeFiles/hardware_status_publisher.dir/src/hw_status_publisher.cpp.o[0m
[3.345s] [100%] [32m[1mLinking CXX executable hardware_status_publisher[0m
[3.482s] [100%] Built target hardware_status_publisher
[3.492s] Invoked command in '/home/dpeter/ros2_ws/build/my_cpp_pkg' returned '0': CMAKE_PREFIX_PATH=${CMAKE_PREFIX_PATH}:/home/dpeter/ros2_ws/install/my_py_pkg:/opt/ros/foxy /usr/bin/cmake --build /home/dpeter/ros2_ws/build/my_cpp_pkg -- -j8 -l8
[3.521s] Invoking command in '/home/dpeter/ros2_ws/build/my_cpp_pkg': CMAKE_PREFIX_PATH=${CMAKE_PREFIX_PATH}:/home/dpeter/ros2_ws/install/my_py_pkg:/opt/ros/foxy /usr/bin/cmake --install /home/dpeter/ros2_ws/build/my_cpp_pkg
[3.528s] -- Install configuration: ""
[3.528s] -- Up-to-date: /home/dpeter/ros2_ws/install/my_cpp_pkg/lib/my_cpp_pkg/cpp_node
[3.528s] -- Up-to-date: /home/dpeter/ros2_ws/install/my_cpp_pkg/lib/my_cpp_pkg/robot_news_station
[3.529s] -- Up-to-date: /home/dpeter/ros2_ws/install/my_cpp_pkg/lib/my_cpp_pkg/smartphone
[3.529s] -- Up-to-date: /home/dpeter/ros2_ws/install/my_cpp_pkg/lib/my_cpp_pkg/add_two_ints_server
[3.529s] -- Up-to-date: /home/dpeter/ros2_ws/install/my_cpp_pkg/lib/my_cpp_pkg/add_two_ints_client_no_oop
[3.530s] -- Up-to-date: /home/dpeter/ros2_ws/install/my_cpp_pkg/lib/my_cpp_pkg/add_two_ints_client
[3.530s] -- Installing: /home/dpeter/ros2_ws/install/my_cpp_pkg/lib/my_cpp_pkg/hardware_status_publisher
[3.531s] -- Set runtime path of "/home/dpeter/ros2_ws/install/my_cpp_pkg/lib/my_cpp_pkg/hardware_status_publisher" to ""
[3.531s] -- Installing: /home/dpeter/ros2_ws/install/my_cpp_pkg/share/ament_index/resource_index/package_run_dependencies/my_cpp_pkg
[3.531s] -- Installing: /home/dpeter/ros2_ws/install/my_cpp_pkg/share/ament_index/resource_index/parent_prefix_path/my_cpp_pkg
[3.531s] -- Up-to-date: /home/dpeter/ros2_ws/install/my_cpp_pkg/share/my_cpp_pkg/environment/ament_prefix_path.sh
[3.531s] -- Installing: /home/dpeter/ros2_ws/install/my_cpp_pkg/share/my_cpp_pkg/environment/ament_prefix_path.dsv
[3.531s] -- Up-to-date: /home/dpeter/ros2_ws/install/my_cpp_pkg/share/my_cpp_pkg/environment/path.sh
[3.531s] -- Installing: /home/dpeter/ros2_ws/install/my_cpp_pkg/share/my_cpp_pkg/environment/path.dsv
[3.532s] -- Up-to-date: /home/dpeter/ros2_ws/install/my_cpp_pkg/share/my_cpp_pkg/local_setup.bash
[3.532s] -- Up-to-date: /home/dpeter/ros2_ws/install/my_cpp_pkg/share/my_cpp_pkg/local_setup.sh
[3.532s] -- Up-to-date: /home/dpeter/ros2_ws/install/my_cpp_pkg/share/my_cpp_pkg/local_setup.zsh
[3.532s] -- Installing: /home/dpeter/ros2_ws/install/my_cpp_pkg/share/my_cpp_pkg/local_setup.dsv
[3.532s] -- Installing: /home/dpeter/ros2_ws/install/my_cpp_pkg/share/my_cpp_pkg/package.dsv
[3.532s] -- Up-to-date: /home/dpeter/ros2_ws/install/my_cpp_pkg/share/ament_index/resource_index/packages/my_cpp_pkg
[3.532s] -- Up-to-date: /home/dpeter/ros2_ws/install/my_cpp_pkg/share/my_cpp_pkg/cmake/my_cpp_pkgConfig.cmake
[3.532s] -- Up-to-date: /home/dpeter/ros2_ws/install/my_cpp_pkg/share/my_cpp_pkg/cmake/my_cpp_pkgConfig-version.cmake
[3.532s] -- Installing: /home/dpeter/ros2_ws/install/my_cpp_pkg/share/my_cpp_pkg/package.xml
[3.535s] Invoked command in '/home/dpeter/ros2_ws/build/my_cpp_pkg' returned '0': CMAKE_PREFIX_PATH=${CMAKE_PREFIX_PATH}:/home/dpeter/ros2_ws/install/my_py_pkg:/opt/ros/foxy /usr/bin/cmake --install /home/dpeter/ros2_ws/build/my_cpp_pkg
