[1.091s] Invoking command in '/home/dpeter/ros2_ws/build/turtlesim_catch_them_all': PYTHONPATH=/home/dpeter/ros2_ws/install/turtlesim_catch_them_all/lib/python3.8/site-packages:${PYTHONPATH} /usr/bin/python3 setup.py develop --prefix /home/dpeter/ros2_ws/install/turtlesim_catch_them_all --uninstall --editable --build-directory /home/dpeter/ros2_ws/build/turtlesim_catch_them_all/build
[1.452s] running develop
[1.706s] Invoked command in '/home/dpeter/ros2_ws/build/turtlesim_catch_them_all' returned '0': PYTHONPATH=/home/dpeter/ros2_ws/install/turtlesim_catch_them_all/lib/python3.8/site-packages:${PYTHONPATH} /usr/bin/python3 setup.py develop --prefix /home/dpeter/ros2_ws/install/turtlesim_catch_them_all --uninstall --editable --build-directory /home/dpeter/ros2_ws/build/turtlesim_catch_them_all/build
[1.707s] Invoking command in '/home/dpeter/ros2_ws/src/turtlesim_catch_them_all': PYTHONPATH=/home/dpeter/ros2_ws/install/turtlesim_catch_them_all/lib/python3.8/site-packages:${PYTHONPATH} /usr/bin/python3 setup.py egg_info --egg-base ../../build/turtlesim_catch_them_all build --build-base /home/dpeter/ros2_ws/build/turtlesim_catch_them_all/build install --prefix /home/dpeter/ros2_ws/install/turtlesim_catch_them_all --record /home/dpeter/ros2_ws/build/turtlesim_catch_them_all/install.log --single-version-externally-managed
[2.063s] running egg_info
[2.064s] writing ../../build/turtlesim_catch_them_all/turtlesim_catch_them_all.egg-info/PKG-INFO
[2.064s] writing dependency_links to ../../build/turtlesim_catch_them_all/turtlesim_catch_them_all.egg-info/dependency_links.txt
[2.064s] writing entry points to ../../build/turtlesim_catch_them_all/turtlesim_catch_them_all.egg-info/entry_points.txt
[2.064s] writing requirements to ../../build/turtlesim_catch_them_all/turtlesim_catch_them_all.egg-info/requires.txt
[2.065s] writing top-level names to ../../build/turtlesim_catch_them_all/turtlesim_catch_them_all.egg-info/top_level.txt
[2.112s] reading manifest file '../../build/turtlesim_catch_them_all/turtlesim_catch_them_all.egg-info/SOURCES.txt'
[2.113s] writing manifest file '../../build/turtlesim_catch_them_all/turtlesim_catch_them_all.egg-info/SOURCES.txt'
[2.113s] running build
[2.113s] running build_py
[2.113s] copying turtlesim_catch_them_all/turtle_controller.py -> /home/dpeter/ros2_ws/build/turtlesim_catch_them_all/build/lib/turtlesim_catch_them_all
[2.113s] running install
[2.114s] running install_lib
[2.115s] copying /home/dpeter/ros2_ws/build/turtlesim_catch_them_all/build/lib/turtlesim_catch_them_all/turtle_controller.py -> /home/dpeter/ros2_ws/install/turtlesim_catch_them_all/lib/python3.8/site-packages/turtlesim_catch_them_all
[2.116s] byte-compiling /home/dpeter/ros2_ws/install/turtlesim_catch_them_all/lib/python3.8/site-packages/turtlesim_catch_them_all/turtle_controller.py to turtle_controller.cpython-38.pyc
[2.118s] running install_data
[2.118s] running install_egg_info
[2.120s] removing '/home/dpeter/ros2_ws/install/turtlesim_catch_them_all/lib/python3.8/site-packages/turtlesim_catch_them_all-0.0.0-py3.8.egg-info' (and everything under it)
[2.121s] Copying ../../build/turtlesim_catch_them_all/turtlesim_catch_them_all.egg-info to /home/dpeter/ros2_ws/install/turtlesim_catch_them_all/lib/python3.8/site-packages/turtlesim_catch_them_all-0.0.0-py3.8.egg-info
[2.122s] running install_scripts
[2.144s] Installing turtlesim_controller script to /home/dpeter/ros2_ws/install/turtlesim_catch_them_all/lib/turtlesim_catch_them_all
[2.144s] writing list of installed files to '/home/dpeter/ros2_ws/build/turtlesim_catch_them_all/install.log'
[2.172s] Invoked command in '/home/dpeter/ros2_ws/src/turtlesim_catch_them_all' returned '0': PYTHONPATH=/home/dpeter/ros2_ws/install/turtlesim_catch_them_all/lib/python3.8/site-packages:${PYTHONPATH} /usr/bin/python3 setup.py egg_info --egg-base ../../build/turtlesim_catch_them_all build --build-base /home/dpeter/ros2_ws/build/turtlesim_catch_them_all/build install --prefix /home/dpeter/ros2_ws/install/turtlesim_catch_them_all --record /home/dpeter/ros2_ws/build/turtlesim_catch_them_all/install.log --single-version-externally-managed
