[0.809s] Invoking command in '/home/dpeter/ros2_ws/src/my_py_pkg': PYTHONPATH=/home/dpeter/ros2_ws/install/my_py_pkg/lib/python3.8/site-packages:${PYTHONPATH} /usr/bin/python3 setup.py egg_info --egg-base ../../build/my_py_pkg build --build-base /home/dpeter/ros2_ws/build/my_py_pkg/build install --prefix /home/dpeter/ros2_ws/install/my_py_pkg --record /home/dpeter/ros2_ws/build/my_py_pkg/install.log --single-version-externally-managed
[1.077s] running egg_info
[1.078s] writing ../../build/my_py_pkg/my_py_pkg.egg-info/PKG-INFO
[1.078s] writing dependency_links to ../../build/my_py_pkg/my_py_pkg.egg-info/dependency_links.txt
[1.079s] writing entry points to ../../build/my_py_pkg/my_py_pkg.egg-info/entry_points.txt
[1.079s] writing requirements to ../../build/my_py_pkg/my_py_pkg.egg-info/requires.txt
[1.079s] writing top-level names to ../../build/my_py_pkg/my_py_pkg.egg-info/top_level.txt
[1.123s] reading manifest file '../../build/my_py_pkg/my_py_pkg.egg-info/SOURCES.txt'
[1.124s] writing manifest file '../../build/my_py_pkg/my_py_pkg.egg-info/SOURCES.txt'
[1.125s] running build
[1.125s] running build_py
[1.125s] copying my_py_pkg/my_first_node.py -> /home/dpeter/ros2_ws/build/my_py_pkg/build/lib/my_py_pkg
[1.125s] running install
[1.126s] running install_lib
[1.127s] copying /home/dpeter/ros2_ws/build/my_py_pkg/build/lib/my_py_pkg/my_first_node.py -> /home/dpeter/ros2_ws/install/my_py_pkg/lib/python3.8/site-packages/my_py_pkg
[1.128s] byte-compiling /home/dpeter/ros2_ws/install/my_py_pkg/lib/python3.8/site-packages/my_py_pkg/my_first_node.py to my_first_node.cpython-38.pyc
[1.129s] running install_data
[1.130s] running install_egg_info
[1.132s] removing '/home/dpeter/ros2_ws/install/my_py_pkg/lib/python3.8/site-packages/my_py_pkg-0.0.0-py3.8.egg-info' (and everything under it)
[1.132s] Copying ../../build/my_py_pkg/my_py_pkg.egg-info to /home/dpeter/ros2_ws/install/my_py_pkg/lib/python3.8/site-packages/my_py_pkg-0.0.0-py3.8.egg-info
[1.133s] running install_scripts
[1.155s] Installing py_node script to /home/dpeter/ros2_ws/install/my_py_pkg/lib/my_py_pkg
[1.155s] writing list of installed files to '/home/dpeter/ros2_ws/build/my_py_pkg/install.log'
[1.179s] Invoked command in '/home/dpeter/ros2_ws/src/my_py_pkg' returned '0': PYTHONPATH=/home/dpeter/ros2_ws/install/my_py_pkg/lib/python3.8/site-packages:${PYTHONPATH} /usr/bin/python3 setup.py egg_info --egg-base ../../build/my_py_pkg build --build-base /home/dpeter/ros2_ws/build/my_py_pkg/build install --prefix /home/dpeter/ros2_ws/install/my_py_pkg --record /home/dpeter/ros2_ws/build/my_py_pkg/install.log --single-version-externally-managed
