[0.024s] Invoking command in '/home/dpeter/ros2_ws/build/my_robot_interfaces': CMAKE_PREFIX_PATH=${CMAKE_PREFIX_PATH}:/home/dpeter/ros2_ws/install/turtlesim_catch_them_all:/home/dpeter/ros2_ws/install/my_py_pkg:/opt/ros/foxy /usr/bin/cmake --build /home/dpeter/ros2_ws/build/my_robot_interfaces -- -j8 -l8
[0.093s] [  1%] Built target my_robot_interfaces__cpp
[0.094s] [ 12%] Built target my_robot_interfaces__rosidl_generator_c
[0.133s] [ 23%] Built target my_robot_interfaces__rosidl_typesupport_c
[0.133s] [ 34%] Built target my_robot_interfaces__rosidl_typesupport_introspection_c
[0.135s] [ 45%] Built target my_robot_interfaces__rosidl_typesupport_cpp
[0.135s] [ 56%] Built target my_robot_interfaces__rosidl_typesupport_introspection_cpp
[0.137s] [ 67%] Built target my_robot_interfaces__rosidl_typesupport_fastrtps_cpp
[0.173s] [ 78%] Built target my_robot_interfaces__rosidl_typesupport_fastrtps_c
[0.197s] [ 78%] Built target my_robot_interfaces
[0.224s] [ 80%] Built target my_robot_interfaces__py
[0.260s] [ 89%] Built target my_robot_interfaces__python
[0.293s] [100%] Built target my_robot_interfaces__rosidl_typesupport_c__pyext
[0.293s] [100%] Built target my_robot_interfaces__rosidl_typesupport_fastrtps_c__pyext
[0.293s] [100%] Built target my_robot_interfaces__rosidl_typesupport_introspection_c__pyext
[0.308s] Invoked command in '/home/dpeter/ros2_ws/build/my_robot_interfaces' returned '0': CMAKE_PREFIX_PATH=${CMAKE_PREFIX_PATH}:/home/dpeter/ros2_ws/install/turtlesim_catch_them_all:/home/dpeter/ros2_ws/install/my_py_pkg:/opt/ros/foxy /usr/bin/cmake --build /home/dpeter/ros2_ws/build/my_robot_interfaces -- -j8 -l8
[0.418s] Invoking command in '/home/dpeter/ros2_ws/build/my_robot_interfaces': CMAKE_PREFIX_PATH=${CMAKE_PREFIX_PATH}:/home/dpeter/ros2_ws/install/turtlesim_catch_them_all:/home/dpeter/ros2_ws/install/my_py_pkg:/opt/ros/foxy /usr/bin/cmake --install /home/dpeter/ros2_ws/build/my_robot_interfaces
[0.429s] -- Install configuration: ""
[0.430s] -- Up-to-date: /home/dpeter/ros2_ws/install/my_robot_interfaces/share/ament_index/resource_index/rosidl_interfaces/my_robot_interfaces
[0.430s] -- Up-to-date: /home/dpeter/ros2_ws/install/my_robot_interfaces/include/my_robot_interfaces
[0.430s] -- Up-to-date: /home/dpeter/ros2_ws/install/my_robot_interfaces/include/my_robot_interfaces/srv
[0.430s] -- Up-to-date: /home/dpeter/ros2_ws/install/my_robot_interfaces/include/my_robot_interfaces/srv/compute_rectangle_area.h
[0.431s] -- Up-to-date: /home/dpeter/ros2_ws/install/my_robot_interfaces/include/my_robot_interfaces/srv/detail
[0.431s] -- Up-to-date: /home/dpeter/ros2_ws/install/my_robot_interfaces/include/my_robot_interfaces/srv/detail/compute_rectangle_area__functions.h
[0.431s] -- Up-to-date: /home/dpeter/ros2_ws/install/my_robot_interfaces/include/my_robot_interfaces/srv/detail/compute_rectangle_area__type_support.h
[0.431s] -- Up-to-date: /home/dpeter/ros2_ws/install/my_robot_interfaces/include/my_robot_interfaces/srv/detail/compute_rectangle_area__struct.h
[0.431s] -- Up-to-date: /home/dpeter/ros2_ws/install/my_robot_interfaces/include/my_robot_interfaces/srv/detail/compute_rectangle_area__functions.c
[0.431s] -- Up-to-date: /home/dpeter/ros2_ws/install/my_robot_interfaces/include/my_robot_interfaces/msg
[0.431s] -- Up-to-date: /home/dpeter/ros2_ws/install/my_robot_interfaces/include/my_robot_interfaces/msg/hardware_status.h
[0.431s] -- Up-to-date: /home/dpeter/ros2_ws/install/my_robot_interfaces/include/my_robot_interfaces/msg/rosidl_generator_c__visibility_control.h
[0.431s] -- Up-to-date: /home/dpeter/ros2_ws/install/my_robot_interfaces/include/my_robot_interfaces/msg/detail
[0.432s] -- Up-to-date: /home/dpeter/ros2_ws/install/my_robot_interfaces/include/my_robot_interfaces/msg/detail/turtle_array__functions.h
[0.432s] -- Up-to-date: /home/dpeter/ros2_ws/install/my_robot_interfaces/include/my_robot_interfaces/msg/detail/hardware_status__functions.h
[0.432s] -- Up-to-date: /home/dpeter/ros2_ws/install/my_robot_interfaces/include/my_robot_interfaces/msg/detail/turtle__functions.c
[0.432s] -- Up-to-date: /home/dpeter/ros2_ws/install/my_robot_interfaces/include/my_robot_interfaces/msg/detail/hardware_status__type_support.h
[0.432s] -- Up-to-date: /home/dpeter/ros2_ws/install/my_robot_interfaces/include/my_robot_interfaces/msg/detail/turtle__type_support.h
[0.432s] -- Up-to-date: /home/dpeter/ros2_ws/install/my_robot_interfaces/include/my_robot_interfaces/msg/detail/turtle__struct.h
[0.432s] -- Up-to-date: /home/dpeter/ros2_ws/install/my_robot_interfaces/include/my_robot_interfaces/msg/detail/turtle_array__type_support.h
[0.432s] -- Up-to-date: /home/dpeter/ros2_ws/install/my_robot_interfaces/include/my_robot_interfaces/msg/detail/turtle__functions.h
[0.433s] -- Up-to-date: /home/dpeter/ros2_ws/install/my_robot_interfaces/include/my_robot_interfaces/msg/detail/hardware_status__struct.h
[0.433s] -- Up-to-date: /home/dpeter/ros2_ws/install/my_robot_interfaces/include/my_robot_interfaces/msg/detail/turtle_array__struct.h
[0.433s] -- Up-to-date: /home/dpeter/ros2_ws/install/my_robot_interfaces/include/my_robot_interfaces/msg/detail/hardware_status__functions.c
[0.433s] -- Up-to-date: /home/dpeter/ros2_ws/install/my_robot_interfaces/include/my_robot_interfaces/msg/detail/turtle_array__functions.c
[0.433s] -- Up-to-date: /home/dpeter/ros2_ws/install/my_robot_interfaces/include/my_robot_interfaces/msg/turtle.h
[0.433s] -- Up-to-date: /home/dpeter/ros2_ws/install/my_robot_interfaces/include/my_robot_interfaces/msg/turtle_array.h
[0.433s] -- Up-to-date: /home/dpeter/ros2_ws/install/my_robot_interfaces/share/my_robot_interfaces/environment/library_path.sh
[0.434s] -- Up-to-date: /home/dpeter/ros2_ws/install/my_robot_interfaces/share/my_robot_interfaces/environment/library_path.dsv
[0.434s] -- Up-to-date: /home/dpeter/ros2_ws/install/my_robot_interfaces/lib/libmy_robot_interfaces__rosidl_generator_c.so
[0.434s] -- Up-to-date: /home/dpeter/ros2_ws/install/my_robot_interfaces/include/my_robot_interfaces
[0.434s] -- Up-to-date: /home/dpeter/ros2_ws/install/my_robot_interfaces/include/my_robot_interfaces/srv
[0.434s] -- Up-to-date: /home/dpeter/ros2_ws/install/my_robot_interfaces/include/my_robot_interfaces/srv/detail
[0.434s] -- Up-to-date: /home/dpeter/ros2_ws/install/my_robot_interfaces/include/my_robot_interfaces/srv/detail/compute_rectangle_area__rosidl_typesupport_fastrtps_c.h
[0.434s] -- Up-to-date: /home/dpeter/ros2_ws/install/my_robot_interfaces/include/my_robot_interfaces/msg
[0.434s] -- Up-to-date: /home/dpeter/ros2_ws/install/my_robot_interfaces/include/my_robot_interfaces/msg/rosidl_typesupport_fastrtps_c__visibility_control.h
[0.435s] -- Up-to-date: /home/dpeter/ros2_ws/install/my_robot_interfaces/include/my_robot_interfaces/msg/detail
[0.435s] -- Up-to-date: /home/dpeter/ros2_ws/install/my_robot_interfaces/include/my_robot_interfaces/msg/detail/turtle_array__rosidl_typesupport_fastrtps_c.h
[0.435s] -- Up-to-date: /home/dpeter/ros2_ws/install/my_robot_interfaces/include/my_robot_interfaces/msg/detail/hardware_status__rosidl_typesupport_fastrtps_c.h
[0.435s] -- Up-to-date: /home/dpeter/ros2_ws/install/my_robot_interfaces/include/my_robot_interfaces/msg/detail/turtle__rosidl_typesupport_fastrtps_c.h
[0.435s] -- Up-to-date: /home/dpeter/ros2_ws/install/my_robot_interfaces/lib/libmy_robot_interfaces__rosidl_typesupport_fastrtps_c.so
[0.435s] -- Up-to-date: /home/dpeter/ros2_ws/install/my_robot_interfaces/include/my_robot_interfaces
[0.435s] -- Up-to-date: /home/dpeter/ros2_ws/install/my_robot_interfaces/include/my_robot_interfaces/srv
[0.435s] -- Up-to-date: /home/dpeter/ros2_ws/install/my_robot_interfaces/include/my_robot_interfaces/srv/detail
[0.435s] -- Up-to-date: /home/dpeter/ros2_ws/install/my_robot_interfaces/include/my_robot_interfaces/srv/detail/dds_fastrtps
[0.435s] -- Up-to-date: /home/dpeter/ros2_ws/install/my_robot_interfaces/include/my_robot_interfaces/srv/detail/compute_rectangle_area__rosidl_typesupport_fastrtps_cpp.hpp
[0.436s] -- Up-to-date: /home/dpeter/ros2_ws/install/my_robot_interfaces/include/my_robot_interfaces/msg
[0.436s] -- Up-to-date: /home/dpeter/ros2_ws/install/my_robot_interfaces/include/my_robot_interfaces/msg/rosidl_typesupport_fastrtps_cpp__visibility_control.h
[0.436s] -- Up-to-date: /home/dpeter/ros2_ws/install/my_robot_interfaces/include/my_robot_interfaces/msg/detail
[0.436s] -- Up-to-date: /home/dpeter/ros2_ws/install/my_robot_interfaces/include/my_robot_interfaces/msg/detail/hardware_status__rosidl_typesupport_fastrtps_cpp.hpp
[0.436s] -- Up-to-date: /home/dpeter/ros2_ws/install/my_robot_interfaces/include/my_robot_interfaces/msg/detail/dds_fastrtps
[0.436s] -- Up-to-date: /home/dpeter/ros2_ws/install/my_robot_interfaces/include/my_robot_interfaces/msg/detail/turtle__rosidl_typesupport_fastrtps_cpp.hpp
[0.436s] -- Up-to-date: /home/dpeter/ros2_ws/install/my_robot_interfaces/include/my_robot_interfaces/msg/detail/turtle_array__rosidl_typesupport_fastrtps_cpp.hpp
[0.437s] -- Up-to-date: /home/dpeter/ros2_ws/install/my_robot_interfaces/lib/libmy_robot_interfaces__rosidl_typesupport_fastrtps_cpp.so
[0.437s] -- Up-to-date: /home/dpeter/ros2_ws/install/my_robot_interfaces/include/my_robot_interfaces
[0.437s] -- Up-to-date: /home/dpeter/ros2_ws/install/my_robot_interfaces/include/my_robot_interfaces/srv
[0.437s] -- Up-to-date: /home/dpeter/ros2_ws/install/my_robot_interfaces/include/my_robot_interfaces/srv/detail
[0.437s] -- Up-to-date: /home/dpeter/ros2_ws/install/my_robot_interfaces/include/my_robot_interfaces/srv/detail/compute_rectangle_area__rosidl_typesupport_introspection_c.h
[0.437s] -- Up-to-date: /home/dpeter/ros2_ws/install/my_robot_interfaces/include/my_robot_interfaces/srv/detail/compute_rectangle_area__type_support.c
[0.437s] -- Up-to-date: /home/dpeter/ros2_ws/install/my_robot_interfaces/include/my_robot_interfaces/msg
[0.437s] -- Up-to-date: /home/dpeter/ros2_ws/install/my_robot_interfaces/include/my_robot_interfaces/msg/rosidl_typesupport_introspection_c__visibility_control.h
[0.438s] -- Up-to-date: /home/dpeter/ros2_ws/install/my_robot_interfaces/include/my_robot_interfaces/msg/detail
[0.438s] -- Up-to-date: /home/dpeter/ros2_ws/install/my_robot_interfaces/include/my_robot_interfaces/msg/detail/turtle__rosidl_typesupport_introspection_c.h
[0.438s] -- Up-to-date: /home/dpeter/ros2_ws/install/my_robot_interfaces/include/my_robot_interfaces/msg/detail/hardware_status__type_support.c
[0.438s] -- Up-to-date: /home/dpeter/ros2_ws/install/my_robot_interfaces/include/my_robot_interfaces/msg/detail/turtle__type_support.c
[0.438s] -- Up-to-date: /home/dpeter/ros2_ws/install/my_robot_interfaces/include/my_robot_interfaces/msg/detail/turtle_array__rosidl_typesupport_introspection_c.h
[0.438s] -- Up-to-date: /home/dpeter/ros2_ws/install/my_robot_interfaces/include/my_robot_interfaces/msg/detail/hardware_status__rosidl_typesupport_introspection_c.h
[0.438s] -- Up-to-date: /home/dpeter/ros2_ws/install/my_robot_interfaces/include/my_robot_interfaces/msg/detail/turtle_array__type_support.c
[0.438s] -- Up-to-date: /home/dpeter/ros2_ws/install/my_robot_interfaces/lib/libmy_robot_interfaces__rosidl_typesupport_introspection_c.so
[0.438s] -- Up-to-date: /home/dpeter/ros2_ws/install/my_robot_interfaces/lib/libmy_robot_interfaces__rosidl_typesupport_c.so
[0.439s] -- Up-to-date: /home/dpeter/ros2_ws/install/my_robot_interfaces/include/my_robot_interfaces
[0.439s] -- Up-to-date: /home/dpeter/ros2_ws/install/my_robot_interfaces/include/my_robot_interfaces/srv
[0.439s] -- Up-to-date: /home/dpeter/ros2_ws/install/my_robot_interfaces/include/my_robot_interfaces/srv/detail
[0.439s] -- Up-to-date: /home/dpeter/ros2_ws/install/my_robot_interfaces/include/my_robot_interfaces/srv/detail/compute_rectangle_area__traits.hpp
[0.439s] -- Up-to-date: /home/dpeter/ros2_ws/install/my_robot_interfaces/include/my_robot_interfaces/srv/detail/compute_rectangle_area__struct.hpp
[0.439s] -- Up-to-date: /home/dpeter/ros2_ws/install/my_robot_interfaces/include/my_robot_interfaces/srv/detail/compute_rectangle_area__builder.hpp
[0.439s] -- Up-to-date: /home/dpeter/ros2_ws/install/my_robot_interfaces/include/my_robot_interfaces/srv/compute_rectangle_area.hpp
[0.439s] -- Up-to-date: /home/dpeter/ros2_ws/install/my_robot_interfaces/include/my_robot_interfaces/msg
[0.439s] -- Up-to-date: /home/dpeter/ros2_ws/install/my_robot_interfaces/include/my_robot_interfaces/msg/turtle.hpp
[0.439s] -- Up-to-date: /home/dpeter/ros2_ws/install/my_robot_interfaces/include/my_robot_interfaces/msg/hardware_status.hpp
[0.440s] -- Up-to-date: /home/dpeter/ros2_ws/install/my_robot_interfaces/include/my_robot_interfaces/msg/detail
[0.440s] -- Up-to-date: /home/dpeter/ros2_ws/install/my_robot_interfaces/include/my_robot_interfaces/msg/detail/turtle_array__traits.hpp
[0.440s] -- Up-to-date: /home/dpeter/ros2_ws/install/my_robot_interfaces/include/my_robot_interfaces/msg/detail/turtle__builder.hpp
[0.440s] -- Up-to-date: /home/dpeter/ros2_ws/install/my_robot_interfaces/include/my_robot_interfaces/msg/detail/hardware_status__struct.hpp
[0.440s] -- Up-to-date: /home/dpeter/ros2_ws/install/my_robot_interfaces/include/my_robot_interfaces/msg/detail/hardware_status__traits.hpp
[0.440s] -- Up-to-date: /home/dpeter/ros2_ws/install/my_robot_interfaces/include/my_robot_interfaces/msg/detail/turtle__struct.hpp
[0.440s] -- Up-to-date: /home/dpeter/ros2_ws/install/my_robot_interfaces/include/my_robot_interfaces/msg/detail/turtle_array__struct.hpp
[0.440s] -- Up-to-date: /home/dpeter/ros2_ws/install/my_robot_interfaces/include/my_robot_interfaces/msg/detail/hardware_status__builder.hpp
[0.440s] -- Up-to-date: /home/dpeter/ros2_ws/install/my_robot_interfaces/include/my_robot_interfaces/msg/detail/turtle__traits.hpp
[0.440s] -- Up-to-date: /home/dpeter/ros2_ws/install/my_robot_interfaces/include/my_robot_interfaces/msg/detail/turtle_array__builder.hpp
[0.441s] -- Up-to-date: /home/dpeter/ros2_ws/install/my_robot_interfaces/include/my_robot_interfaces/msg/turtle_array.hpp
[0.441s] -- Up-to-date: /home/dpeter/ros2_ws/install/my_robot_interfaces/include/my_robot_interfaces
[0.441s] -- Up-to-date: /home/dpeter/ros2_ws/install/my_robot_interfaces/include/my_robot_interfaces/srv
[0.441s] -- Up-to-date: /home/dpeter/ros2_ws/install/my_robot_interfaces/include/my_robot_interfaces/srv/detail
[0.441s] -- Up-to-date: /home/dpeter/ros2_ws/install/my_robot_interfaces/include/my_robot_interfaces/srv/detail/compute_rectangle_area__rosidl_typesupport_introspection_cpp.hpp
[0.441s] -- Up-to-date: /home/dpeter/ros2_ws/install/my_robot_interfaces/include/my_robot_interfaces/srv/detail/compute_rectangle_area__type_support.cpp
[0.441s] -- Up-to-date: /home/dpeter/ros2_ws/install/my_robot_interfaces/include/my_robot_interfaces/msg
[0.441s] -- Up-to-date: /home/dpeter/ros2_ws/install/my_robot_interfaces/include/my_robot_interfaces/msg/detail
[0.441s] -- Up-to-date: /home/dpeter/ros2_ws/install/my_robot_interfaces/include/my_robot_interfaces/msg/detail/turtle_array__type_support.cpp
[0.441s] -- Up-to-date: /home/dpeter/ros2_ws/install/my_robot_interfaces/include/my_robot_interfaces/msg/detail/hardware_status__type_support.cpp
[0.441s] -- Up-to-date: /home/dpeter/ros2_ws/install/my_robot_interfaces/include/my_robot_interfaces/msg/detail/turtle__type_support.cpp
[0.442s] -- Up-to-date: /home/dpeter/ros2_ws/install/my_robot_interfaces/include/my_robot_interfaces/msg/detail/turtle__rosidl_typesupport_introspection_cpp.hpp
[0.442s] -- Up-to-date: /home/dpeter/ros2_ws/install/my_robot_interfaces/include/my_robot_interfaces/msg/detail/turtle_array__rosidl_typesupport_introspection_cpp.hpp
[0.442s] -- Up-to-date: /home/dpeter/ros2_ws/install/my_robot_interfaces/include/my_robot_interfaces/msg/detail/hardware_status__rosidl_typesupport_introspection_cpp.hpp
[0.442s] -- Up-to-date: /home/dpeter/ros2_ws/install/my_robot_interfaces/lib/libmy_robot_interfaces__rosidl_typesupport_introspection_cpp.so
[0.442s] -- Up-to-date: /home/dpeter/ros2_ws/install/my_robot_interfaces/lib/libmy_robot_interfaces__rosidl_typesupport_cpp.so
[0.442s] -- Up-to-date: /home/dpeter/ros2_ws/install/my_robot_interfaces/share/my_robot_interfaces/environment/pythonpath.sh
[0.442s] -- Up-to-date: /home/dpeter/ros2_ws/install/my_robot_interfaces/share/my_robot_interfaces/environment/pythonpath.dsv
[0.442s] -- Up-to-date: /home/dpeter/ros2_ws/install/my_robot_interfaces/lib/python3.8/site-packages/my_robot_interfaces/__init__.py
[0.485s] -- Up-to-date: /home/dpeter/ros2_ws/install/my_robot_interfaces/lib/python3.8/site-packages/my_robot_interfaces/msg
[0.486s] -- Up-to-date: /home/dpeter/ros2_ws/install/my_robot_interfaces/lib/python3.8/site-packages/my_robot_interfaces/msg/_turtle_array_s.c
[0.486s] -- Up-to-date: /home/dpeter/ros2_ws/install/my_robot_interfaces/lib/python3.8/site-packages/my_robot_interfaces/msg/_turtle_s.c
[0.486s] -- Up-to-date: /home/dpeter/ros2_ws/install/my_robot_interfaces/lib/python3.8/site-packages/my_robot_interfaces/msg/_hardware_status.py
[0.486s] -- Up-to-date: /home/dpeter/ros2_ws/install/my_robot_interfaces/lib/python3.8/site-packages/my_robot_interfaces/msg/_turtle_array.py
[0.486s] -- Up-to-date: /home/dpeter/ros2_ws/install/my_robot_interfaces/lib/python3.8/site-packages/my_robot_interfaces/msg/_hardware_status_s.c
[0.486s] -- Up-to-date: /home/dpeter/ros2_ws/install/my_robot_interfaces/lib/python3.8/site-packages/my_robot_interfaces/msg/__init__.py
[0.486s] -- Up-to-date: /home/dpeter/ros2_ws/install/my_robot_interfaces/lib/python3.8/site-packages/my_robot_interfaces/msg/_turtle.py
[0.486s] -- Up-to-date: /home/dpeter/ros2_ws/install/my_robot_interfaces/lib/python3.8/site-packages/my_robot_interfaces/srv
[0.487s] -- Up-to-date: /home/dpeter/ros2_ws/install/my_robot_interfaces/lib/python3.8/site-packages/my_robot_interfaces/srv/_compute_rectangle_area.py
[0.487s] -- Up-to-date: /home/dpeter/ros2_ws/install/my_robot_interfaces/lib/python3.8/site-packages/my_robot_interfaces/srv/__init__.py
[0.487s] -- Up-to-date: /home/dpeter/ros2_ws/install/my_robot_interfaces/lib/python3.8/site-packages/my_robot_interfaces/srv/_compute_rectangle_area_s.c
[0.487s] -- Up-to-date: /home/dpeter/ros2_ws/install/my_robot_interfaces/lib/python3.8/site-packages/my_robot_interfaces/my_robot_interfaces_s__rosidl_typesupport_fastrtps_c.cpython-38-x86_64-linux-gnu.so
[0.487s] -- Up-to-date: /home/dpeter/ros2_ws/install/my_robot_interfaces/lib/python3.8/site-packages/my_robot_interfaces/my_robot_interfaces_s__rosidl_typesupport_introspection_c.cpython-38-x86_64-linux-gnu.so
[0.488s] -- Up-to-date: /home/dpeter/ros2_ws/install/my_robot_interfaces/lib/python3.8/site-packages/my_robot_interfaces/my_robot_interfaces_s__rosidl_typesupport_c.cpython-38-x86_64-linux-gnu.so
[0.489s] -- Up-to-date: /home/dpeter/ros2_ws/install/my_robot_interfaces/lib/libmy_robot_interfaces__python.so
[0.490s] -- Up-to-date: /home/dpeter/ros2_ws/install/my_robot_interfaces/share/my_robot_interfaces/msg/HardwareStatus.idl
[0.490s] -- Up-to-date: /home/dpeter/ros2_ws/install/my_robot_interfaces/share/my_robot_interfaces/msg/Turtle.idl
[0.490s] -- Up-to-date: /home/dpeter/ros2_ws/install/my_robot_interfaces/share/my_robot_interfaces/msg/TurtleArray.idl
[0.490s] -- Up-to-date: /home/dpeter/ros2_ws/install/my_robot_interfaces/share/my_robot_interfaces/srv/ComputeRectangleArea.idl
[0.490s] -- Up-to-date: /home/dpeter/ros2_ws/install/my_robot_interfaces/share/my_robot_interfaces/msg/HardwareStatus.msg
[0.491s] -- Up-to-date: /home/dpeter/ros2_ws/install/my_robot_interfaces/share/my_robot_interfaces/msg/Turtle.msg
[0.491s] -- Up-to-date: /home/dpeter/ros2_ws/install/my_robot_interfaces/share/my_robot_interfaces/msg/TurtleArray.msg
[0.491s] -- Up-to-date: /home/dpeter/ros2_ws/install/my_robot_interfaces/share/my_robot_interfaces/srv/ComputeRectangleArea.srv
[0.491s] -- Up-to-date: /home/dpeter/ros2_ws/install/my_robot_interfaces/share/my_robot_interfaces/srv/ComputeRectangleArea_Request.msg
[0.491s] -- Up-to-date: /home/dpeter/ros2_ws/install/my_robot_interfaces/share/my_robot_interfaces/srv/ComputeRectangleArea_Response.msg
[0.491s] -- Up-to-date: /home/dpeter/ros2_ws/install/my_robot_interfaces/share/ament_index/resource_index/package_run_dependencies/my_robot_interfaces
[0.491s] -- Up-to-date: /home/dpeter/ros2_ws/install/my_robot_interfaces/share/ament_index/resource_index/parent_prefix_path/my_robot_interfaces
[0.491s] -- Up-to-date: /home/dpeter/ros2_ws/install/my_robot_interfaces/share/my_robot_interfaces/environment/ament_prefix_path.sh
[0.492s] -- Up-to-date: /home/dpeter/ros2_ws/install/my_robot_interfaces/share/my_robot_interfaces/environment/ament_prefix_path.dsv
[0.492s] -- Up-to-date: /home/dpeter/ros2_ws/install/my_robot_interfaces/share/my_robot_interfaces/environment/path.sh
[0.492s] -- Up-to-date: /home/dpeter/ros2_ws/install/my_robot_interfaces/share/my_robot_interfaces/environment/path.dsv
[0.492s] -- Up-to-date: /home/dpeter/ros2_ws/install/my_robot_interfaces/share/my_robot_interfaces/local_setup.bash
[0.492s] -- Up-to-date: /home/dpeter/ros2_ws/install/my_robot_interfaces/share/my_robot_interfaces/local_setup.sh
[0.492s] -- Up-to-date: /home/dpeter/ros2_ws/install/my_robot_interfaces/share/my_robot_interfaces/local_setup.zsh
[0.492s] -- Up-to-date: /home/dpeter/ros2_ws/install/my_robot_interfaces/share/my_robot_interfaces/local_setup.dsv
[0.492s] -- Installing: /home/dpeter/ros2_ws/install/my_robot_interfaces/share/my_robot_interfaces/package.dsv
[0.492s] -- Up-to-date: /home/dpeter/ros2_ws/install/my_robot_interfaces/share/ament_index/resource_index/packages/my_robot_interfaces
[0.493s] -- Up-to-date: /home/dpeter/ros2_ws/install/my_robot_interfaces/share/my_robot_interfaces/cmake/my_robot_interfaces__rosidl_generator_cExport.cmake
[0.493s] -- Up-to-date: /home/dpeter/ros2_ws/install/my_robot_interfaces/share/my_robot_interfaces/cmake/my_robot_interfaces__rosidl_generator_cExport-noconfig.cmake
[0.493s] -- Up-to-date: /home/dpeter/ros2_ws/install/my_robot_interfaces/share/my_robot_interfaces/cmake/my_robot_interfaces__rosidl_typesupport_introspection_cExport.cmake
[0.493s] -- Up-to-date: /home/dpeter/ros2_ws/install/my_robot_interfaces/share/my_robot_interfaces/cmake/my_robot_interfaces__rosidl_typesupport_introspection_cExport-noconfig.cmake
[0.493s] -- Up-to-date: /home/dpeter/ros2_ws/install/my_robot_interfaces/share/my_robot_interfaces/cmake/my_robot_interfaces__rosidl_typesupport_cExport.cmake
[0.493s] -- Up-to-date: /home/dpeter/ros2_ws/install/my_robot_interfaces/share/my_robot_interfaces/cmake/my_robot_interfaces__rosidl_typesupport_cExport-noconfig.cmake
[0.493s] -- Up-to-date: /home/dpeter/ros2_ws/install/my_robot_interfaces/share/my_robot_interfaces/cmake/my_robot_interfaces__rosidl_generator_cppExport.cmake
[0.493s] -- Up-to-date: /home/dpeter/ros2_ws/install/my_robot_interfaces/share/my_robot_interfaces/cmake/my_robot_interfaces__rosidl_typesupport_introspection_cppExport.cmake
[0.493s] -- Up-to-date: /home/dpeter/ros2_ws/install/my_robot_interfaces/share/my_robot_interfaces/cmake/my_robot_interfaces__rosidl_typesupport_introspection_cppExport-noconfig.cmake
[0.494s] -- Up-to-date: /home/dpeter/ros2_ws/install/my_robot_interfaces/share/my_robot_interfaces/cmake/my_robot_interfaces__rosidl_typesupport_cppExport.cmake
[0.494s] -- Up-to-date: /home/dpeter/ros2_ws/install/my_robot_interfaces/share/my_robot_interfaces/cmake/my_robot_interfaces__rosidl_typesupport_cppExport-noconfig.cmake
[0.494s] -- Up-to-date: /home/dpeter/ros2_ws/install/my_robot_interfaces/share/my_robot_interfaces/cmake/rosidl_cmake-extras.cmake
[0.494s] -- Up-to-date: /home/dpeter/ros2_ws/install/my_robot_interfaces/share/my_robot_interfaces/cmake/ament_cmake_export_dependencies-extras.cmake
[0.494s] -- Up-to-date: /home/dpeter/ros2_ws/install/my_robot_interfaces/share/my_robot_interfaces/cmake/ament_cmake_export_libraries-extras.cmake
[0.494s] -- Up-to-date: /home/dpeter/ros2_ws/install/my_robot_interfaces/share/my_robot_interfaces/cmake/ament_cmake_export_targets-extras.cmake
[0.494s] -- Up-to-date: /home/dpeter/ros2_ws/install/my_robot_interfaces/share/my_robot_interfaces/cmake/ament_cmake_export_include_directories-extras.cmake
[0.495s] -- Up-to-date: /home/dpeter/ros2_ws/install/my_robot_interfaces/share/my_robot_interfaces/cmake/rosidl_cmake_export_typesupport_libraries-extras.cmake
[0.495s] -- Up-to-date: /home/dpeter/ros2_ws/install/my_robot_interfaces/share/my_robot_interfaces/cmake/rosidl_cmake_export_typesupport_targets-extras.cmake
[0.495s] -- Up-to-date: /home/dpeter/ros2_ws/install/my_robot_interfaces/share/my_robot_interfaces/cmake/my_robot_interfacesConfig.cmake
[0.495s] -- Up-to-date: /home/dpeter/ros2_ws/install/my_robot_interfaces/share/my_robot_interfaces/cmake/my_robot_interfacesConfig-version.cmake
[0.495s] -- Up-to-date: /home/dpeter/ros2_ws/install/my_robot_interfaces/share/my_robot_interfaces/package.xml
[0.499s] Invoked command in '/home/dpeter/ros2_ws/build/my_robot_interfaces' returned '0': CMAKE_PREFIX_PATH=${CMAKE_PREFIX_PATH}:/home/dpeter/ros2_ws/install/turtlesim_catch_them_all:/home/dpeter/ros2_ws/install/my_py_pkg:/opt/ros/foxy /usr/bin/cmake --install /home/dpeter/ros2_ws/build/my_robot_interfaces
