[0.016s] Invoking command in '/home/dpeter/ros2_ws/build/my_cpp_pkg': CMAKE_PREFIX_PATH=${CMAKE_PREFIX_PATH}:/home/dpeter/ros2_ws/install/my_py_pkg:/opt/ros/foxy /usr/bin/cmake --build /home/dpeter/ros2_ws/build/my_cpp_pkg -- -j8 -l8
[0.078s] [ 33%] Built target robot_news_station
[0.080s] [ 58%] Built target add_two_ints_server
[0.080s] [ 66%] Built target smartphone
[0.080s] [ 50%] Built target cpp_node
[0.081s] [ 83%] Built target add_two_ints_client_no_oop
[0.083s] [100%] Built target add_two_ints_client
[0.096s] Invoked command in '/home/dpeter/ros2_ws/build/my_cpp_pkg' returned '0': CMAKE_PREFIX_PATH=${CMAKE_PREFIX_PATH}:/home/dpeter/ros2_ws/install/my_py_pkg:/opt/ros/foxy /usr/bin/cmake --build /home/dpeter/ros2_ws/build/my_cpp_pkg -- -j8 -l8
[0.134s] Invoking command in '/home/dpeter/ros2_ws/build/my_cpp_pkg': CMAKE_PREFIX_PATH=${CMAKE_PREFIX_PATH}:/home/dpeter/ros2_ws/install/my_py_pkg:/opt/ros/foxy /usr/bin/cmake --install /home/dpeter/ros2_ws/build/my_cpp_pkg
[0.141s] -- Install configuration: ""
[0.141s] -- Up-to-date: /home/dpeter/ros2_ws/install/my_cpp_pkg/lib/my_cpp_pkg/cpp_node
[0.141s] -- Up-to-date: /home/dpeter/ros2_ws/install/my_cpp_pkg/lib/my_cpp_pkg/robot_news_station
[0.142s] -- Up-to-date: /home/dpeter/ros2_ws/install/my_cpp_pkg/lib/my_cpp_pkg/smartphone
[0.142s] -- Up-to-date: /home/dpeter/ros2_ws/install/my_cpp_pkg/lib/my_cpp_pkg/add_two_ints_server
[0.143s] -- Up-to-date: /home/dpeter/ros2_ws/install/my_cpp_pkg/lib/my_cpp_pkg/add_two_ints_client_no_oop
[0.143s] -- Up-to-date: /home/dpeter/ros2_ws/install/my_cpp_pkg/lib/my_cpp_pkg/add_two_ints_client
[0.143s] -- Up-to-date: /home/dpeter/ros2_ws/install/my_cpp_pkg/share/ament_index/resource_index/package_run_dependencies/my_cpp_pkg
[0.143s] -- Up-to-date: /home/dpeter/ros2_ws/install/my_cpp_pkg/share/ament_index/resource_index/parent_prefix_path/my_cpp_pkg
[0.144s] -- Up-to-date: /home/dpeter/ros2_ws/install/my_cpp_pkg/share/my_cpp_pkg/environment/ament_prefix_path.sh
[0.144s] -- Up-to-date: /home/dpeter/ros2_ws/install/my_cpp_pkg/share/my_cpp_pkg/environment/ament_prefix_path.dsv
[0.144s] -- Up-to-date: /home/dpeter/ros2_ws/install/my_cpp_pkg/share/my_cpp_pkg/environment/path.sh
[0.144s] -- Up-to-date: /home/dpeter/ros2_ws/install/my_cpp_pkg/share/my_cpp_pkg/environment/path.dsv
[0.144s] -- Up-to-date: /home/dpeter/ros2_ws/install/my_cpp_pkg/share/my_cpp_pkg/local_setup.bash
[0.144s] -- Up-to-date: /home/dpeter/ros2_ws/install/my_cpp_pkg/share/my_cpp_pkg/local_setup.sh
[0.144s] -- Up-to-date: /home/dpeter/ros2_ws/install/my_cpp_pkg/share/my_cpp_pkg/local_setup.zsh
[0.144s] -- Up-to-date: /home/dpeter/ros2_ws/install/my_cpp_pkg/share/my_cpp_pkg/local_setup.dsv
[0.144s] -- Installing: /home/dpeter/ros2_ws/install/my_cpp_pkg/share/my_cpp_pkg/package.dsv
[0.144s] -- Up-to-date: /home/dpeter/ros2_ws/install/my_cpp_pkg/share/ament_index/resource_index/packages/my_cpp_pkg
[0.144s] -- Up-to-date: /home/dpeter/ros2_ws/install/my_cpp_pkg/share/my_cpp_pkg/cmake/my_cpp_pkgConfig.cmake
[0.144s] -- Up-to-date: /home/dpeter/ros2_ws/install/my_cpp_pkg/share/my_cpp_pkg/cmake/my_cpp_pkgConfig-version.cmake
[0.144s] -- Up-to-date: /home/dpeter/ros2_ws/install/my_cpp_pkg/share/my_cpp_pkg/package.xml
[0.146s] Invoked command in '/home/dpeter/ros2_ws/build/my_cpp_pkg' returned '0': CMAKE_PREFIX_PATH=${CMAKE_PREFIX_PATH}:/home/dpeter/ros2_ws/install/my_py_pkg:/opt/ros/foxy /usr/bin/cmake --install /home/dpeter/ros2_ws/build/my_cpp_pkg
