[0.028s] Invoking command in '/home/dpeter/ros2_ws/build/my_robot_interfaces': CMAKE_PREFIX_PATH=${CMAKE_PREFIX_PATH}:/home/dpeter/ros2_ws/install/turtlesim_catch_them_all:/home/dpeter/ros2_ws/install/my_py_pkg:/opt/ros/foxy /usr/bin/cmake --build /home/dpeter/ros2_ws/build/my_robot_interfaces -- -j8 -l8
[0.063s] -- Found ament_cmake: 0.9.9 (/opt/ros/foxy/share/ament_cmake/cmake)
[0.101s] -- Found PythonInterp: /usr/bin/python3 (found suitable version "3.8.10", minimum required is "3") 
[0.101s] -- Using PYTHON_EXECUTABLE: /usr/bin/python3
[0.389s] -- Found rosidl_default_generators: 1.0.1 (/opt/ros/foxy/share/rosidl_default_generators/cmake)
[0.392s] -- Using all available rosidl_typesupport_c: rosidl_typesupport_fastrtps_c;rosidl_typesupport_introspection_c
[0.397s] -- Found rosidl_adapter: 1.2.1 (/opt/ros/foxy/share/rosidl_adapter/cmake)
[0.582s] -- Using all available rosidl_typesupport_cpp: rosidl_typesupport_fastrtps_cpp;rosidl_typesupport_introspection_cpp
[0.654s] -- Found PythonInterp: /usr/bin/python3 (found version "3.8.10") 
[0.867s] -- Found ament_cmake_ros: 0.9.2 (/opt/ros/foxy/share/ament_cmake_ros/cmake)
[1.004s] -- Using all available rosidl_typesupport_c: rosidl_typesupport_fastrtps_c;rosidl_typesupport_introspection_c
[1.015s] -- Using all available rosidl_typesupport_cpp: rosidl_typesupport_fastrtps_cpp;rosidl_typesupport_introspection_cpp
[1.058s] -- Found PythonInterp: /usr/bin/python3 (found suitable version "3.8.10", minimum required is "3.5") 
[1.059s] -- Found python_cmake_module: 0.8.1 (/opt/ros/foxy/share/python_cmake_module/cmake)
[1.101s] -- Using PYTHON_EXECUTABLE: /usr/bin/python3
[1.102s] -- Using PYTHON_INCLUDE_DIRS: /usr/include/python3.8
[1.102s] -- Using PYTHON_LIBRARIES: /usr/lib/x86_64-linux-gnu/libpython3.8.so
[1.132s] -- Configuring done
[1.186s] -- Generating done
[1.191s] -- Build files have been written to: /home/dpeter/ros2_ws/build/my_robot_interfaces
[1.224s] [  1%] [34m[1mGenerating C code for ROS interfaces[0m
[1.236s] [  3%] [34m[1mGenerating C++ code for ROS interfaces[0m
[1.984s] [  3%] Built target my_robot_interfaces__cpp
[2.011s] [  4%] [34m[1mGenerating C++ type support dispatch for ROS interfaces[0m
[2.012s] [  6%] [34m[1mGenerating C++ introspection for ROS interfaces[0m
[2.017s] [  7%] [34m[1mGenerating C++ type support for eProsima Fast-RTPS[0m
[2.085s] [35m[1mScanning dependencies of target my_robot_interfaces__rosidl_generator_c[0m
[2.108s] [ 11%] [32mBuilding C object CMakeFiles/my_robot_interfaces__rosidl_generator_c.dir/rosidl_generator_c/my_robot_interfaces/msg/detail/turtle__functions.c.o[0m
[2.108s] [ 11%] [32mBuilding C object CMakeFiles/my_robot_interfaces__rosidl_generator_c.dir/rosidl_generator_c/my_robot_interfaces/msg/detail/hardware_status__functions.c.o[0m
[2.109s] [ 12%] [32mBuilding C object CMakeFiles/my_robot_interfaces__rosidl_generator_c.dir/rosidl_generator_c/my_robot_interfaces/srv/detail/compute_rectangle_area__functions.c.o[0m
[2.115s] [ 14%] [32mBuilding C object CMakeFiles/my_robot_interfaces__rosidl_generator_c.dir/rosidl_generator_c/my_robot_interfaces/srv/detail/catch_turtle__functions.c.o[0m
[2.165s] [ 15%] [32mBuilding C object CMakeFiles/my_robot_interfaces__rosidl_generator_c.dir/rosidl_generator_c/my_robot_interfaces/msg/detail/turtle_array__functions.c.o[0m
[2.238s] [ 17%] [32m[1mLinking C shared library libmy_robot_interfaces__rosidl_generator_c.so[0m
[2.303s] [ 17%] Built target my_robot_interfaces__rosidl_generator_c
[2.325s] [ 19%] [34m[1mGenerating C type support dispatch for ROS interfaces[0m
[2.325s] [ 20%] [34m[1mGenerating C introspection for ROS interfaces[0m
[2.649s] [35m[1mScanning dependencies of target my_robot_interfaces__rosidl_typesupport_cpp[0m
[2.677s] [ 22%] [32mBuilding CXX object CMakeFiles/my_robot_interfaces__rosidl_typesupport_cpp.dir/rosidl_typesupport_cpp/my_robot_interfaces/msg/turtle__type_support.cpp.o[0m
[2.686s] [ 23%] [32mBuilding CXX object CMakeFiles/my_robot_interfaces__rosidl_typesupport_cpp.dir/rosidl_typesupport_cpp/my_robot_interfaces/msg/turtle_array__type_support.cpp.o[0m
[2.691s] [ 25%] [32mBuilding CXX object CMakeFiles/my_robot_interfaces__rosidl_typesupport_cpp.dir/rosidl_typesupport_cpp/my_robot_interfaces/srv/compute_rectangle_area__type_support.cpp.o[0m
[2.693s] [ 26%] [32mBuilding CXX object CMakeFiles/my_robot_interfaces__rosidl_typesupport_cpp.dir/rosidl_typesupport_cpp/my_robot_interfaces/msg/hardware_status__type_support.cpp.o[0m
[3.041s] [35m[1mScanning dependencies of target my_robot_interfaces__rosidl_typesupport_c[0m
[3.109s] [ 28%] [32mBuilding CXX object CMakeFiles/my_robot_interfaces__rosidl_typesupport_c.dir/rosidl_typesupport_c/my_robot_interfaces/msg/hardware_status__type_support.cpp.o[0m
[3.131s] [35m[1mScanning dependencies of target my_robot_interfaces__rosidl_typesupport_introspection_cpp[0m
[3.193s] [ 30%] [32mBuilding CXX object CMakeFiles/my_robot_interfaces__rosidl_typesupport_c.dir/rosidl_typesupport_c/my_robot_interfaces/msg/turtle__type_support.cpp.o[0m
[3.196s] [ 31%] [32mBuilding CXX object CMakeFiles/my_robot_interfaces__rosidl_typesupport_introspection_cpp.dir/rosidl_typesupport_introspection_cpp/my_robot_interfaces/msg/detail/hardware_status__type_support.cpp.o[0m
[3.315s] [ 33%] [32mBuilding CXX object CMakeFiles/my_robot_interfaces__rosidl_typesupport_c.dir/rosidl_typesupport_c/my_robot_interfaces/msg/turtle_array__type_support.cpp.o[0m
[3.325s] [35m[1mScanning dependencies of target my_robot_interfaces__rosidl_typesupport_fastrtps_cpp[0m
[3.354s] [ 34%] [32mBuilding CXX object CMakeFiles/my_robot_interfaces__rosidl_typesupport_c.dir/rosidl_typesupport_c/my_robot_interfaces/srv/compute_rectangle_area__type_support.cpp.o[0m
[3.361s] [ 36%] [32mBuilding CXX object CMakeFiles/my_robot_interfaces__rosidl_typesupport_fastrtps_cpp.dir/rosidl_typesupport_fastrtps_cpp/my_robot_interfaces/msg/detail/dds_fastrtps/hardware_status__type_support.cpp.o[0m
[3.382s] [ 38%] [32mBuilding CXX object CMakeFiles/my_robot_interfaces__rosidl_typesupport_cpp.dir/rosidl_typesupport_cpp/my_robot_interfaces/srv/catch_turtle__type_support.cpp.o[0m
[3.393s] [ 39%] [32mBuilding CXX object CMakeFiles/my_robot_interfaces__rosidl_typesupport_introspection_cpp.dir/rosidl_typesupport_introspection_cpp/my_robot_interfaces/msg/detail/turtle__type_support.cpp.o[0m
[3.424s] [35m[1mScanning dependencies of target my_robot_interfaces__rosidl_typesupport_introspection_c[0m
[3.435s] [ 41%] [32mBuilding CXX object CMakeFiles/my_robot_interfaces__rosidl_typesupport_c.dir/rosidl_typesupport_c/my_robot_interfaces/srv/catch_turtle__type_support.cpp.o[0m
[3.472s] [ 42%] [32mBuilding C object CMakeFiles/my_robot_interfaces__rosidl_typesupport_introspection_c.dir/rosidl_typesupport_introspection_c/my_robot_interfaces/msg/detail/turtle__type_support.c.o[0m
[3.491s] [ 44%] [32mBuilding C object CMakeFiles/my_robot_interfaces__rosidl_typesupport_introspection_c.dir/rosidl_typesupport_introspection_c/my_robot_interfaces/msg/detail/hardware_status__type_support.c.o[0m
[3.495s] [ 46%] [32mBuilding CXX object CMakeFiles/my_robot_interfaces__rosidl_typesupport_fastrtps_cpp.dir/rosidl_typesupport_fastrtps_cpp/my_robot_interfaces/msg/detail/dds_fastrtps/turtle__type_support.cpp.o[0m
[3.502s] [ 47%] [32m[1mLinking CXX shared library libmy_robot_interfaces__rosidl_typesupport_c.so[0m
[3.540s] [ 49%] [32mBuilding C object CMakeFiles/my_robot_interfaces__rosidl_typesupport_introspection_c.dir/rosidl_typesupport_introspection_c/my_robot_interfaces/msg/detail/turtle_array__type_support.c.o[0m
[3.561s] [ 50%] [32mBuilding CXX object CMakeFiles/my_robot_interfaces__rosidl_typesupport_introspection_cpp.dir/rosidl_typesupport_introspection_cpp/my_robot_interfaces/msg/detail/turtle_array__type_support.cpp.o[0m
[3.584s] [ 50%] Built target my_robot_interfaces__rosidl_typesupport_c
[3.602s] [ 52%] [32mBuilding CXX object CMakeFiles/my_robot_interfaces__rosidl_typesupport_introspection_cpp.dir/rosidl_typesupport_introspection_cpp/my_robot_interfaces/srv/detail/compute_rectangle_area__type_support.cpp.o[0m
[3.610s] [ 53%] [32mBuilding C object CMakeFiles/my_robot_interfaces__rosidl_typesupport_introspection_c.dir/rosidl_typesupport_introspection_c/my_robot_interfaces/srv/detail/compute_rectangle_area__type_support.c.o[0m
[3.683s] [ 55%] [32mBuilding C object CMakeFiles/my_robot_interfaces__rosidl_typesupport_introspection_c.dir/rosidl_typesupport_introspection_c/my_robot_interfaces/srv/detail/catch_turtle__type_support.c.o[0m
[3.781s] [ 57%] [32m[1mLinking C shared library libmy_robot_interfaces__rosidl_typesupport_introspection_c.so[0m
[3.884s] [ 58%] [32mBuilding CXX object CMakeFiles/my_robot_interfaces__rosidl_typesupport_introspection_cpp.dir/rosidl_typesupport_introspection_cpp/my_robot_interfaces/srv/detail/catch_turtle__type_support.cpp.o[0m
[3.897s] [ 58%] Built target my_robot_interfaces__rosidl_typesupport_introspection_c
[3.918s] [ 60%] [32mBuilding CXX object CMakeFiles/my_robot_interfaces__rosidl_typesupport_fastrtps_cpp.dir/rosidl_typesupport_fastrtps_cpp/my_robot_interfaces/msg/detail/dds_fastrtps/turtle_array__type_support.cpp.o[0m
[4.062s] [ 61%] [32m[1mLinking CXX shared library libmy_robot_interfaces__rosidl_typesupport_cpp.so[0m
[4.098s] [ 63%] [32mBuilding CXX object CMakeFiles/my_robot_interfaces__rosidl_typesupport_fastrtps_cpp.dir/rosidl_typesupport_fastrtps_cpp/my_robot_interfaces/srv/detail/dds_fastrtps/compute_rectangle_area__type_support.cpp.o[0m
[4.248s] [ 63%] Built target my_robot_interfaces__rosidl_typesupport_cpp
[4.329s] [ 65%] [32mBuilding CXX object CMakeFiles/my_robot_interfaces__rosidl_typesupport_fastrtps_cpp.dir/rosidl_typesupport_fastrtps_cpp/my_robot_interfaces/srv/detail/dds_fastrtps/catch_turtle__type_support.cpp.o[0m
[4.539s] [ 66%] [32m[1mLinking CXX shared library libmy_robot_interfaces__rosidl_typesupport_introspection_cpp.so[0m
[4.648s] [ 66%] Built target my_robot_interfaces__rosidl_typesupport_introspection_cpp
[4.923s] [ 68%] [32m[1mLinking CXX shared library libmy_robot_interfaces__rosidl_typesupport_fastrtps_cpp.so[0m
[5.035s] [ 68%] Built target my_robot_interfaces__rosidl_typesupport_fastrtps_cpp
[5.049s] [ 69%] [34m[1mGenerating C type support for eProsima Fast-RTPS[0m
[5.566s] [35m[1mScanning dependencies of target my_robot_interfaces__rosidl_typesupport_fastrtps_c[0m
[5.590s] [ 71%] [32mBuilding CXX object CMakeFiles/my_robot_interfaces__rosidl_typesupport_fastrtps_c.dir/rosidl_typesupport_fastrtps_c/my_robot_interfaces/msg/detail/hardware_status__type_support_c.cpp.o[0m
[5.593s] [ 73%] [32mBuilding CXX object CMakeFiles/my_robot_interfaces__rosidl_typesupport_fastrtps_c.dir/rosidl_typesupport_fastrtps_c/my_robot_interfaces/srv/detail/catch_turtle__type_support_c.cpp.o[0m
[5.594s] [ 74%] [32mBuilding CXX object CMakeFiles/my_robot_interfaces__rosidl_typesupport_fastrtps_c.dir/rosidl_typesupport_fastrtps_c/my_robot_interfaces/msg/detail/turtle__type_support_c.cpp.o[0m
[5.594s] [ 76%] [32mBuilding CXX object CMakeFiles/my_robot_interfaces__rosidl_typesupport_fastrtps_c.dir/rosidl_typesupport_fastrtps_c/my_robot_interfaces/msg/detail/turtle_array__type_support_c.cpp.o[0m
[5.595s] [ 77%] [32mBuilding CXX object CMakeFiles/my_robot_interfaces__rosidl_typesupport_fastrtps_c.dir/rosidl_typesupport_fastrtps_c/my_robot_interfaces/srv/detail/compute_rectangle_area__type_support_c.cpp.o[0m
[6.349s] [ 79%] [32m[1mLinking CXX shared library libmy_robot_interfaces__rosidl_typesupport_fastrtps_c.so[0m
[6.461s] [ 79%] Built target my_robot_interfaces__rosidl_typesupport_fastrtps_c
[6.487s] [ 79%] Built target my_robot_interfaces
[6.513s] [ 80%] [34m[1mGenerating Python code for ROS interfaces[0m
[7.590s] [ 80%] Built target my_robot_interfaces__py
[7.606s] [35m[1mScanning dependencies of target my_robot_interfaces__python[0m
[7.643s] [ 82%] [32mBuilding C object CMakeFiles/my_robot_interfaces__python.dir/rosidl_generator_py/my_robot_interfaces/srv/_catch_turtle_s.c.o[0m
[7.643s] [ 85%] [32mBuilding C object CMakeFiles/my_robot_interfaces__python.dir/rosidl_generator_py/my_robot_interfaces/msg/_turtle_array_s.c.o[0m
[7.643s] [ 85%] [32mBuilding C object CMakeFiles/my_robot_interfaces__python.dir/rosidl_generator_py/my_robot_interfaces/msg/_hardware_status_s.c.o[0m
[7.645s] [ 87%] [32mBuilding C object CMakeFiles/my_robot_interfaces__python.dir/rosidl_generator_py/my_robot_interfaces/msg/_turtle_s.c.o[0m
[7.647s] [ 88%] [32mBuilding C object CMakeFiles/my_robot_interfaces__python.dir/rosidl_generator_py/my_robot_interfaces/srv/_compute_rectangle_area_s.c.o[0m
[7.844s] [ 90%] [32m[1mLinking C shared library rosidl_generator_py/my_robot_interfaces/libmy_robot_interfaces__python.so[0m
[7.896s] [ 90%] Built target my_robot_interfaces__python
[7.910s] [35m[1mScanning dependencies of target my_robot_interfaces__rosidl_typesupport_introspection_c__pyext[0m
[7.910s] [35m[1mScanning dependencies of target my_robot_interfaces__rosidl_typesupport_fastrtps_c__pyext[0m
[7.910s] [35m[1mScanning dependencies of target my_robot_interfaces__rosidl_typesupport_c__pyext[0m
[7.933s] [ 95%] [32mBuilding C object CMakeFiles/my_robot_interfaces__rosidl_typesupport_c__pyext.dir/rosidl_generator_py/my_robot_interfaces/_my_robot_interfaces_s.ep.rosidl_typesupport_c.c.o[0m
[7.933s] [ 95%] [32mBuilding C object CMakeFiles/my_robot_interfaces__rosidl_typesupport_introspection_c__pyext.dir/rosidl_generator_py/my_robot_interfaces/_my_robot_interfaces_s.ep.rosidl_typesupport_introspection_c.c.o[0m
[7.933s] [ 95%] [32mBuilding C object CMakeFiles/my_robot_interfaces__rosidl_typesupport_fastrtps_c__pyext.dir/rosidl_generator_py/my_robot_interfaces/_my_robot_interfaces_s.ep.rosidl_typesupport_fastrtps_c.c.o[0m
[8.071s] [ 96%] [32m[1mLinking C shared library rosidl_generator_py/my_robot_interfaces/my_robot_interfaces_s__rosidl_typesupport_introspection_c.cpython-38-x86_64-linux-gnu.so[0m
[8.072s] [ 98%] [32m[1mLinking C shared library rosidl_generator_py/my_robot_interfaces/my_robot_interfaces_s__rosidl_typesupport_c.cpython-38-x86_64-linux-gnu.so[0m
[8.073s] [100%] [32m[1mLinking CXX shared library rosidl_generator_py/my_robot_interfaces/my_robot_interfaces_s__rosidl_typesupport_fastrtps_c.cpython-38-x86_64-linux-gnu.so[0m
[8.117s] [100%] Built target my_robot_interfaces__rosidl_typesupport_introspection_c__pyext
[8.117s] [100%] Built target my_robot_interfaces__rosidl_typesupport_c__pyext
[8.157s] [100%] Built target my_robot_interfaces__rosidl_typesupport_fastrtps_c__pyext
[8.172s] Invoked command in '/home/dpeter/ros2_ws/build/my_robot_interfaces' returned '0': CMAKE_PREFIX_PATH=${CMAKE_PREFIX_PATH}:/home/dpeter/ros2_ws/install/turtlesim_catch_them_all:/home/dpeter/ros2_ws/install/my_py_pkg:/opt/ros/foxy /usr/bin/cmake --build /home/dpeter/ros2_ws/build/my_robot_interfaces -- -j8 -l8
[8.300s] Invoking command in '/home/dpeter/ros2_ws/build/my_robot_interfaces': CMAKE_PREFIX_PATH=${CMAKE_PREFIX_PATH}:/home/dpeter/ros2_ws/install/turtlesim_catch_them_all:/home/dpeter/ros2_ws/install/my_py_pkg:/opt/ros/foxy /usr/bin/cmake --install /home/dpeter/ros2_ws/build/my_robot_interfaces
[8.311s] -- Install configuration: ""
[8.311s] -- Up-to-date: /home/dpeter/ros2_ws/install/my_robot_interfaces/share/ament_index/resource_index/rosidl_interfaces/my_robot_interfaces
[8.311s] -- Up-to-date: /home/dpeter/ros2_ws/install/my_robot_interfaces/include/my_robot_interfaces
[8.311s] -- Up-to-date: /home/dpeter/ros2_ws/install/my_robot_interfaces/include/my_robot_interfaces/srv
[8.312s] -- Installing: /home/dpeter/ros2_ws/install/my_robot_interfaces/include/my_robot_interfaces/srv/catch_turtle.h
[8.312s] -- Installing: /home/dpeter/ros2_ws/install/my_robot_interfaces/include/my_robot_interfaces/srv/compute_rectangle_area.h
[8.312s] -- Up-to-date: /home/dpeter/ros2_ws/install/my_robot_interfaces/include/my_robot_interfaces/srv/detail
[8.312s] -- Installing: /home/dpeter/ros2_ws/install/my_robot_interfaces/include/my_robot_interfaces/srv/detail/compute_rectangle_area__functions.h
[8.313s] -- Installing: /home/dpeter/ros2_ws/install/my_robot_interfaces/include/my_robot_interfaces/srv/detail/compute_rectangle_area__type_support.h
[8.313s] -- Installing: /home/dpeter/ros2_ws/install/my_robot_interfaces/include/my_robot_interfaces/srv/detail/catch_turtle__struct.h
[8.313s] -- Installing: /home/dpeter/ros2_ws/install/my_robot_interfaces/include/my_robot_interfaces/srv/detail/catch_turtle__functions.c
[8.313s] -- Installing: /home/dpeter/ros2_ws/install/my_robot_interfaces/include/my_robot_interfaces/srv/detail/catch_turtle__type_support.h
[8.314s] -- Installing: /home/dpeter/ros2_ws/install/my_robot_interfaces/include/my_robot_interfaces/srv/detail/compute_rectangle_area__struct.h
[8.314s] -- Installing: /home/dpeter/ros2_ws/install/my_robot_interfaces/include/my_robot_interfaces/srv/detail/catch_turtle__functions.h
[8.314s] -- Installing: /home/dpeter/ros2_ws/install/my_robot_interfaces/include/my_robot_interfaces/srv/detail/compute_rectangle_area__functions.c
[8.314s] -- Up-to-date: /home/dpeter/ros2_ws/install/my_robot_interfaces/include/my_robot_interfaces/msg
[8.315s] -- Installing: /home/dpeter/ros2_ws/install/my_robot_interfaces/include/my_robot_interfaces/msg/hardware_status.h
[8.315s] -- Up-to-date: /home/dpeter/ros2_ws/install/my_robot_interfaces/include/my_robot_interfaces/msg/rosidl_generator_c__visibility_control.h
[8.315s] -- Up-to-date: /home/dpeter/ros2_ws/install/my_robot_interfaces/include/my_robot_interfaces/msg/detail
[8.315s] -- Installing: /home/dpeter/ros2_ws/install/my_robot_interfaces/include/my_robot_interfaces/msg/detail/turtle_array__functions.h
[8.315s] -- Installing: /home/dpeter/ros2_ws/install/my_robot_interfaces/include/my_robot_interfaces/msg/detail/hardware_status__functions.h
[8.316s] -- Installing: /home/dpeter/ros2_ws/install/my_robot_interfaces/include/my_robot_interfaces/msg/detail/turtle__functions.c
[8.316s] -- Installing: /home/dpeter/ros2_ws/install/my_robot_interfaces/include/my_robot_interfaces/msg/detail/hardware_status__type_support.h
[8.316s] -- Installing: /home/dpeter/ros2_ws/install/my_robot_interfaces/include/my_robot_interfaces/msg/detail/turtle__type_support.h
[8.316s] -- Installing: /home/dpeter/ros2_ws/install/my_robot_interfaces/include/my_robot_interfaces/msg/detail/turtle__struct.h
[8.317s] -- Installing: /home/dpeter/ros2_ws/install/my_robot_interfaces/include/my_robot_interfaces/msg/detail/turtle_array__type_support.h
[8.317s] -- Installing: /home/dpeter/ros2_ws/install/my_robot_interfaces/include/my_robot_interfaces/msg/detail/turtle__functions.h
[8.317s] -- Installing: /home/dpeter/ros2_ws/install/my_robot_interfaces/include/my_robot_interfaces/msg/detail/hardware_status__struct.h
[8.317s] -- Installing: /home/dpeter/ros2_ws/install/my_robot_interfaces/include/my_robot_interfaces/msg/detail/turtle_array__struct.h
[8.318s] -- Installing: /home/dpeter/ros2_ws/install/my_robot_interfaces/include/my_robot_interfaces/msg/detail/hardware_status__functions.c
[8.318s] -- Installing: /home/dpeter/ros2_ws/install/my_robot_interfaces/include/my_robot_interfaces/msg/detail/turtle_array__functions.c
[8.318s] -- Installing: /home/dpeter/ros2_ws/install/my_robot_interfaces/include/my_robot_interfaces/msg/turtle.h
[8.318s] -- Installing: /home/dpeter/ros2_ws/install/my_robot_interfaces/include/my_robot_interfaces/msg/turtle_array.h
[8.318s] -- Up-to-date: /home/dpeter/ros2_ws/install/my_robot_interfaces/share/my_robot_interfaces/environment/library_path.sh
[8.319s] -- Installing: /home/dpeter/ros2_ws/install/my_robot_interfaces/share/my_robot_interfaces/environment/library_path.dsv
[8.319s] -- Installing: /home/dpeter/ros2_ws/install/my_robot_interfaces/lib/libmy_robot_interfaces__rosidl_generator_c.so
[8.319s] -- Set runtime path of "/home/dpeter/ros2_ws/install/my_robot_interfaces/lib/libmy_robot_interfaces__rosidl_generator_c.so" to ""
[8.319s] -- Up-to-date: /home/dpeter/ros2_ws/install/my_robot_interfaces/include/my_robot_interfaces
[8.320s] -- Up-to-date: /home/dpeter/ros2_ws/install/my_robot_interfaces/include/my_robot_interfaces/srv
[8.320s] -- Up-to-date: /home/dpeter/ros2_ws/install/my_robot_interfaces/include/my_robot_interfaces/srv/detail
[8.320s] -- Installing: /home/dpeter/ros2_ws/install/my_robot_interfaces/include/my_robot_interfaces/srv/detail/compute_rectangle_area__rosidl_typesupport_fastrtps_c.h
[8.320s] -- Installing: /home/dpeter/ros2_ws/install/my_robot_interfaces/include/my_robot_interfaces/srv/detail/catch_turtle__rosidl_typesupport_fastrtps_c.h
[8.320s] -- Up-to-date: /home/dpeter/ros2_ws/install/my_robot_interfaces/include/my_robot_interfaces/msg
[8.321s] -- Up-to-date: /home/dpeter/ros2_ws/install/my_robot_interfaces/include/my_robot_interfaces/msg/rosidl_typesupport_fastrtps_c__visibility_control.h
[8.321s] -- Up-to-date: /home/dpeter/ros2_ws/install/my_robot_interfaces/include/my_robot_interfaces/msg/detail
[8.321s] -- Installing: /home/dpeter/ros2_ws/install/my_robot_interfaces/include/my_robot_interfaces/msg/detail/turtle_array__rosidl_typesupport_fastrtps_c.h
[8.321s] -- Installing: /home/dpeter/ros2_ws/install/my_robot_interfaces/include/my_robot_interfaces/msg/detail/hardware_status__rosidl_typesupport_fastrtps_c.h
[8.322s] -- Installing: /home/dpeter/ros2_ws/install/my_robot_interfaces/include/my_robot_interfaces/msg/detail/turtle__rosidl_typesupport_fastrtps_c.h
[8.322s] -- Installing: /home/dpeter/ros2_ws/install/my_robot_interfaces/lib/libmy_robot_interfaces__rosidl_typesupport_fastrtps_c.so
[8.322s] -- Set runtime path of "/home/dpeter/ros2_ws/install/my_robot_interfaces/lib/libmy_robot_interfaces__rosidl_typesupport_fastrtps_c.so" to ""
[8.322s] -- Up-to-date: /home/dpeter/ros2_ws/install/my_robot_interfaces/include/my_robot_interfaces
[8.323s] -- Up-to-date: /home/dpeter/ros2_ws/install/my_robot_interfaces/include/my_robot_interfaces/srv
[8.323s] -- Up-to-date: /home/dpeter/ros2_ws/install/my_robot_interfaces/include/my_robot_interfaces/srv/detail
[8.323s] -- Up-to-date: /home/dpeter/ros2_ws/install/my_robot_interfaces/include/my_robot_interfaces/srv/detail/dds_fastrtps
[8.324s] -- Installing: /home/dpeter/ros2_ws/install/my_robot_interfaces/include/my_robot_interfaces/srv/detail/catch_turtle__rosidl_typesupport_fastrtps_cpp.hpp
[8.324s] -- Installing: /home/dpeter/ros2_ws/install/my_robot_interfaces/include/my_robot_interfaces/srv/detail/compute_rectangle_area__rosidl_typesupport_fastrtps_cpp.hpp
[8.324s] -- Up-to-date: /home/dpeter/ros2_ws/install/my_robot_interfaces/include/my_robot_interfaces/msg
[8.324s] -- Up-to-date: /home/dpeter/ros2_ws/install/my_robot_interfaces/include/my_robot_interfaces/msg/rosidl_typesupport_fastrtps_cpp__visibility_control.h
[8.324s] -- Up-to-date: /home/dpeter/ros2_ws/install/my_robot_interfaces/include/my_robot_interfaces/msg/detail
[8.325s] -- Installing: /home/dpeter/ros2_ws/install/my_robot_interfaces/include/my_robot_interfaces/msg/detail/hardware_status__rosidl_typesupport_fastrtps_cpp.hpp
[8.325s] -- Up-to-date: /home/dpeter/ros2_ws/install/my_robot_interfaces/include/my_robot_interfaces/msg/detail/dds_fastrtps
[8.325s] -- Installing: /home/dpeter/ros2_ws/install/my_robot_interfaces/include/my_robot_interfaces/msg/detail/turtle__rosidl_typesupport_fastrtps_cpp.hpp
[8.325s] -- Installing: /home/dpeter/ros2_ws/install/my_robot_interfaces/include/my_robot_interfaces/msg/detail/turtle_array__rosidl_typesupport_fastrtps_cpp.hpp
[8.326s] -- Installing: /home/dpeter/ros2_ws/install/my_robot_interfaces/lib/libmy_robot_interfaces__rosidl_typesupport_fastrtps_cpp.so
[8.326s] -- Set runtime path of "/home/dpeter/ros2_ws/install/my_robot_interfaces/lib/libmy_robot_interfaces__rosidl_typesupport_fastrtps_cpp.so" to ""
[8.326s] -- Up-to-date: /home/dpeter/ros2_ws/install/my_robot_interfaces/include/my_robot_interfaces
[8.326s] -- Up-to-date: /home/dpeter/ros2_ws/install/my_robot_interfaces/include/my_robot_interfaces/srv
[8.326s] -- Up-to-date: /home/dpeter/ros2_ws/install/my_robot_interfaces/include/my_robot_interfaces/srv/detail
[8.327s] -- Installing: /home/dpeter/ros2_ws/install/my_robot_interfaces/include/my_robot_interfaces/srv/detail/catch_turtle__rosidl_typesupport_introspection_c.h
[8.327s] -- Installing: /home/dpeter/ros2_ws/install/my_robot_interfaces/include/my_robot_interfaces/srv/detail/catch_turtle__type_support.c
[8.327s] -- Installing: /home/dpeter/ros2_ws/install/my_robot_interfaces/include/my_robot_interfaces/srv/detail/compute_rectangle_area__rosidl_typesupport_introspection_c.h
[8.327s] -- Installing: /home/dpeter/ros2_ws/install/my_robot_interfaces/include/my_robot_interfaces/srv/detail/compute_rectangle_area__type_support.c
[8.328s] -- Up-to-date: /home/dpeter/ros2_ws/install/my_robot_interfaces/include/my_robot_interfaces/msg
[8.328s] -- Up-to-date: /home/dpeter/ros2_ws/install/my_robot_interfaces/include/my_robot_interfaces/msg/rosidl_typesupport_introspection_c__visibility_control.h
[8.328s] -- Up-to-date: /home/dpeter/ros2_ws/install/my_robot_interfaces/include/my_robot_interfaces/msg/detail
[8.328s] -- Installing: /home/dpeter/ros2_ws/install/my_robot_interfaces/include/my_robot_interfaces/msg/detail/turtle__rosidl_typesupport_introspection_c.h
[8.329s] -- Installing: /home/dpeter/ros2_ws/install/my_robot_interfaces/include/my_robot_interfaces/msg/detail/hardware_status__type_support.c
[8.329s] -- Installing: /home/dpeter/ros2_ws/install/my_robot_interfaces/include/my_robot_interfaces/msg/detail/turtle__type_support.c
[8.329s] -- Installing: /home/dpeter/ros2_ws/install/my_robot_interfaces/include/my_robot_interfaces/msg/detail/turtle_array__rosidl_typesupport_introspection_c.h
[8.329s] -- Installing: /home/dpeter/ros2_ws/install/my_robot_interfaces/include/my_robot_interfaces/msg/detail/hardware_status__rosidl_typesupport_introspection_c.h
[8.330s] -- Installing: /home/dpeter/ros2_ws/install/my_robot_interfaces/include/my_robot_interfaces/msg/detail/turtle_array__type_support.c
[8.330s] -- Installing: /home/dpeter/ros2_ws/install/my_robot_interfaces/lib/libmy_robot_interfaces__rosidl_typesupport_introspection_c.so
[8.330s] -- Set runtime path of "/home/dpeter/ros2_ws/install/my_robot_interfaces/lib/libmy_robot_interfaces__rosidl_typesupport_introspection_c.so" to ""
[8.330s] -- Installing: /home/dpeter/ros2_ws/install/my_robot_interfaces/lib/libmy_robot_interfaces__rosidl_typesupport_c.so
[8.331s] -- Set runtime path of "/home/dpeter/ros2_ws/install/my_robot_interfaces/lib/libmy_robot_interfaces__rosidl_typesupport_c.so" to ""
[8.331s] -- Up-to-date: /home/dpeter/ros2_ws/install/my_robot_interfaces/include/my_robot_interfaces
[8.331s] -- Up-to-date: /home/dpeter/ros2_ws/install/my_robot_interfaces/include/my_robot_interfaces/srv
[8.331s] -- Installing: /home/dpeter/ros2_ws/install/my_robot_interfaces/include/my_robot_interfaces/srv/catch_turtle.hpp
[8.331s] -- Up-to-date: /home/dpeter/ros2_ws/install/my_robot_interfaces/include/my_robot_interfaces/srv/detail
[8.332s] -- Installing: /home/dpeter/ros2_ws/install/my_robot_interfaces/include/my_robot_interfaces/srv/detail/catch_turtle__traits.hpp
[8.332s] -- Installing: /home/dpeter/ros2_ws/install/my_robot_interfaces/include/my_robot_interfaces/srv/detail/compute_rectangle_area__traits.hpp
[8.332s] -- Installing: /home/dpeter/ros2_ws/install/my_robot_interfaces/include/my_robot_interfaces/srv/detail/catch_turtle__struct.hpp
[8.332s] -- Installing: /home/dpeter/ros2_ws/install/my_robot_interfaces/include/my_robot_interfaces/srv/detail/catch_turtle__builder.hpp
[8.332s] -- Installing: /home/dpeter/ros2_ws/install/my_robot_interfaces/include/my_robot_interfaces/srv/detail/compute_rectangle_area__struct.hpp
[8.333s] -- Installing: /home/dpeter/ros2_ws/install/my_robot_interfaces/include/my_robot_interfaces/srv/detail/compute_rectangle_area__builder.hpp
[8.333s] -- Installing: /home/dpeter/ros2_ws/install/my_robot_interfaces/include/my_robot_interfaces/srv/compute_rectangle_area.hpp
[8.333s] -- Up-to-date: /home/dpeter/ros2_ws/install/my_robot_interfaces/include/my_robot_interfaces/msg
[8.333s] -- Installing: /home/dpeter/ros2_ws/install/my_robot_interfaces/include/my_robot_interfaces/msg/turtle.hpp
[8.333s] -- Installing: /home/dpeter/ros2_ws/install/my_robot_interfaces/include/my_robot_interfaces/msg/hardware_status.hpp
[8.334s] -- Up-to-date: /home/dpeter/ros2_ws/install/my_robot_interfaces/include/my_robot_interfaces/msg/detail
[8.334s] -- Installing: /home/dpeter/ros2_ws/install/my_robot_interfaces/include/my_robot_interfaces/msg/detail/turtle_array__traits.hpp
[8.334s] -- Installing: /home/dpeter/ros2_ws/install/my_robot_interfaces/include/my_robot_interfaces/msg/detail/turtle__builder.hpp
[8.334s] -- Installing: /home/dpeter/ros2_ws/install/my_robot_interfaces/include/my_robot_interfaces/msg/detail/hardware_status__struct.hpp
[8.334s] -- Installing: /home/dpeter/ros2_ws/install/my_robot_interfaces/include/my_robot_interfaces/msg/detail/hardware_status__traits.hpp
[8.335s] -- Installing: /home/dpeter/ros2_ws/install/my_robot_interfaces/include/my_robot_interfaces/msg/detail/turtle__struct.hpp
[8.335s] -- Installing: /home/dpeter/ros2_ws/install/my_robot_interfaces/include/my_robot_interfaces/msg/detail/turtle_array__struct.hpp
[8.335s] -- Installing: /home/dpeter/ros2_ws/install/my_robot_interfaces/include/my_robot_interfaces/msg/detail/hardware_status__builder.hpp
[8.335s] -- Installing: /home/dpeter/ros2_ws/install/my_robot_interfaces/include/my_robot_interfaces/msg/detail/turtle__traits.hpp
[8.335s] -- Installing: /home/dpeter/ros2_ws/install/my_robot_interfaces/include/my_robot_interfaces/msg/detail/turtle_array__builder.hpp
[8.336s] -- Installing: /home/dpeter/ros2_ws/install/my_robot_interfaces/include/my_robot_interfaces/msg/turtle_array.hpp
[8.336s] -- Up-to-date: /home/dpeter/ros2_ws/install/my_robot_interfaces/include/my_robot_interfaces
[8.336s] -- Up-to-date: /home/dpeter/ros2_ws/install/my_robot_interfaces/include/my_robot_interfaces/srv
[8.336s] -- Up-to-date: /home/dpeter/ros2_ws/install/my_robot_interfaces/include/my_robot_interfaces/srv/detail
[8.336s] -- Installing: /home/dpeter/ros2_ws/install/my_robot_interfaces/include/my_robot_interfaces/srv/detail/catch_turtle__type_support.cpp
[8.337s] -- Installing: /home/dpeter/ros2_ws/install/my_robot_interfaces/include/my_robot_interfaces/srv/detail/catch_turtle__rosidl_typesupport_introspection_cpp.hpp
[8.337s] -- Installing: /home/dpeter/ros2_ws/install/my_robot_interfaces/include/my_robot_interfaces/srv/detail/compute_rectangle_area__rosidl_typesupport_introspection_cpp.hpp
[8.337s] -- Installing: /home/dpeter/ros2_ws/install/my_robot_interfaces/include/my_robot_interfaces/srv/detail/compute_rectangle_area__type_support.cpp
[8.337s] -- Up-to-date: /home/dpeter/ros2_ws/install/my_robot_interfaces/include/my_robot_interfaces/msg
[8.337s] -- Up-to-date: /home/dpeter/ros2_ws/install/my_robot_interfaces/include/my_robot_interfaces/msg/detail
[8.337s] -- Installing: /home/dpeter/ros2_ws/install/my_robot_interfaces/include/my_robot_interfaces/msg/detail/turtle_array__type_support.cpp
[8.338s] -- Installing: /home/dpeter/ros2_ws/install/my_robot_interfaces/include/my_robot_interfaces/msg/detail/hardware_status__type_support.cpp
[8.338s] -- Installing: /home/dpeter/ros2_ws/install/my_robot_interfaces/include/my_robot_interfaces/msg/detail/turtle__type_support.cpp
[8.338s] -- Installing: /home/dpeter/ros2_ws/install/my_robot_interfaces/include/my_robot_interfaces/msg/detail/turtle__rosidl_typesupport_introspection_cpp.hpp
[8.338s] -- Installing: /home/dpeter/ros2_ws/install/my_robot_interfaces/include/my_robot_interfaces/msg/detail/turtle_array__rosidl_typesupport_introspection_cpp.hpp
[8.338s] -- Installing: /home/dpeter/ros2_ws/install/my_robot_interfaces/include/my_robot_interfaces/msg/detail/hardware_status__rosidl_typesupport_introspection_cpp.hpp
[8.339s] -- Installing: /home/dpeter/ros2_ws/install/my_robot_interfaces/lib/libmy_robot_interfaces__rosidl_typesupport_introspection_cpp.so
[8.339s] -- Set runtime path of "/home/dpeter/ros2_ws/install/my_robot_interfaces/lib/libmy_robot_interfaces__rosidl_typesupport_introspection_cpp.so" to ""
[8.339s] -- Installing: /home/dpeter/ros2_ws/install/my_robot_interfaces/lib/libmy_robot_interfaces__rosidl_typesupport_cpp.so
[8.339s] -- Set runtime path of "/home/dpeter/ros2_ws/install/my_robot_interfaces/lib/libmy_robot_interfaces__rosidl_typesupport_cpp.so" to ""
[8.339s] -- Up-to-date: /home/dpeter/ros2_ws/install/my_robot_interfaces/share/my_robot_interfaces/environment/pythonpath.sh
[8.339s] -- Installing: /home/dpeter/ros2_ws/install/my_robot_interfaces/share/my_robot_interfaces/environment/pythonpath.dsv
[8.340s] -- Installing: /home/dpeter/ros2_ws/install/my_robot_interfaces/lib/python3.8/site-packages/my_robot_interfaces/__init__.py
[8.377s] Compiling '/home/dpeter/ros2_ws/install/my_robot_interfaces/lib/python3.8/site-packages/my_robot_interfaces/__init__.py'...
[8.382s] -- Up-to-date: /home/dpeter/ros2_ws/install/my_robot_interfaces/lib/python3.8/site-packages/my_robot_interfaces/msg
[8.382s] -- Installing: /home/dpeter/ros2_ws/install/my_robot_interfaces/lib/python3.8/site-packages/my_robot_interfaces/msg/_turtle_array_s.c
[8.382s] -- Installing: /home/dpeter/ros2_ws/install/my_robot_interfaces/lib/python3.8/site-packages/my_robot_interfaces/msg/_turtle_s.c
[8.383s] -- Installing: /home/dpeter/ros2_ws/install/my_robot_interfaces/lib/python3.8/site-packages/my_robot_interfaces/msg/_hardware_status.py
[8.383s] -- Installing: /home/dpeter/ros2_ws/install/my_robot_interfaces/lib/python3.8/site-packages/my_robot_interfaces/msg/_turtle_array.py
[8.383s] -- Installing: /home/dpeter/ros2_ws/install/my_robot_interfaces/lib/python3.8/site-packages/my_robot_interfaces/msg/_hardware_status_s.c
[8.383s] -- Installing: /home/dpeter/ros2_ws/install/my_robot_interfaces/lib/python3.8/site-packages/my_robot_interfaces/msg/__init__.py
[8.384s] -- Installing: /home/dpeter/ros2_ws/install/my_robot_interfaces/lib/python3.8/site-packages/my_robot_interfaces/msg/_turtle.py
[8.384s] -- Up-to-date: /home/dpeter/ros2_ws/install/my_robot_interfaces/lib/python3.8/site-packages/my_robot_interfaces/srv
[8.384s] -- Installing: /home/dpeter/ros2_ws/install/my_robot_interfaces/lib/python3.8/site-packages/my_robot_interfaces/srv/_catch_turtle_s.c
[8.384s] -- Installing: /home/dpeter/ros2_ws/install/my_robot_interfaces/lib/python3.8/site-packages/my_robot_interfaces/srv/_compute_rectangle_area.py
[8.384s] -- Installing: /home/dpeter/ros2_ws/install/my_robot_interfaces/lib/python3.8/site-packages/my_robot_interfaces/srv/_catch_turtle.py
[8.385s] -- Installing: /home/dpeter/ros2_ws/install/my_robot_interfaces/lib/python3.8/site-packages/my_robot_interfaces/srv/__init__.py
[8.385s] -- Installing: /home/dpeter/ros2_ws/install/my_robot_interfaces/lib/python3.8/site-packages/my_robot_interfaces/srv/_compute_rectangle_area_s.c
[8.385s] -- Installing: /home/dpeter/ros2_ws/install/my_robot_interfaces/lib/python3.8/site-packages/my_robot_interfaces/my_robot_interfaces_s__rosidl_typesupport_fastrtps_c.cpython-38-x86_64-linux-gnu.so
[8.386s] -- Set runtime path of "/home/dpeter/ros2_ws/install/my_robot_interfaces/lib/python3.8/site-packages/my_robot_interfaces/my_robot_interfaces_s__rosidl_typesupport_fastrtps_c.cpython-38-x86_64-linux-gnu.so" to ""
[8.386s] -- Installing: /home/dpeter/ros2_ws/install/my_robot_interfaces/lib/python3.8/site-packages/my_robot_interfaces/my_robot_interfaces_s__rosidl_typesupport_introspection_c.cpython-38-x86_64-linux-gnu.so
[8.387s] -- Set runtime path of "/home/dpeter/ros2_ws/install/my_robot_interfaces/lib/python3.8/site-packages/my_robot_interfaces/my_robot_interfaces_s__rosidl_typesupport_introspection_c.cpython-38-x86_64-linux-gnu.so" to ""
[8.388s] -- Installing: /home/dpeter/ros2_ws/install/my_robot_interfaces/lib/python3.8/site-packages/my_robot_interfaces/my_robot_interfaces_s__rosidl_typesupport_c.cpython-38-x86_64-linux-gnu.so
[8.388s] -- Set runtime path of "/home/dpeter/ros2_ws/install/my_robot_interfaces/lib/python3.8/site-packages/my_robot_interfaces/my_robot_interfaces_s__rosidl_typesupport_c.cpython-38-x86_64-linux-gnu.so" to ""
[8.389s] -- Installing: /home/dpeter/ros2_ws/install/my_robot_interfaces/lib/libmy_robot_interfaces__python.so
[8.389s] -- Set runtime path of "/home/dpeter/ros2_ws/install/my_robot_interfaces/lib/libmy_robot_interfaces__python.so" to ""
[8.390s] -- Up-to-date: /home/dpeter/ros2_ws/install/my_robot_interfaces/share/my_robot_interfaces/msg/HardwareStatus.idl
[8.390s] -- Up-to-date: /home/dpeter/ros2_ws/install/my_robot_interfaces/share/my_robot_interfaces/msg/Turtle.idl
[8.390s] -- Up-to-date: /home/dpeter/ros2_ws/install/my_robot_interfaces/share/my_robot_interfaces/msg/TurtleArray.idl
[8.390s] -- Up-to-date: /home/dpeter/ros2_ws/install/my_robot_interfaces/share/my_robot_interfaces/srv/ComputeRectangleArea.idl
[8.391s] -- Installing: /home/dpeter/ros2_ws/install/my_robot_interfaces/share/my_robot_interfaces/srv/CatchTurtle.idl
[8.391s] -- Up-to-date: /home/dpeter/ros2_ws/install/my_robot_interfaces/share/my_robot_interfaces/msg/HardwareStatus.msg
[8.391s] -- Up-to-date: /home/dpeter/ros2_ws/install/my_robot_interfaces/share/my_robot_interfaces/msg/Turtle.msg
[8.391s] -- Up-to-date: /home/dpeter/ros2_ws/install/my_robot_interfaces/share/my_robot_interfaces/msg/TurtleArray.msg
[8.392s] -- Up-to-date: /home/dpeter/ros2_ws/install/my_robot_interfaces/share/my_robot_interfaces/srv/ComputeRectangleArea.srv
[8.392s] -- Up-to-date: /home/dpeter/ros2_ws/install/my_robot_interfaces/share/my_robot_interfaces/srv/ComputeRectangleArea_Request.msg
[8.392s] -- Up-to-date: /home/dpeter/ros2_ws/install/my_robot_interfaces/share/my_robot_interfaces/srv/ComputeRectangleArea_Response.msg
[8.392s] -- Installing: /home/dpeter/ros2_ws/install/my_robot_interfaces/share/my_robot_interfaces/srv/CatchTurtle.srv
[8.393s] -- Up-to-date: /home/dpeter/ros2_ws/install/my_robot_interfaces/share/my_robot_interfaces/srv/CatchTurtle_Request.msg
[8.393s] -- Installing: /home/dpeter/ros2_ws/install/my_robot_interfaces/share/my_robot_interfaces/srv/CatchTurtle_Response.msg
[8.393s] -- Up-to-date: /home/dpeter/ros2_ws/install/my_robot_interfaces/share/ament_index/resource_index/package_run_dependencies/my_robot_interfaces
[8.393s] -- Up-to-date: /home/dpeter/ros2_ws/install/my_robot_interfaces/share/ament_index/resource_index/parent_prefix_path/my_robot_interfaces
[8.394s] -- Up-to-date: /home/dpeter/ros2_ws/install/my_robot_interfaces/share/my_robot_interfaces/environment/ament_prefix_path.sh
[8.394s] -- Installing: /home/dpeter/ros2_ws/install/my_robot_interfaces/share/my_robot_interfaces/environment/ament_prefix_path.dsv
[8.394s] -- Up-to-date: /home/dpeter/ros2_ws/install/my_robot_interfaces/share/my_robot_interfaces/environment/path.sh
[8.394s] -- Installing: /home/dpeter/ros2_ws/install/my_robot_interfaces/share/my_robot_interfaces/environment/path.dsv
[8.394s] -- Up-to-date: /home/dpeter/ros2_ws/install/my_robot_interfaces/share/my_robot_interfaces/local_setup.bash
[8.395s] -- Up-to-date: /home/dpeter/ros2_ws/install/my_robot_interfaces/share/my_robot_interfaces/local_setup.sh
[8.395s] -- Up-to-date: /home/dpeter/ros2_ws/install/my_robot_interfaces/share/my_robot_interfaces/local_setup.zsh
[8.395s] -- Installing: /home/dpeter/ros2_ws/install/my_robot_interfaces/share/my_robot_interfaces/local_setup.dsv
[8.395s] -- Installing: /home/dpeter/ros2_ws/install/my_robot_interfaces/share/my_robot_interfaces/package.dsv
[8.396s] -- Up-to-date: /home/dpeter/ros2_ws/install/my_robot_interfaces/share/ament_index/resource_index/packages/my_robot_interfaces
[8.396s] -- Up-to-date: /home/dpeter/ros2_ws/install/my_robot_interfaces/share/my_robot_interfaces/cmake/my_robot_interfaces__rosidl_generator_cExport.cmake
[8.396s] -- Installing: /home/dpeter/ros2_ws/install/my_robot_interfaces/share/my_robot_interfaces/cmake/my_robot_interfaces__rosidl_generator_cExport-noconfig.cmake
[8.397s] -- Up-to-date: /home/dpeter/ros2_ws/install/my_robot_interfaces/share/my_robot_interfaces/cmake/my_robot_interfaces__rosidl_typesupport_introspection_cExport.cmake
[8.397s] -- Installing: /home/dpeter/ros2_ws/install/my_robot_interfaces/share/my_robot_interfaces/cmake/my_robot_interfaces__rosidl_typesupport_introspection_cExport-noconfig.cmake
[8.397s] -- Up-to-date: /home/dpeter/ros2_ws/install/my_robot_interfaces/share/my_robot_interfaces/cmake/my_robot_interfaces__rosidl_typesupport_cExport.cmake
[8.397s] -- Installing: /home/dpeter/ros2_ws/install/my_robot_interfaces/share/my_robot_interfaces/cmake/my_robot_interfaces__rosidl_typesupport_cExport-noconfig.cmake
[8.397s] -- Up-to-date: /home/dpeter/ros2_ws/install/my_robot_interfaces/share/my_robot_interfaces/cmake/my_robot_interfaces__rosidl_generator_cppExport.cmake
[8.397s] -- Up-to-date: /home/dpeter/ros2_ws/install/my_robot_interfaces/share/my_robot_interfaces/cmake/my_robot_interfaces__rosidl_typesupport_introspection_cppExport.cmake
[8.398s] -- Installing: /home/dpeter/ros2_ws/install/my_robot_interfaces/share/my_robot_interfaces/cmake/my_robot_interfaces__rosidl_typesupport_introspection_cppExport-noconfig.cmake
[8.398s] -- Up-to-date: /home/dpeter/ros2_ws/install/my_robot_interfaces/share/my_robot_interfaces/cmake/my_robot_interfaces__rosidl_typesupport_cppExport.cmake
[8.398s] -- Installing: /home/dpeter/ros2_ws/install/my_robot_interfaces/share/my_robot_interfaces/cmake/my_robot_interfaces__rosidl_typesupport_cppExport-noconfig.cmake
[8.399s] -- Up-to-date: /home/dpeter/ros2_ws/install/my_robot_interfaces/share/my_robot_interfaces/cmake/rosidl_cmake-extras.cmake
[8.401s] -- Up-to-date: /home/dpeter/ros2_ws/install/my_robot_interfaces/share/my_robot_interfaces/cmake/ament_cmake_export_dependencies-extras.cmake
[8.402s] -- Up-to-date: /home/dpeter/ros2_ws/install/my_robot_interfaces/share/my_robot_interfaces/cmake/ament_cmake_export_libraries-extras.cmake
[8.402s] -- Up-to-date: /home/dpeter/ros2_ws/install/my_robot_interfaces/share/my_robot_interfaces/cmake/ament_cmake_export_targets-extras.cmake
[8.402s] -- Up-to-date: /home/dpeter/ros2_ws/install/my_robot_interfaces/share/my_robot_interfaces/cmake/ament_cmake_export_include_directories-extras.cmake
[8.403s] -- Up-to-date: /home/dpeter/ros2_ws/install/my_robot_interfaces/share/my_robot_interfaces/cmake/rosidl_cmake_export_typesupport_libraries-extras.cmake
[8.403s] -- Up-to-date: /home/dpeter/ros2_ws/install/my_robot_interfaces/share/my_robot_interfaces/cmake/rosidl_cmake_export_typesupport_targets-extras.cmake
[8.403s] -- Up-to-date: /home/dpeter/ros2_ws/install/my_robot_interfaces/share/my_robot_interfaces/cmake/my_robot_interfacesConfig.cmake
[8.404s] -- Up-to-date: /home/dpeter/ros2_ws/install/my_robot_interfaces/share/my_robot_interfaces/cmake/my_robot_interfacesConfig-version.cmake
[8.404s] -- Up-to-date: /home/dpeter/ros2_ws/install/my_robot_interfaces/share/my_robot_interfaces/package.xml
[8.404s] Invoked command in '/home/dpeter/ros2_ws/build/my_robot_interfaces' returned '0': CMAKE_PREFIX_PATH=${CMAKE_PREFIX_PATH}:/home/dpeter/ros2_ws/install/turtlesim_catch_them_all:/home/dpeter/ros2_ws/install/my_py_pkg:/opt/ros/foxy /usr/bin/cmake --install /home/dpeter/ros2_ws/build/my_robot_interfaces
