[0.035s] Invoking command in '/home/dpeter/ros2_ws/build/my_cpp_pkg': CMAKE_PREFIX_PATH=/home/dpeter/ros2_ws/install/my_robot_interfaces:/home/dpeter/ros2_ws/install/my_cpp_pkg:/home/dpeter/ros2_ws/install/my_robot_bringup:/home/dpeter/ros2_ws/install/turtlesim_catch_them_all:/home/dpeter/ros2_ws/install/my_py_pkg:/opt/ros/foxy PYTHONPATH=/home/dpeter/ros2_ws/install/my_robot_interfaces/lib/python3.8/site-packages:/home/dpeter/ros2_ws/build/turtlesim_catch_them_all:/home/dpeter/ros2_ws/install/turtlesim_catch_them_all/lib/python3.8/site-packages:/home/dpeter/ros2_ws/install/my_py_pkg/lib/python3.8/site-packages:/opt/ros/foxy/lib/python3.8/site-packages /usr/bin/cmake --build /home/dpeter/ros2_ws/build/my_cpp_pkg -- -j8 -l8
[0.396s] [ 37%] Built target cpp_node
[0.398s] [ 37%] Built target robot_news_station
[0.399s] [ 37%] Built target number_publisher
[0.400s] [ 50%] Built target smartphone
[0.401s] [ 62%] Built target add_two_ints_server
[0.403s] [ 75%] Built target add_two_ints_client
[0.403s] [ 87%] Built target add_two_ints_client_no_oop
[0.404s] [100%] Built target hardware_status_publisher
[0.404s] Invoked command in '/home/dpeter/ros2_ws/build/my_cpp_pkg' returned '0': CMAKE_PREFIX_PATH=/home/dpeter/ros2_ws/install/my_robot_interfaces:/home/dpeter/ros2_ws/install/my_cpp_pkg:/home/dpeter/ros2_ws/install/my_robot_bringup:/home/dpeter/ros2_ws/install/turtlesim_catch_them_all:/home/dpeter/ros2_ws/install/my_py_pkg:/opt/ros/foxy PYTHONPATH=/home/dpeter/ros2_ws/install/my_robot_interfaces/lib/python3.8/site-packages:/home/dpeter/ros2_ws/build/turtlesim_catch_them_all:/home/dpeter/ros2_ws/install/turtlesim_catch_them_all/lib/python3.8/site-packages:/home/dpeter/ros2_ws/install/my_py_pkg/lib/python3.8/site-packages:/opt/ros/foxy/lib/python3.8/site-packages /usr/bin/cmake --build /home/dpeter/ros2_ws/build/my_cpp_pkg -- -j8 -l8
[0.730s] Invoking command in '/home/dpeter/ros2_ws/build/my_cpp_pkg': CMAKE_PREFIX_PATH=/home/dpeter/ros2_ws/install/my_robot_interfaces:/home/dpeter/ros2_ws/install/my_cpp_pkg:/home/dpeter/ros2_ws/install/my_robot_bringup:/home/dpeter/ros2_ws/install/turtlesim_catch_them_all:/home/dpeter/ros2_ws/install/my_py_pkg:/opt/ros/foxy PYTHONPATH=/home/dpeter/ros2_ws/install/my_robot_interfaces/lib/python3.8/site-packages:/home/dpeter/ros2_ws/build/turtlesim_catch_them_all:/home/dpeter/ros2_ws/install/turtlesim_catch_them_all/lib/python3.8/site-packages:/home/dpeter/ros2_ws/install/my_py_pkg/lib/python3.8/site-packages:/opt/ros/foxy/lib/python3.8/site-packages /usr/bin/cmake --install /home/dpeter/ros2_ws/build/my_cpp_pkg
[0.747s] -- Install configuration: ""
[0.747s] -- Up-to-date: /home/dpeter/ros2_ws/install/my_cpp_pkg/lib/my_cpp_pkg/cpp_node
[0.748s] -- Up-to-date: /home/dpeter/ros2_ws/install/my_cpp_pkg/lib/my_cpp_pkg/robot_news_station
[0.749s] -- Up-to-date: /home/dpeter/ros2_ws/install/my_cpp_pkg/lib/my_cpp_pkg/smartphone
[0.749s] -- Up-to-date: /home/dpeter/ros2_ws/install/my_cpp_pkg/lib/my_cpp_pkg/add_two_ints_server
[0.750s] -- Up-to-date: /home/dpeter/ros2_ws/install/my_cpp_pkg/lib/my_cpp_pkg/add_two_ints_client_no_oop
[0.751s] -- Up-to-date: /home/dpeter/ros2_ws/install/my_cpp_pkg/lib/my_cpp_pkg/add_two_ints_client
[0.752s] -- Up-to-date: /home/dpeter/ros2_ws/install/my_cpp_pkg/lib/my_cpp_pkg/hardware_status_publisher
[0.753s] -- Up-to-date: /home/dpeter/ros2_ws/install/my_cpp_pkg/lib/my_cpp_pkg/number_publisher
[0.754s] -- Up-to-date: /home/dpeter/ros2_ws/install/my_cpp_pkg/share/ament_index/resource_index/package_run_dependencies/my_cpp_pkg
[0.754s] -- Up-to-date: /home/dpeter/ros2_ws/install/my_cpp_pkg/share/ament_index/resource_index/parent_prefix_path/my_cpp_pkg
[0.754s] -- Up-to-date: /home/dpeter/ros2_ws/install/my_cpp_pkg/share/my_cpp_pkg/environment/ament_prefix_path.sh
[0.754s] -- Up-to-date: /home/dpeter/ros2_ws/install/my_cpp_pkg/share/my_cpp_pkg/environment/ament_prefix_path.dsv
[0.755s] -- Up-to-date: /home/dpeter/ros2_ws/install/my_cpp_pkg/share/my_cpp_pkg/environment/path.sh
[0.755s] -- Up-to-date: /home/dpeter/ros2_ws/install/my_cpp_pkg/share/my_cpp_pkg/environment/path.dsv
[0.755s] -- Up-to-date: /home/dpeter/ros2_ws/install/my_cpp_pkg/share/my_cpp_pkg/local_setup.bash
[0.755s] -- Up-to-date: /home/dpeter/ros2_ws/install/my_cpp_pkg/share/my_cpp_pkg/local_setup.sh
[0.756s] -- Up-to-date: /home/dpeter/ros2_ws/install/my_cpp_pkg/share/my_cpp_pkg/local_setup.zsh
[0.756s] -- Up-to-date: /home/dpeter/ros2_ws/install/my_cpp_pkg/share/my_cpp_pkg/local_setup.dsv
[0.756s] -- Installing: /home/dpeter/ros2_ws/install/my_cpp_pkg/share/my_cpp_pkg/package.dsv
[0.756s] -- Up-to-date: /home/dpeter/ros2_ws/install/my_cpp_pkg/share/ament_index/resource_index/packages/my_cpp_pkg
[0.756s] -- Up-to-date: /home/dpeter/ros2_ws/install/my_cpp_pkg/share/my_cpp_pkg/cmake/my_cpp_pkgConfig.cmake
[0.757s] -- Up-to-date: /home/dpeter/ros2_ws/install/my_cpp_pkg/share/my_cpp_pkg/cmake/my_cpp_pkgConfig-version.cmake
[0.757s] -- Up-to-date: /home/dpeter/ros2_ws/install/my_cpp_pkg/share/my_cpp_pkg/package.xml
[0.762s] Invoked command in '/home/dpeter/ros2_ws/build/my_cpp_pkg' returned '0': CMAKE_PREFIX_PATH=/home/dpeter/ros2_ws/install/my_robot_interfaces:/home/dpeter/ros2_ws/install/my_cpp_pkg:/home/dpeter/ros2_ws/install/my_robot_bringup:/home/dpeter/ros2_ws/install/turtlesim_catch_them_all:/home/dpeter/ros2_ws/install/my_py_pkg:/opt/ros/foxy PYTHONPATH=/home/dpeter/ros2_ws/install/my_robot_interfaces/lib/python3.8/site-packages:/home/dpeter/ros2_ws/build/turtlesim_catch_them_all:/home/dpeter/ros2_ws/install/turtlesim_catch_them_all/lib/python3.8/site-packages:/home/dpeter/ros2_ws/install/my_py_pkg/lib/python3.8/site-packages:/opt/ros/foxy/lib/python3.8/site-packages /usr/bin/cmake --install /home/dpeter/ros2_ws/build/my_cpp_pkg
