[0.805s] Invoking command in '/home/dpeter/ros2_ws/build/my_py_pkg': PYTHONPATH=/home/dpeter/ros2_ws/install/my_py_pkg/lib/python3.8/site-packages:${PYTHONPATH} /usr/bin/python3 setup.py develop --prefix /home/dpeter/ros2_ws/install/my_py_pkg --uninstall --editable --build-directory /home/dpeter/ros2_ws/build/my_py_pkg/build
[1.102s] running develop
[1.308s] Invoked command in '/home/dpeter/ros2_ws/build/my_py_pkg' returned '0': PYTHONPATH=/home/dpeter/ros2_ws/install/my_py_pkg/lib/python3.8/site-packages:${PYTHONPATH} /usr/bin/python3 setup.py develop --prefix /home/dpeter/ros2_ws/install/my_py_pkg --uninstall --editable --build-directory /home/dpeter/ros2_ws/build/my_py_pkg/build
[1.309s] Invoking command in '/home/dpeter/ros2_ws/src/my_py_pkg': PYTHONPATH=/home/dpeter/ros2_ws/install/my_py_pkg/lib/python3.8/site-packages:${PYTHONPATH} /usr/bin/python3 setup.py egg_info --egg-base ../../build/my_py_pkg build --build-base /home/dpeter/ros2_ws/build/my_py_pkg/build install --prefix /home/dpeter/ros2_ws/install/my_py_pkg --record /home/dpeter/ros2_ws/build/my_py_pkg/install.log --single-version-externally-managed
[1.605s] running egg_info
[1.605s] writing ../../build/my_py_pkg/my_py_pkg.egg-info/PKG-INFO
[1.605s] writing dependency_links to ../../build/my_py_pkg/my_py_pkg.egg-info/dependency_links.txt
[1.606s] writing entry points to ../../build/my_py_pkg/my_py_pkg.egg-info/entry_points.txt
[1.606s] writing requirements to ../../build/my_py_pkg/my_py_pkg.egg-info/requires.txt
[1.606s] writing top-level names to ../../build/my_py_pkg/my_py_pkg.egg-info/top_level.txt
[1.651s] reading manifest file '../../build/my_py_pkg/my_py_pkg.egg-info/SOURCES.txt'
[1.652s] writing manifest file '../../build/my_py_pkg/my_py_pkg.egg-info/SOURCES.txt'
[1.653s] running build
[1.653s] running build_py
[1.653s] running install
[1.654s] running install_lib
[1.656s] running install_data
[1.656s] running install_egg_info
[1.659s] removing '/home/dpeter/ros2_ws/install/my_py_pkg/lib/python3.8/site-packages/my_py_pkg-0.0.0-py3.8.egg-info' (and everything under it)
[1.659s] Copying ../../build/my_py_pkg/my_py_pkg.egg-info to /home/dpeter/ros2_ws/install/my_py_pkg/lib/python3.8/site-packages/my_py_pkg-0.0.0-py3.8.egg-info
[1.660s] running install_scripts
[1.682s] Installing py_node script to /home/dpeter/ros2_ws/install/my_py_pkg/lib/my_py_pkg
[1.682s] Installing robot_news_station script to /home/dpeter/ros2_ws/install/my_py_pkg/lib/my_py_pkg
[1.682s] Installing smartphone script to /home/dpeter/ros2_ws/install/my_py_pkg/lib/my_py_pkg
[1.683s] writing list of installed files to '/home/dpeter/ros2_ws/build/my_py_pkg/install.log'
[1.706s] Invoked command in '/home/dpeter/ros2_ws/src/my_py_pkg' returned '0': PYTHONPATH=/home/dpeter/ros2_ws/install/my_py_pkg/lib/python3.8/site-packages:${PYTHONPATH} /usr/bin/python3 setup.py egg_info --egg-base ../../build/my_py_pkg build --build-base /home/dpeter/ros2_ws/build/my_py_pkg/build install --prefix /home/dpeter/ros2_ws/install/my_py_pkg --record /home/dpeter/ros2_ws/build/my_py_pkg/install.log --single-version-externally-managed
