[1.175s] Invoking command in '/home/dpeter/ros2_ws/build/turtlesim_catch_them_all': CMAKE_PREFIX_PATH=/home/dpeter/ros2_ws/install/my_robot_interfaces:/home/dpeter/ros2_ws/install/my_cpp_pkg:/home/dpeter/ros2_ws/install/my_robot_bringup PYTHONPATH=/home/dpeter/ros2_ws/install/turtlesim_catch_them_all/lib/python3.8/site-packages:/home/dpeter/ros2_ws/install/my_robot_interfaces/lib/python3.8/site-packages:/home/dpeter/ros2_ws/build/turtlesim_catch_them_all:/home/dpeter/ros2_ws/install/turtlesim_catch_them_all/lib/python3.8/site-packages:/home/dpeter/ros2_ws/install/my_py_pkg/lib/python3.8/site-packages:/opt/ros/foxy/lib/python3.8/site-packages /usr/bin/python3 setup.py develop --prefix /home/dpeter/ros2_ws/install/turtlesim_catch_them_all --uninstall --editable --build-directory /home/dpeter/ros2_ws/build/turtlesim_catch_them_all/build
[1.473s] running develop
[1.672s] Invoked command in '/home/dpeter/ros2_ws/build/turtlesim_catch_them_all' returned '0': CMAKE_PREFIX_PATH=/home/dpeter/ros2_ws/install/my_robot_interfaces:/home/dpeter/ros2_ws/install/my_cpp_pkg:/home/dpeter/ros2_ws/install/my_robot_bringup PYTHONPATH=/home/dpeter/ros2_ws/install/turtlesim_catch_them_all/lib/python3.8/site-packages:/home/dpeter/ros2_ws/install/my_robot_interfaces/lib/python3.8/site-packages:/home/dpeter/ros2_ws/build/turtlesim_catch_them_all:/home/dpeter/ros2_ws/install/turtlesim_catch_them_all/lib/python3.8/site-packages:/home/dpeter/ros2_ws/install/my_py_pkg/lib/python3.8/site-packages:/opt/ros/foxy/lib/python3.8/site-packages /usr/bin/python3 setup.py develop --prefix /home/dpeter/ros2_ws/install/turtlesim_catch_them_all --uninstall --editable --build-directory /home/dpeter/ros2_ws/build/turtlesim_catch_them_all/build
[1.673s] Invoking command in '/home/dpeter/ros2_ws/src/turtlesim_catch_them_all': CMAKE_PREFIX_PATH=/home/dpeter/ros2_ws/install/my_robot_interfaces:/home/dpeter/ros2_ws/install/my_cpp_pkg:/home/dpeter/ros2_ws/install/my_robot_bringup PYTHONPATH=/home/dpeter/ros2_ws/install/turtlesim_catch_them_all/lib/python3.8/site-packages:/home/dpeter/ros2_ws/install/my_robot_interfaces/lib/python3.8/site-packages:/home/dpeter/ros2_ws/build/turtlesim_catch_them_all:/home/dpeter/ros2_ws/install/turtlesim_catch_them_all/lib/python3.8/site-packages:/home/dpeter/ros2_ws/install/my_py_pkg/lib/python3.8/site-packages:/opt/ros/foxy/lib/python3.8/site-packages /usr/bin/python3 setup.py egg_info --egg-base ../../build/turtlesim_catch_them_all build --build-base /home/dpeter/ros2_ws/build/turtlesim_catch_them_all/build install --prefix /home/dpeter/ros2_ws/install/turtlesim_catch_them_all --record /home/dpeter/ros2_ws/build/turtlesim_catch_them_all/install.log --single-version-externally-managed
[1.954s] running egg_info
[1.955s] writing ../../build/turtlesim_catch_them_all/turtlesim_catch_them_all.egg-info/PKG-INFO
[1.955s] writing dependency_links to ../../build/turtlesim_catch_them_all/turtlesim_catch_them_all.egg-info/dependency_links.txt
[1.955s] writing entry points to ../../build/turtlesim_catch_them_all/turtlesim_catch_them_all.egg-info/entry_points.txt
[1.955s] writing requirements to ../../build/turtlesim_catch_them_all/turtlesim_catch_them_all.egg-info/requires.txt
[1.956s] writing top-level names to ../../build/turtlesim_catch_them_all/turtlesim_catch_them_all.egg-info/top_level.txt
[2.001s] reading manifest file '../../build/turtlesim_catch_them_all/turtlesim_catch_them_all.egg-info/SOURCES.txt'
[2.003s] writing manifest file '../../build/turtlesim_catch_them_all/turtlesim_catch_them_all.egg-info/SOURCES.txt'
[2.003s] running build
[2.003s] running build_py
[2.003s] copying turtlesim_catch_them_all/turtle_spawner.py -> /home/dpeter/ros2_ws/build/turtlesim_catch_them_all/build/lib/turtlesim_catch_them_all
[2.003s] running install
[2.004s] running install_lib
[2.005s] copying /home/dpeter/ros2_ws/build/turtlesim_catch_them_all/build/lib/turtlesim_catch_them_all/turtle_spawner.py -> /home/dpeter/ros2_ws/install/turtlesim_catch_them_all/lib/python3.8/site-packages/turtlesim_catch_them_all
[2.006s] byte-compiling /home/dpeter/ros2_ws/install/turtlesim_catch_them_all/lib/python3.8/site-packages/turtlesim_catch_them_all/turtle_spawner.py to turtle_spawner.cpython-38.pyc
[2.009s] running install_data
[2.009s] running install_egg_info
[2.011s] removing '/home/dpeter/ros2_ws/install/turtlesim_catch_them_all/lib/python3.8/site-packages/turtlesim_catch_them_all-0.0.0-py3.8.egg-info' (and everything under it)
[2.012s] Copying ../../build/turtlesim_catch_them_all/turtlesim_catch_them_all.egg-info to /home/dpeter/ros2_ws/install/turtlesim_catch_them_all/lib/python3.8/site-packages/turtlesim_catch_them_all-0.0.0-py3.8.egg-info
[2.013s] running install_scripts
[2.036s] Installing turtle_spawner script to /home/dpeter/ros2_ws/install/turtlesim_catch_them_all/lib/turtlesim_catch_them_all
[2.036s] Installing turtlesim_controller script to /home/dpeter/ros2_ws/install/turtlesim_catch_them_all/lib/turtlesim_catch_them_all
[2.036s] writing list of installed files to '/home/dpeter/ros2_ws/build/turtlesim_catch_them_all/install.log'
[2.063s] Invoked command in '/home/dpeter/ros2_ws/src/turtlesim_catch_them_all' returned '0': CMAKE_PREFIX_PATH=/home/dpeter/ros2_ws/install/my_robot_interfaces:/home/dpeter/ros2_ws/install/my_cpp_pkg:/home/dpeter/ros2_ws/install/my_robot_bringup PYTHONPATH=/home/dpeter/ros2_ws/install/turtlesim_catch_them_all/lib/python3.8/site-packages:/home/dpeter/ros2_ws/install/my_robot_interfaces/lib/python3.8/site-packages:/home/dpeter/ros2_ws/build/turtlesim_catch_them_all:/home/dpeter/ros2_ws/install/turtlesim_catch_them_all/lib/python3.8/site-packages:/home/dpeter/ros2_ws/install/my_py_pkg/lib/python3.8/site-packages:/opt/ros/foxy/lib/python3.8/site-packages /usr/bin/python3 setup.py egg_info --egg-base ../../build/turtlesim_catch_them_all build --build-base /home/dpeter/ros2_ws/build/turtlesim_catch_them_all/build install --prefix /home/dpeter/ros2_ws/install/turtlesim_catch_them_all --record /home/dpeter/ros2_ws/build/turtlesim_catch_them_all/install.log --single-version-externally-managed
