[0.026s] Invoking command in '/home/dpeter/ros2_ws/build/my_robot_interfaces': CMAKE_PREFIX_PATH=${CMAKE_PREFIX_PATH}:/home/dpeter/ros2_ws/install/turtlesim_catch_them_all:/home/dpeter/ros2_ws/install/my_py_pkg:/opt/ros/foxy /usr/bin/cmake --build /home/dpeter/ros2_ws/build/my_robot_interfaces -- -j8 -l8
[0.061s] -- Found ament_cmake: 0.9.9 (/opt/ros/foxy/share/ament_cmake/cmake)
[0.099s] -- Found PythonInterp: /usr/bin/python3 (found suitable version "3.8.10", minimum required is "3") 
[0.099s] -- Using PYTHON_EXECUTABLE: /usr/bin/python3
[0.358s] -- Found rosidl_default_generators: 1.0.1 (/opt/ros/foxy/share/rosidl_default_generators/cmake)
[0.361s] -- Using all available rosidl_typesupport_c: rosidl_typesupport_fastrtps_c;rosidl_typesupport_introspection_c
[0.366s] -- Found rosidl_adapter: 1.2.1 (/opt/ros/foxy/share/rosidl_adapter/cmake)
[0.569s] -- Using all available rosidl_typesupport_cpp: rosidl_typesupport_fastrtps_cpp;rosidl_typesupport_introspection_cpp
[0.642s] -- Found PythonInterp: /usr/bin/python3 (found version "3.8.10") 
[0.840s] -- Found ament_cmake_ros: 0.9.2 (/opt/ros/foxy/share/ament_cmake_ros/cmake)
[0.987s] -- Using all available rosidl_typesupport_c: rosidl_typesupport_fastrtps_c;rosidl_typesupport_introspection_c
[0.999s] -- Using all available rosidl_typesupport_cpp: rosidl_typesupport_fastrtps_cpp;rosidl_typesupport_introspection_cpp
[1.039s] -- Found PythonInterp: /usr/bin/python3 (found suitable version "3.8.10", minimum required is "3.5") 
[1.040s] -- Found python_cmake_module: 0.8.1 (/opt/ros/foxy/share/python_cmake_module/cmake)
[1.079s] -- Using PYTHON_EXECUTABLE: /usr/bin/python3
[1.079s] -- Using PYTHON_INCLUDE_DIRS: /usr/include/python3.8
[1.079s] -- Using PYTHON_LIBRARIES: /usr/lib/x86_64-linux-gnu/libpython3.8.so
[1.114s] -- Configuring done
[1.175s] -- Generating done
[1.180s] -- Build files have been written to: /home/dpeter/ros2_ws/build/my_robot_interfaces
[1.214s] [  1%] [34m[1mGenerating C code for ROS interfaces[0m
[1.216s] [35m[1mScanning dependencies of target my_robot_interfaces__cpp[0m
[1.231s] [  3%] [34m[1mGenerating C++ code for ROS interfaces[0m
[1.964s] [35m[1mScanning dependencies of target my_robot_interfaces__rosidl_generator_c[0m
[1.990s] [  4%] [32mBuilding C object CMakeFiles/my_robot_interfaces__rosidl_generator_c.dir/rosidl_generator_c/my_robot_interfaces/msg/detail/hardware_status__functions.c.o[0m
[1.993s] [  7%] [32mBuilding C object CMakeFiles/my_robot_interfaces__rosidl_generator_c.dir/rosidl_generator_c/my_robot_interfaces/srv/detail/compute_rectangle_area__functions.c.o[0m
[1.993s] [  7%] [32mBuilding C object CMakeFiles/my_robot_interfaces__rosidl_generator_c.dir/rosidl_generator_c/my_robot_interfaces/msg/detail/turtle_array__functions.c.o[0m
[1.994s] [  9%] [32mBuilding C object CMakeFiles/my_robot_interfaces__rosidl_generator_c.dir/rosidl_generator_c/my_robot_interfaces/srv/detail/catch_turtle__functions.c.o[0m
[1.995s] [ 11%] [32mBuilding C object CMakeFiles/my_robot_interfaces__rosidl_generator_c.dir/rosidl_generator_c/my_robot_interfaces/msg/detail/turtle__functions.c.o[0m
[2.115s] [ 12%] [32m[1mLinking C shared library libmy_robot_interfaces__rosidl_generator_c.so[0m
[2.152s] [ 12%] Built target my_robot_interfaces__cpp
[2.172s] [ 14%] [34m[1mGenerating C++ type support for eProsima Fast-RTPS[0m
[2.173s] [ 17%] [34m[1mGenerating C++ type support dispatch for ROS interfaces[0m
[2.173s] [ 17%] [34m[1mGenerating C++ introspection for ROS interfaces[0m
[2.180s] [ 17%] Built target my_robot_interfaces__rosidl_generator_c
[2.201s] [ 20%] [34m[1mGenerating C introspection for ROS interfaces[0m
[2.201s] [ 20%] [34m[1mGenerating C type support dispatch for ROS interfaces[0m
[2.907s] [35m[1mScanning dependencies of target my_robot_interfaces__rosidl_typesupport_cpp[0m
[2.935s] [ 22%] [32mBuilding CXX object CMakeFiles/my_robot_interfaces__rosidl_typesupport_cpp.dir/rosidl_typesupport_cpp/my_robot_interfaces/msg/hardware_status__type_support.cpp.o[0m
[2.951s] [ 23%] [32mBuilding CXX object CMakeFiles/my_robot_interfaces__rosidl_typesupport_cpp.dir/rosidl_typesupport_cpp/my_robot_interfaces/msg/turtle__type_support.cpp.o[0m
[2.958s] [ 25%] [32mBuilding CXX object CMakeFiles/my_robot_interfaces__rosidl_typesupport_cpp.dir/rosidl_typesupport_cpp/my_robot_interfaces/msg/turtle_array__type_support.cpp.o[0m
[2.976s] [ 26%] [32mBuilding CXX object CMakeFiles/my_robot_interfaces__rosidl_typesupport_cpp.dir/rosidl_typesupport_cpp/my_robot_interfaces/srv/compute_rectangle_area__type_support.cpp.o[0m
[2.985s] [35m[1mScanning dependencies of target my_robot_interfaces__rosidl_typesupport_c[0m
[3.051s] [ 28%] [32mBuilding CXX object CMakeFiles/my_robot_interfaces__rosidl_typesupport_c.dir/rosidl_typesupport_c/my_robot_interfaces/msg/hardware_status__type_support.cpp.o[0m
[3.231s] [ 30%] [32mBuilding CXX object CMakeFiles/my_robot_interfaces__rosidl_typesupport_c.dir/rosidl_typesupport_c/my_robot_interfaces/msg/turtle__type_support.cpp.o[0m
[3.296s] [35m[1mScanning dependencies of target my_robot_interfaces__rosidl_typesupport_fastrtps_cpp[0m
[3.330s] [35m[1mScanning dependencies of target my_robot_interfaces__rosidl_typesupport_introspection_cpp[0m
[3.365s] [ 31%] [32mBuilding CXX object CMakeFiles/my_robot_interfaces__rosidl_typesupport_fastrtps_cpp.dir/rosidl_typesupport_fastrtps_cpp/my_robot_interfaces/msg/detail/dds_fastrtps/hardware_status__type_support.cpp.o[0m
[3.405s] [ 33%] [32mBuilding CXX object CMakeFiles/my_robot_interfaces__rosidl_typesupport_introspection_cpp.dir/rosidl_typesupport_introspection_cpp/my_robot_interfaces/msg/detail/hardware_status__type_support.cpp.o[0m
[3.415s] [ 34%] [32mBuilding CXX object CMakeFiles/my_robot_interfaces__rosidl_typesupport_c.dir/rosidl_typesupport_c/my_robot_interfaces/msg/turtle_array__type_support.cpp.o[0m
[3.435s] [35m[1mScanning dependencies of target my_robot_interfaces__rosidl_typesupport_introspection_c[0m
[3.518s] [ 36%] [32mBuilding C object CMakeFiles/my_robot_interfaces__rosidl_typesupport_introspection_c.dir/rosidl_typesupport_introspection_c/my_robot_interfaces/msg/detail/hardware_status__type_support.c.o[0m
[3.607s] [ 38%] [32mBuilding CXX object CMakeFiles/my_robot_interfaces__rosidl_typesupport_c.dir/rosidl_typesupport_c/my_robot_interfaces/srv/compute_rectangle_area__type_support.cpp.o[0m
[3.718s] [ 39%] [32mBuilding CXX object CMakeFiles/my_robot_interfaces__rosidl_typesupport_introspection_cpp.dir/rosidl_typesupport_introspection_cpp/my_robot_interfaces/msg/detail/turtle__type_support.cpp.o[0m
[3.727s] [ 41%] [32mBuilding C object CMakeFiles/my_robot_interfaces__rosidl_typesupport_introspection_c.dir/rosidl_typesupport_introspection_c/my_robot_interfaces/msg/detail/turtle__type_support.c.o[0m
[3.778s] [ 42%] [32mBuilding CXX object CMakeFiles/my_robot_interfaces__rosidl_typesupport_c.dir/rosidl_typesupport_c/my_robot_interfaces/srv/catch_turtle__type_support.cpp.o[0m
[3.796s] [ 44%] [32mBuilding C object CMakeFiles/my_robot_interfaces__rosidl_typesupport_introspection_c.dir/rosidl_typesupport_introspection_c/my_robot_interfaces/msg/detail/turtle_array__type_support.c.o[0m
[3.816s] [ 46%] [32mBuilding CXX object CMakeFiles/my_robot_interfaces__rosidl_typesupport_cpp.dir/rosidl_typesupport_cpp/my_robot_interfaces/srv/catch_turtle__type_support.cpp.o[0m
[3.915s] [ 47%] [32mBuilding CXX object CMakeFiles/my_robot_interfaces__rosidl_typesupport_introspection_cpp.dir/rosidl_typesupport_introspection_cpp/my_robot_interfaces/msg/detail/turtle_array__type_support.cpp.o[0m
[3.925s] [ 49%] [32mBuilding C object CMakeFiles/my_robot_interfaces__rosidl_typesupport_introspection_c.dir/rosidl_typesupport_introspection_c/my_robot_interfaces/srv/detail/compute_rectangle_area__type_support.c.o[0m
[3.945s] [ 50%] [32m[1mLinking CXX shared library libmy_robot_interfaces__rosidl_typesupport_c.so[0m
[3.972s] [ 52%] [32mBuilding CXX object CMakeFiles/my_robot_interfaces__rosidl_typesupport_fastrtps_cpp.dir/rosidl_typesupport_fastrtps_cpp/my_robot_interfaces/msg/detail/dds_fastrtps/turtle__type_support.cpp.o[0m
[4.070s] [ 53%] [32mBuilding C object CMakeFiles/my_robot_interfaces__rosidl_typesupport_introspection_c.dir/rosidl_typesupport_introspection_c/my_robot_interfaces/srv/detail/catch_turtle__type_support.c.o[0m
[4.111s] [ 53%] Built target my_robot_interfaces__rosidl_typesupport_c
[4.136s] [ 55%] [32mBuilding CXX object CMakeFiles/my_robot_interfaces__rosidl_typesupport_fastrtps_cpp.dir/rosidl_typesupport_fastrtps_cpp/my_robot_interfaces/msg/detail/dds_fastrtps/turtle_array__type_support.cpp.o[0m
[4.279s] [ 57%] [32m[1mLinking C shared library libmy_robot_interfaces__rosidl_typesupport_introspection_c.so[0m
[4.356s] [ 58%] [32mBuilding CXX object CMakeFiles/my_robot_interfaces__rosidl_typesupport_introspection_cpp.dir/rosidl_typesupport_introspection_cpp/my_robot_interfaces/srv/detail/compute_rectangle_area__type_support.cpp.o[0m
[4.359s] [ 58%] Built target my_robot_interfaces__rosidl_typesupport_introspection_c
[4.388s] [ 60%] [32mBuilding CXX object CMakeFiles/my_robot_interfaces__rosidl_typesupport_fastrtps_cpp.dir/rosidl_typesupport_fastrtps_cpp/my_robot_interfaces/srv/detail/dds_fastrtps/compute_rectangle_area__type_support.cpp.o[0m
[4.507s] [ 61%] [32mBuilding CXX object CMakeFiles/my_robot_interfaces__rosidl_typesupport_introspection_cpp.dir/rosidl_typesupport_introspection_cpp/my_robot_interfaces/srv/detail/catch_turtle__type_support.cpp.o[0m
[4.591s] [ 63%] [32mBuilding CXX object CMakeFiles/my_robot_interfaces__rosidl_typesupport_fastrtps_cpp.dir/rosidl_typesupport_fastrtps_cpp/my_robot_interfaces/srv/detail/dds_fastrtps/catch_turtle__type_support.cpp.o[0m
[4.634s] [ 65%] [32m[1mLinking CXX shared library libmy_robot_interfaces__rosidl_typesupport_cpp.so[0m
[4.841s] [ 65%] Built target my_robot_interfaces__rosidl_typesupport_cpp
[5.218s] [ 66%] [32m[1mLinking CXX shared library libmy_robot_interfaces__rosidl_typesupport_introspection_cpp.so[0m
[5.337s] [ 66%] Built target my_robot_interfaces__rosidl_typesupport_introspection_cpp
[5.521s] [ 68%] [32m[1mLinking CXX shared library libmy_robot_interfaces__rosidl_typesupport_fastrtps_cpp.so[0m
[5.639s] [ 68%] Built target my_robot_interfaces__rosidl_typesupport_fastrtps_cpp
[5.654s] [ 69%] [34m[1mGenerating C type support for eProsima Fast-RTPS[0m
[6.247s] [35m[1mScanning dependencies of target my_robot_interfaces__rosidl_typesupport_fastrtps_c[0m
[6.278s] [ 71%] [32mBuilding CXX object CMakeFiles/my_robot_interfaces__rosidl_typesupport_fastrtps_c.dir/rosidl_typesupport_fastrtps_c/my_robot_interfaces/msg/detail/turtle_array__type_support_c.cpp.o[0m
[6.278s] [ 73%] [32mBuilding CXX object CMakeFiles/my_robot_interfaces__rosidl_typesupport_fastrtps_c.dir/rosidl_typesupport_fastrtps_c/my_robot_interfaces/msg/detail/turtle__type_support_c.cpp.o[0m
[6.280s] [ 74%] [32mBuilding CXX object CMakeFiles/my_robot_interfaces__rosidl_typesupport_fastrtps_c.dir/rosidl_typesupport_fastrtps_c/my_robot_interfaces/msg/detail/hardware_status__type_support_c.cpp.o[0m
[6.281s] [ 76%] [32mBuilding CXX object CMakeFiles/my_robot_interfaces__rosidl_typesupport_fastrtps_c.dir/rosidl_typesupport_fastrtps_c/my_robot_interfaces/srv/detail/compute_rectangle_area__type_support_c.cpp.o[0m
[6.286s] [ 77%] [32mBuilding CXX object CMakeFiles/my_robot_interfaces__rosidl_typesupport_fastrtps_c.dir/rosidl_typesupport_fastrtps_c/my_robot_interfaces/srv/detail/catch_turtle__type_support_c.cpp.o[0m
[7.105s] [ 79%] [32m[1mLinking CXX shared library libmy_robot_interfaces__rosidl_typesupport_fastrtps_c.so[0m
[7.230s] [ 79%] Built target my_robot_interfaces__rosidl_typesupport_fastrtps_c
[7.260s] [ 79%] Built target my_robot_interfaces
[7.273s] [35m[1mScanning dependencies of target my_robot_interfaces__py[0m
[7.287s] [ 80%] [34m[1mGenerating Python code for ROS interfaces[0m
[8.377s] [ 80%] Built target my_robot_interfaces__py
[8.394s] [35m[1mScanning dependencies of target my_robot_interfaces__python[0m
[8.440s] [ 82%] [32mBuilding C object CMakeFiles/my_robot_interfaces__python.dir/rosidl_generator_py/my_robot_interfaces/msg/_turtle_s.c.o[0m
[8.441s] [ 84%] [32mBuilding C object CMakeFiles/my_robot_interfaces__python.dir/rosidl_generator_py/my_robot_interfaces/msg/_turtle_array_s.c.o[0m
[8.443s] [ 85%] [32mBuilding C object CMakeFiles/my_robot_interfaces__python.dir/rosidl_generator_py/my_robot_interfaces/msg/_hardware_status_s.c.o[0m
[8.443s] [ 87%] [32mBuilding C object CMakeFiles/my_robot_interfaces__python.dir/rosidl_generator_py/my_robot_interfaces/srv/_compute_rectangle_area_s.c.o[0m
[8.445s] [ 88%] [32mBuilding C object CMakeFiles/my_robot_interfaces__python.dir/rosidl_generator_py/my_robot_interfaces/srv/_catch_turtle_s.c.o[0m
[8.695s] [ 90%] [32m[1mLinking C shared library rosidl_generator_py/my_robot_interfaces/libmy_robot_interfaces__python.so[0m
[8.757s] [ 90%] Built target my_robot_interfaces__python
[8.773s] [35m[1mScanning dependencies of target my_robot_interfaces__rosidl_typesupport_introspection_c__pyext[0m
[8.773s] [35m[1mScanning dependencies of target my_robot_interfaces__rosidl_typesupport_fastrtps_c__pyext[0m
[8.777s] [35m[1mScanning dependencies of target my_robot_interfaces__rosidl_typesupport_c__pyext[0m
[8.797s] [ 92%] [32mBuilding C object CMakeFiles/my_robot_interfaces__rosidl_typesupport_fastrtps_c__pyext.dir/rosidl_generator_py/my_robot_interfaces/_my_robot_interfaces_s.ep.rosidl_typesupport_fastrtps_c.c.o[0m
[8.797s] [ 93%] [32mBuilding C object CMakeFiles/my_robot_interfaces__rosidl_typesupport_introspection_c__pyext.dir/rosidl_generator_py/my_robot_interfaces/_my_robot_interfaces_s.ep.rosidl_typesupport_introspection_c.c.o[0m
[8.808s] [ 95%] [32mBuilding C object CMakeFiles/my_robot_interfaces__rosidl_typesupport_c__pyext.dir/rosidl_generator_py/my_robot_interfaces/_my_robot_interfaces_s.ep.rosidl_typesupport_c.c.o[0m
[8.952s] [ 96%] [32m[1mLinking C shared library rosidl_generator_py/my_robot_interfaces/my_robot_interfaces_s__rosidl_typesupport_introspection_c.cpython-38-x86_64-linux-gnu.so[0m
[9.013s] [ 96%] Built target my_robot_interfaces__rosidl_typesupport_introspection_c__pyext
[9.018s] [ 98%] [32m[1mLinking CXX shared library rosidl_generator_py/my_robot_interfaces/my_robot_interfaces_s__rosidl_typesupport_fastrtps_c.cpython-38-x86_64-linux-gnu.so[0m
[9.021s] [100%] [32m[1mLinking C shared library rosidl_generator_py/my_robot_interfaces/my_robot_interfaces_s__rosidl_typesupport_c.cpython-38-x86_64-linux-gnu.so[0m
[9.085s] [100%] Built target my_robot_interfaces__rosidl_typesupport_c__pyext
[9.123s] [100%] Built target my_robot_interfaces__rosidl_typesupport_fastrtps_c__pyext
[9.141s] Invoked command in '/home/dpeter/ros2_ws/build/my_robot_interfaces' returned '0': CMAKE_PREFIX_PATH=${CMAKE_PREFIX_PATH}:/home/dpeter/ros2_ws/install/turtlesim_catch_them_all:/home/dpeter/ros2_ws/install/my_py_pkg:/opt/ros/foxy /usr/bin/cmake --build /home/dpeter/ros2_ws/build/my_robot_interfaces -- -j8 -l8
[9.289s] Invoking command in '/home/dpeter/ros2_ws/build/my_robot_interfaces': CMAKE_PREFIX_PATH=${CMAKE_PREFIX_PATH}:/home/dpeter/ros2_ws/install/turtlesim_catch_them_all:/home/dpeter/ros2_ws/install/my_py_pkg:/opt/ros/foxy /usr/bin/cmake --install /home/dpeter/ros2_ws/build/my_robot_interfaces
[9.302s] -- Install configuration: ""
[9.302s] -- Installing: /home/dpeter/ros2_ws/install/my_robot_interfaces/share/ament_index/resource_index/rosidl_interfaces/my_robot_interfaces
[9.302s] -- Up-to-date: /home/dpeter/ros2_ws/install/my_robot_interfaces/include/my_robot_interfaces
[9.303s] -- Up-to-date: /home/dpeter/ros2_ws/install/my_robot_interfaces/include/my_robot_interfaces/srv
[9.303s] -- Installing: /home/dpeter/ros2_ws/install/my_robot_interfaces/include/my_robot_interfaces/srv/catch_turtle.h
[9.303s] -- Installing: /home/dpeter/ros2_ws/install/my_robot_interfaces/include/my_robot_interfaces/srv/compute_rectangle_area.h
[9.303s] -- Up-to-date: /home/dpeter/ros2_ws/install/my_robot_interfaces/include/my_robot_interfaces/srv/detail
[9.303s] -- Installing: /home/dpeter/ros2_ws/install/my_robot_interfaces/include/my_robot_interfaces/srv/detail/compute_rectangle_area__functions.h
[9.304s] -- Installing: /home/dpeter/ros2_ws/install/my_robot_interfaces/include/my_robot_interfaces/srv/detail/compute_rectangle_area__type_support.h
[9.304s] -- Installing: /home/dpeter/ros2_ws/install/my_robot_interfaces/include/my_robot_interfaces/srv/detail/catch_turtle__struct.h
[9.304s] -- Installing: /home/dpeter/ros2_ws/install/my_robot_interfaces/include/my_robot_interfaces/srv/detail/catch_turtle__functions.c
[9.304s] -- Installing: /home/dpeter/ros2_ws/install/my_robot_interfaces/include/my_robot_interfaces/srv/detail/catch_turtle__type_support.h
[9.304s] -- Installing: /home/dpeter/ros2_ws/install/my_robot_interfaces/include/my_robot_interfaces/srv/detail/compute_rectangle_area__struct.h
[9.305s] -- Installing: /home/dpeter/ros2_ws/install/my_robot_interfaces/include/my_robot_interfaces/srv/detail/catch_turtle__functions.h
[9.305s] -- Installing: /home/dpeter/ros2_ws/install/my_robot_interfaces/include/my_robot_interfaces/srv/detail/compute_rectangle_area__functions.c
[9.305s] -- Up-to-date: /home/dpeter/ros2_ws/install/my_robot_interfaces/include/my_robot_interfaces/msg
[9.305s] -- Installing: /home/dpeter/ros2_ws/install/my_robot_interfaces/include/my_robot_interfaces/msg/hardware_status.h
[9.305s] -- Up-to-date: /home/dpeter/ros2_ws/install/my_robot_interfaces/include/my_robot_interfaces/msg/rosidl_generator_c__visibility_control.h
[9.306s] -- Up-to-date: /home/dpeter/ros2_ws/install/my_robot_interfaces/include/my_robot_interfaces/msg/detail
[9.306s] -- Installing: /home/dpeter/ros2_ws/install/my_robot_interfaces/include/my_robot_interfaces/msg/detail/turtle_array__functions.h
[9.306s] -- Installing: /home/dpeter/ros2_ws/install/my_robot_interfaces/include/my_robot_interfaces/msg/detail/hardware_status__functions.h
[9.306s] -- Installing: /home/dpeter/ros2_ws/install/my_robot_interfaces/include/my_robot_interfaces/msg/detail/turtle__functions.c
[9.306s] -- Installing: /home/dpeter/ros2_ws/install/my_robot_interfaces/include/my_robot_interfaces/msg/detail/hardware_status__type_support.h
[9.306s] -- Installing: /home/dpeter/ros2_ws/install/my_robot_interfaces/include/my_robot_interfaces/msg/detail/turtle__type_support.h
[9.307s] -- Installing: /home/dpeter/ros2_ws/install/my_robot_interfaces/include/my_robot_interfaces/msg/detail/turtle__struct.h
[9.307s] -- Installing: /home/dpeter/ros2_ws/install/my_robot_interfaces/include/my_robot_interfaces/msg/detail/turtle_array__type_support.h
[9.307s] -- Installing: /home/dpeter/ros2_ws/install/my_robot_interfaces/include/my_robot_interfaces/msg/detail/turtle__functions.h
[9.307s] -- Installing: /home/dpeter/ros2_ws/install/my_robot_interfaces/include/my_robot_interfaces/msg/detail/hardware_status__struct.h
[9.307s] -- Installing: /home/dpeter/ros2_ws/install/my_robot_interfaces/include/my_robot_interfaces/msg/detail/turtle_array__struct.h
[9.307s] -- Installing: /home/dpeter/ros2_ws/install/my_robot_interfaces/include/my_robot_interfaces/msg/detail/hardware_status__functions.c
[9.308s] -- Installing: /home/dpeter/ros2_ws/install/my_robot_interfaces/include/my_robot_interfaces/msg/detail/turtle_array__functions.c
[9.308s] -- Installing: /home/dpeter/ros2_ws/install/my_robot_interfaces/include/my_robot_interfaces/msg/turtle.h
[9.308s] -- Installing: /home/dpeter/ros2_ws/install/my_robot_interfaces/include/my_robot_interfaces/msg/turtle_array.h
[9.308s] -- Up-to-date: /home/dpeter/ros2_ws/install/my_robot_interfaces/share/my_robot_interfaces/environment/library_path.sh
[9.308s] -- Installing: /home/dpeter/ros2_ws/install/my_robot_interfaces/share/my_robot_interfaces/environment/library_path.dsv
[9.308s] -- Installing: /home/dpeter/ros2_ws/install/my_robot_interfaces/lib/libmy_robot_interfaces__rosidl_generator_c.so
[9.309s] -- Set runtime path of "/home/dpeter/ros2_ws/install/my_robot_interfaces/lib/libmy_robot_interfaces__rosidl_generator_c.so" to ""
[9.309s] -- Up-to-date: /home/dpeter/ros2_ws/install/my_robot_interfaces/include/my_robot_interfaces
[9.309s] -- Up-to-date: /home/dpeter/ros2_ws/install/my_robot_interfaces/include/my_robot_interfaces/srv
[9.309s] -- Up-to-date: /home/dpeter/ros2_ws/install/my_robot_interfaces/include/my_robot_interfaces/srv/detail
[9.309s] -- Installing: /home/dpeter/ros2_ws/install/my_robot_interfaces/include/my_robot_interfaces/srv/detail/compute_rectangle_area__rosidl_typesupport_fastrtps_c.h
[9.309s] -- Installing: /home/dpeter/ros2_ws/install/my_robot_interfaces/include/my_robot_interfaces/srv/detail/catch_turtle__rosidl_typesupport_fastrtps_c.h
[9.310s] -- Up-to-date: /home/dpeter/ros2_ws/install/my_robot_interfaces/include/my_robot_interfaces/msg
[9.310s] -- Up-to-date: /home/dpeter/ros2_ws/install/my_robot_interfaces/include/my_robot_interfaces/msg/rosidl_typesupport_fastrtps_c__visibility_control.h
[9.310s] -- Up-to-date: /home/dpeter/ros2_ws/install/my_robot_interfaces/include/my_robot_interfaces/msg/detail
[9.310s] -- Installing: /home/dpeter/ros2_ws/install/my_robot_interfaces/include/my_robot_interfaces/msg/detail/turtle_array__rosidl_typesupport_fastrtps_c.h
[9.310s] -- Installing: /home/dpeter/ros2_ws/install/my_robot_interfaces/include/my_robot_interfaces/msg/detail/hardware_status__rosidl_typesupport_fastrtps_c.h
[9.311s] -- Installing: /home/dpeter/ros2_ws/install/my_robot_interfaces/include/my_robot_interfaces/msg/detail/turtle__rosidl_typesupport_fastrtps_c.h
[9.311s] -- Installing: /home/dpeter/ros2_ws/install/my_robot_interfaces/lib/libmy_robot_interfaces__rosidl_typesupport_fastrtps_c.so
[9.311s] -- Set runtime path of "/home/dpeter/ros2_ws/install/my_robot_interfaces/lib/libmy_robot_interfaces__rosidl_typesupport_fastrtps_c.so" to ""
[9.311s] -- Up-to-date: /home/dpeter/ros2_ws/install/my_robot_interfaces/include/my_robot_interfaces
[9.311s] -- Up-to-date: /home/dpeter/ros2_ws/install/my_robot_interfaces/include/my_robot_interfaces/srv
[9.311s] -- Up-to-date: /home/dpeter/ros2_ws/install/my_robot_interfaces/include/my_robot_interfaces/srv/detail
[9.311s] -- Up-to-date: /home/dpeter/ros2_ws/install/my_robot_interfaces/include/my_robot_interfaces/srv/detail/dds_fastrtps
[9.311s] -- Installing: /home/dpeter/ros2_ws/install/my_robot_interfaces/include/my_robot_interfaces/srv/detail/catch_turtle__rosidl_typesupport_fastrtps_cpp.hpp
[9.312s] -- Installing: /home/dpeter/ros2_ws/install/my_robot_interfaces/include/my_robot_interfaces/srv/detail/compute_rectangle_area__rosidl_typesupport_fastrtps_cpp.hpp
[9.312s] -- Up-to-date: /home/dpeter/ros2_ws/install/my_robot_interfaces/include/my_robot_interfaces/msg
[9.312s] -- Up-to-date: /home/dpeter/ros2_ws/install/my_robot_interfaces/include/my_robot_interfaces/msg/rosidl_typesupport_fastrtps_cpp__visibility_control.h
[9.312s] -- Up-to-date: /home/dpeter/ros2_ws/install/my_robot_interfaces/include/my_robot_interfaces/msg/detail
[9.312s] -- Installing: /home/dpeter/ros2_ws/install/my_robot_interfaces/include/my_robot_interfaces/msg/detail/hardware_status__rosidl_typesupport_fastrtps_cpp.hpp
[9.312s] -- Up-to-date: /home/dpeter/ros2_ws/install/my_robot_interfaces/include/my_robot_interfaces/msg/detail/dds_fastrtps
[9.312s] -- Installing: /home/dpeter/ros2_ws/install/my_robot_interfaces/include/my_robot_interfaces/msg/detail/turtle__rosidl_typesupport_fastrtps_cpp.hpp
[9.313s] -- Installing: /home/dpeter/ros2_ws/install/my_robot_interfaces/include/my_robot_interfaces/msg/detail/turtle_array__rosidl_typesupport_fastrtps_cpp.hpp
[9.313s] -- Installing: /home/dpeter/ros2_ws/install/my_robot_interfaces/lib/libmy_robot_interfaces__rosidl_typesupport_fastrtps_cpp.so
[9.313s] -- Set runtime path of "/home/dpeter/ros2_ws/install/my_robot_interfaces/lib/libmy_robot_interfaces__rosidl_typesupport_fastrtps_cpp.so" to ""
[9.313s] -- Up-to-date: /home/dpeter/ros2_ws/install/my_robot_interfaces/include/my_robot_interfaces
[9.313s] -- Up-to-date: /home/dpeter/ros2_ws/install/my_robot_interfaces/include/my_robot_interfaces/srv
[9.313s] -- Up-to-date: /home/dpeter/ros2_ws/install/my_robot_interfaces/include/my_robot_interfaces/srv/detail
[9.313s] -- Installing: /home/dpeter/ros2_ws/install/my_robot_interfaces/include/my_robot_interfaces/srv/detail/catch_turtle__rosidl_typesupport_introspection_c.h
[9.314s] -- Installing: /home/dpeter/ros2_ws/install/my_robot_interfaces/include/my_robot_interfaces/srv/detail/catch_turtle__type_support.c
[9.314s] -- Installing: /home/dpeter/ros2_ws/install/my_robot_interfaces/include/my_robot_interfaces/srv/detail/compute_rectangle_area__rosidl_typesupport_introspection_c.h
[9.314s] -- Installing: /home/dpeter/ros2_ws/install/my_robot_interfaces/include/my_robot_interfaces/srv/detail/compute_rectangle_area__type_support.c
[9.314s] -- Up-to-date: /home/dpeter/ros2_ws/install/my_robot_interfaces/include/my_robot_interfaces/msg
[9.314s] -- Up-to-date: /home/dpeter/ros2_ws/install/my_robot_interfaces/include/my_robot_interfaces/msg/rosidl_typesupport_introspection_c__visibility_control.h
[9.314s] -- Up-to-date: /home/dpeter/ros2_ws/install/my_robot_interfaces/include/my_robot_interfaces/msg/detail
[9.314s] -- Installing: /home/dpeter/ros2_ws/install/my_robot_interfaces/include/my_robot_interfaces/msg/detail/turtle__rosidl_typesupport_introspection_c.h
[9.315s] -- Installing: /home/dpeter/ros2_ws/install/my_robot_interfaces/include/my_robot_interfaces/msg/detail/hardware_status__type_support.c
[9.315s] -- Installing: /home/dpeter/ros2_ws/install/my_robot_interfaces/include/my_robot_interfaces/msg/detail/turtle__type_support.c
[9.315s] -- Installing: /home/dpeter/ros2_ws/install/my_robot_interfaces/include/my_robot_interfaces/msg/detail/turtle_array__rosidl_typesupport_introspection_c.h
[9.315s] -- Installing: /home/dpeter/ros2_ws/install/my_robot_interfaces/include/my_robot_interfaces/msg/detail/hardware_status__rosidl_typesupport_introspection_c.h
[9.315s] -- Installing: /home/dpeter/ros2_ws/install/my_robot_interfaces/include/my_robot_interfaces/msg/detail/turtle_array__type_support.c
[9.315s] -- Installing: /home/dpeter/ros2_ws/install/my_robot_interfaces/lib/libmy_robot_interfaces__rosidl_typesupport_introspection_c.so
[9.316s] -- Set runtime path of "/home/dpeter/ros2_ws/install/my_robot_interfaces/lib/libmy_robot_interfaces__rosidl_typesupport_introspection_c.so" to ""
[9.316s] -- Installing: /home/dpeter/ros2_ws/install/my_robot_interfaces/lib/libmy_robot_interfaces__rosidl_typesupport_c.so
[9.317s] -- Set runtime path of "/home/dpeter/ros2_ws/install/my_robot_interfaces/lib/libmy_robot_interfaces__rosidl_typesupport_c.so" to ""
[9.317s] -- Up-to-date: /home/dpeter/ros2_ws/install/my_robot_interfaces/include/my_robot_interfaces
[9.317s] -- Up-to-date: /home/dpeter/ros2_ws/install/my_robot_interfaces/include/my_robot_interfaces/srv
[9.317s] -- Installing: /home/dpeter/ros2_ws/install/my_robot_interfaces/include/my_robot_interfaces/srv/catch_turtle.hpp
[9.318s] -- Up-to-date: /home/dpeter/ros2_ws/install/my_robot_interfaces/include/my_robot_interfaces/srv/detail
[9.318s] -- Installing: /home/dpeter/ros2_ws/install/my_robot_interfaces/include/my_robot_interfaces/srv/detail/catch_turtle__traits.hpp
[9.318s] -- Installing: /home/dpeter/ros2_ws/install/my_robot_interfaces/include/my_robot_interfaces/srv/detail/compute_rectangle_area__traits.hpp
[9.318s] -- Installing: /home/dpeter/ros2_ws/install/my_robot_interfaces/include/my_robot_interfaces/srv/detail/catch_turtle__struct.hpp
[9.318s] -- Installing: /home/dpeter/ros2_ws/install/my_robot_interfaces/include/my_robot_interfaces/srv/detail/catch_turtle__builder.hpp
[9.319s] -- Installing: /home/dpeter/ros2_ws/install/my_robot_interfaces/include/my_robot_interfaces/srv/detail/compute_rectangle_area__struct.hpp
[9.319s] -- Installing: /home/dpeter/ros2_ws/install/my_robot_interfaces/include/my_robot_interfaces/srv/detail/compute_rectangle_area__builder.hpp
[9.319s] -- Installing: /home/dpeter/ros2_ws/install/my_robot_interfaces/include/my_robot_interfaces/srv/compute_rectangle_area.hpp
[9.319s] -- Up-to-date: /home/dpeter/ros2_ws/install/my_robot_interfaces/include/my_robot_interfaces/msg
[9.319s] -- Installing: /home/dpeter/ros2_ws/install/my_robot_interfaces/include/my_robot_interfaces/msg/turtle.hpp
[9.320s] -- Installing: /home/dpeter/ros2_ws/install/my_robot_interfaces/include/my_robot_interfaces/msg/hardware_status.hpp
[9.320s] -- Up-to-date: /home/dpeter/ros2_ws/install/my_robot_interfaces/include/my_robot_interfaces/msg/detail
[9.320s] -- Installing: /home/dpeter/ros2_ws/install/my_robot_interfaces/include/my_robot_interfaces/msg/detail/turtle_array__traits.hpp
[9.320s] -- Installing: /home/dpeter/ros2_ws/install/my_robot_interfaces/include/my_robot_interfaces/msg/detail/turtle__builder.hpp
[9.320s] -- Installing: /home/dpeter/ros2_ws/install/my_robot_interfaces/include/my_robot_interfaces/msg/detail/hardware_status__struct.hpp
[9.320s] -- Installing: /home/dpeter/ros2_ws/install/my_robot_interfaces/include/my_robot_interfaces/msg/detail/hardware_status__traits.hpp
[9.321s] -- Installing: /home/dpeter/ros2_ws/install/my_robot_interfaces/include/my_robot_interfaces/msg/detail/turtle__struct.hpp
[9.321s] -- Installing: /home/dpeter/ros2_ws/install/my_robot_interfaces/include/my_robot_interfaces/msg/detail/turtle_array__struct.hpp
[9.321s] -- Installing: /home/dpeter/ros2_ws/install/my_robot_interfaces/include/my_robot_interfaces/msg/detail/hardware_status__builder.hpp
[9.321s] -- Installing: /home/dpeter/ros2_ws/install/my_robot_interfaces/include/my_robot_interfaces/msg/detail/turtle__traits.hpp
[9.321s] -- Installing: /home/dpeter/ros2_ws/install/my_robot_interfaces/include/my_robot_interfaces/msg/detail/turtle_array__builder.hpp
[9.322s] -- Installing: /home/dpeter/ros2_ws/install/my_robot_interfaces/include/my_robot_interfaces/msg/turtle_array.hpp
[9.322s] -- Up-to-date: /home/dpeter/ros2_ws/install/my_robot_interfaces/include/my_robot_interfaces
[9.322s] -- Up-to-date: /home/dpeter/ros2_ws/install/my_robot_interfaces/include/my_robot_interfaces/srv
[9.322s] -- Up-to-date: /home/dpeter/ros2_ws/install/my_robot_interfaces/include/my_robot_interfaces/srv/detail
[9.322s] -- Installing: /home/dpeter/ros2_ws/install/my_robot_interfaces/include/my_robot_interfaces/srv/detail/catch_turtle__type_support.cpp
[9.322s] -- Installing: /home/dpeter/ros2_ws/install/my_robot_interfaces/include/my_robot_interfaces/srv/detail/catch_turtle__rosidl_typesupport_introspection_cpp.hpp
[9.323s] -- Installing: /home/dpeter/ros2_ws/install/my_robot_interfaces/include/my_robot_interfaces/srv/detail/compute_rectangle_area__rosidl_typesupport_introspection_cpp.hpp
[9.323s] -- Installing: /home/dpeter/ros2_ws/install/my_robot_interfaces/include/my_robot_interfaces/srv/detail/compute_rectangle_area__type_support.cpp
[9.323s] -- Up-to-date: /home/dpeter/ros2_ws/install/my_robot_interfaces/include/my_robot_interfaces/msg
[9.323s] -- Up-to-date: /home/dpeter/ros2_ws/install/my_robot_interfaces/include/my_robot_interfaces/msg/detail
[9.323s] -- Installing: /home/dpeter/ros2_ws/install/my_robot_interfaces/include/my_robot_interfaces/msg/detail/turtle_array__type_support.cpp
[9.323s] -- Installing: /home/dpeter/ros2_ws/install/my_robot_interfaces/include/my_robot_interfaces/msg/detail/hardware_status__type_support.cpp
[9.324s] -- Installing: /home/dpeter/ros2_ws/install/my_robot_interfaces/include/my_robot_interfaces/msg/detail/turtle__type_support.cpp
[9.324s] -- Installing: /home/dpeter/ros2_ws/install/my_robot_interfaces/include/my_robot_interfaces/msg/detail/turtle__rosidl_typesupport_introspection_cpp.hpp
[9.324s] -- Installing: /home/dpeter/ros2_ws/install/my_robot_interfaces/include/my_robot_interfaces/msg/detail/turtle_array__rosidl_typesupport_introspection_cpp.hpp
[9.324s] -- Installing: /home/dpeter/ros2_ws/install/my_robot_interfaces/include/my_robot_interfaces/msg/detail/hardware_status__rosidl_typesupport_introspection_cpp.hpp
[9.324s] -- Installing: /home/dpeter/ros2_ws/install/my_robot_interfaces/lib/libmy_robot_interfaces__rosidl_typesupport_introspection_cpp.so
[9.324s] -- Set runtime path of "/home/dpeter/ros2_ws/install/my_robot_interfaces/lib/libmy_robot_interfaces__rosidl_typesupport_introspection_cpp.so" to ""
[9.325s] -- Installing: /home/dpeter/ros2_ws/install/my_robot_interfaces/lib/libmy_robot_interfaces__rosidl_typesupport_cpp.so
[9.325s] -- Set runtime path of "/home/dpeter/ros2_ws/install/my_robot_interfaces/lib/libmy_robot_interfaces__rosidl_typesupport_cpp.so" to ""
[9.325s] -- Up-to-date: /home/dpeter/ros2_ws/install/my_robot_interfaces/share/my_robot_interfaces/environment/pythonpath.sh
[9.325s] -- Installing: /home/dpeter/ros2_ws/install/my_robot_interfaces/share/my_robot_interfaces/environment/pythonpath.dsv
[9.325s] -- Installing: /home/dpeter/ros2_ws/install/my_robot_interfaces/lib/python3.8/site-packages/my_robot_interfaces/__init__.py
[9.368s] Compiling '/home/dpeter/ros2_ws/install/my_robot_interfaces/lib/python3.8/site-packages/my_robot_interfaces/__init__.py'...
[9.374s] -- Up-to-date: /home/dpeter/ros2_ws/install/my_robot_interfaces/lib/python3.8/site-packages/my_robot_interfaces/msg
[9.374s] -- Installing: /home/dpeter/ros2_ws/install/my_robot_interfaces/lib/python3.8/site-packages/my_robot_interfaces/msg/_turtle_array_s.c
[9.374s] -- Installing: /home/dpeter/ros2_ws/install/my_robot_interfaces/lib/python3.8/site-packages/my_robot_interfaces/msg/_turtle_s.c
[9.375s] -- Installing: /home/dpeter/ros2_ws/install/my_robot_interfaces/lib/python3.8/site-packages/my_robot_interfaces/msg/_hardware_status.py
[9.375s] -- Installing: /home/dpeter/ros2_ws/install/my_robot_interfaces/lib/python3.8/site-packages/my_robot_interfaces/msg/_turtle_array.py
[9.375s] -- Installing: /home/dpeter/ros2_ws/install/my_robot_interfaces/lib/python3.8/site-packages/my_robot_interfaces/msg/_hardware_status_s.c
[9.375s] -- Installing: /home/dpeter/ros2_ws/install/my_robot_interfaces/lib/python3.8/site-packages/my_robot_interfaces/msg/__init__.py
[9.375s] -- Installing: /home/dpeter/ros2_ws/install/my_robot_interfaces/lib/python3.8/site-packages/my_robot_interfaces/msg/_turtle.py
[9.376s] -- Up-to-date: /home/dpeter/ros2_ws/install/my_robot_interfaces/lib/python3.8/site-packages/my_robot_interfaces/srv
[9.376s] -- Installing: /home/dpeter/ros2_ws/install/my_robot_interfaces/lib/python3.8/site-packages/my_robot_interfaces/srv/_catch_turtle_s.c
[9.376s] -- Installing: /home/dpeter/ros2_ws/install/my_robot_interfaces/lib/python3.8/site-packages/my_robot_interfaces/srv/_compute_rectangle_area.py
[9.376s] -- Installing: /home/dpeter/ros2_ws/install/my_robot_interfaces/lib/python3.8/site-packages/my_robot_interfaces/srv/_catch_turtle.py
[9.376s] -- Installing: /home/dpeter/ros2_ws/install/my_robot_interfaces/lib/python3.8/site-packages/my_robot_interfaces/srv/__init__.py
[9.376s] -- Installing: /home/dpeter/ros2_ws/install/my_robot_interfaces/lib/python3.8/site-packages/my_robot_interfaces/srv/_compute_rectangle_area_s.c
[9.377s] -- Installing: /home/dpeter/ros2_ws/install/my_robot_interfaces/lib/python3.8/site-packages/my_robot_interfaces/my_robot_interfaces_s__rosidl_typesupport_fastrtps_c.cpython-38-x86_64-linux-gnu.so
[9.377s] -- Set runtime path of "/home/dpeter/ros2_ws/install/my_robot_interfaces/lib/python3.8/site-packages/my_robot_interfaces/my_robot_interfaces_s__rosidl_typesupport_fastrtps_c.cpython-38-x86_64-linux-gnu.so" to ""
[9.378s] -- Installing: /home/dpeter/ros2_ws/install/my_robot_interfaces/lib/python3.8/site-packages/my_robot_interfaces/my_robot_interfaces_s__rosidl_typesupport_introspection_c.cpython-38-x86_64-linux-gnu.so
[9.379s] -- Set runtime path of "/home/dpeter/ros2_ws/install/my_robot_interfaces/lib/python3.8/site-packages/my_robot_interfaces/my_robot_interfaces_s__rosidl_typesupport_introspection_c.cpython-38-x86_64-linux-gnu.so" to ""
[9.379s] -- Installing: /home/dpeter/ros2_ws/install/my_robot_interfaces/lib/python3.8/site-packages/my_robot_interfaces/my_robot_interfaces_s__rosidl_typesupport_c.cpython-38-x86_64-linux-gnu.so
[9.380s] -- Set runtime path of "/home/dpeter/ros2_ws/install/my_robot_interfaces/lib/python3.8/site-packages/my_robot_interfaces/my_robot_interfaces_s__rosidl_typesupport_c.cpython-38-x86_64-linux-gnu.so" to ""
[9.381s] -- Installing: /home/dpeter/ros2_ws/install/my_robot_interfaces/lib/libmy_robot_interfaces__python.so
[9.382s] -- Set runtime path of "/home/dpeter/ros2_ws/install/my_robot_interfaces/lib/libmy_robot_interfaces__python.so" to ""
[9.382s] -- Up-to-date: /home/dpeter/ros2_ws/install/my_robot_interfaces/share/my_robot_interfaces/msg/HardwareStatus.idl
[9.382s] -- Up-to-date: /home/dpeter/ros2_ws/install/my_robot_interfaces/share/my_robot_interfaces/msg/Turtle.idl
[9.382s] -- Up-to-date: /home/dpeter/ros2_ws/install/my_robot_interfaces/share/my_robot_interfaces/msg/TurtleArray.idl
[9.383s] -- Up-to-date: /home/dpeter/ros2_ws/install/my_robot_interfaces/share/my_robot_interfaces/srv/ComputeRectangleArea.idl
[9.383s] -- Installing: /home/dpeter/ros2_ws/install/my_robot_interfaces/share/my_robot_interfaces/srv/CatchTurtle.idl
[9.383s] -- Up-to-date: /home/dpeter/ros2_ws/install/my_robot_interfaces/share/my_robot_interfaces/msg/HardwareStatus.msg
[9.383s] -- Up-to-date: /home/dpeter/ros2_ws/install/my_robot_interfaces/share/my_robot_interfaces/msg/Turtle.msg
[9.383s] -- Up-to-date: /home/dpeter/ros2_ws/install/my_robot_interfaces/share/my_robot_interfaces/msg/TurtleArray.msg
[9.384s] -- Up-to-date: /home/dpeter/ros2_ws/install/my_robot_interfaces/share/my_robot_interfaces/srv/ComputeRectangleArea.srv
[9.384s] -- Up-to-date: /home/dpeter/ros2_ws/install/my_robot_interfaces/share/my_robot_interfaces/srv/ComputeRectangleArea_Request.msg
[9.384s] -- Up-to-date: /home/dpeter/ros2_ws/install/my_robot_interfaces/share/my_robot_interfaces/srv/ComputeRectangleArea_Response.msg
[9.384s] -- Installing: /home/dpeter/ros2_ws/install/my_robot_interfaces/share/my_robot_interfaces/srv/CatchTurtle.srv
[9.384s] -- Installing: /home/dpeter/ros2_ws/install/my_robot_interfaces/share/my_robot_interfaces/srv/CatchTurtle_Request.msg
[9.385s] -- Installing: /home/dpeter/ros2_ws/install/my_robot_interfaces/share/my_robot_interfaces/srv/CatchTurtle_Response.msg
[9.385s] -- Up-to-date: /home/dpeter/ros2_ws/install/my_robot_interfaces/share/ament_index/resource_index/package_run_dependencies/my_robot_interfaces
[9.385s] -- Up-to-date: /home/dpeter/ros2_ws/install/my_robot_interfaces/share/ament_index/resource_index/parent_prefix_path/my_robot_interfaces
[9.385s] -- Up-to-date: /home/dpeter/ros2_ws/install/my_robot_interfaces/share/my_robot_interfaces/environment/ament_prefix_path.sh
[9.385s] -- Installing: /home/dpeter/ros2_ws/install/my_robot_interfaces/share/my_robot_interfaces/environment/ament_prefix_path.dsv
[9.385s] -- Up-to-date: /home/dpeter/ros2_ws/install/my_robot_interfaces/share/my_robot_interfaces/environment/path.sh
[9.386s] -- Installing: /home/dpeter/ros2_ws/install/my_robot_interfaces/share/my_robot_interfaces/environment/path.dsv
[9.386s] -- Up-to-date: /home/dpeter/ros2_ws/install/my_robot_interfaces/share/my_robot_interfaces/local_setup.bash
[9.386s] -- Up-to-date: /home/dpeter/ros2_ws/install/my_robot_interfaces/share/my_robot_interfaces/local_setup.sh
[9.386s] -- Up-to-date: /home/dpeter/ros2_ws/install/my_robot_interfaces/share/my_robot_interfaces/local_setup.zsh
[9.386s] -- Installing: /home/dpeter/ros2_ws/install/my_robot_interfaces/share/my_robot_interfaces/local_setup.dsv
[9.387s] -- Installing: /home/dpeter/ros2_ws/install/my_robot_interfaces/share/my_robot_interfaces/package.dsv
[9.387s] -- Up-to-date: /home/dpeter/ros2_ws/install/my_robot_interfaces/share/ament_index/resource_index/packages/my_robot_interfaces
[9.387s] -- Up-to-date: /home/dpeter/ros2_ws/install/my_robot_interfaces/share/my_robot_interfaces/cmake/my_robot_interfaces__rosidl_generator_cExport.cmake
[9.387s] -- Installing: /home/dpeter/ros2_ws/install/my_robot_interfaces/share/my_robot_interfaces/cmake/my_robot_interfaces__rosidl_generator_cExport-noconfig.cmake
[9.387s] -- Up-to-date: /home/dpeter/ros2_ws/install/my_robot_interfaces/share/my_robot_interfaces/cmake/my_robot_interfaces__rosidl_typesupport_introspection_cExport.cmake
[9.387s] -- Installing: /home/dpeter/ros2_ws/install/my_robot_interfaces/share/my_robot_interfaces/cmake/my_robot_interfaces__rosidl_typesupport_introspection_cExport-noconfig.cmake
[9.388s] -- Up-to-date: /home/dpeter/ros2_ws/install/my_robot_interfaces/share/my_robot_interfaces/cmake/my_robot_interfaces__rosidl_typesupport_cExport.cmake
[9.388s] -- Installing: /home/dpeter/ros2_ws/install/my_robot_interfaces/share/my_robot_interfaces/cmake/my_robot_interfaces__rosidl_typesupport_cExport-noconfig.cmake
[9.388s] -- Up-to-date: /home/dpeter/ros2_ws/install/my_robot_interfaces/share/my_robot_interfaces/cmake/my_robot_interfaces__rosidl_generator_cppExport.cmake
[9.388s] -- Up-to-date: /home/dpeter/ros2_ws/install/my_robot_interfaces/share/my_robot_interfaces/cmake/my_robot_interfaces__rosidl_typesupport_introspection_cppExport.cmake
[9.388s] -- Installing: /home/dpeter/ros2_ws/install/my_robot_interfaces/share/my_robot_interfaces/cmake/my_robot_interfaces__rosidl_typesupport_introspection_cppExport-noconfig.cmake
[9.388s] -- Up-to-date: /home/dpeter/ros2_ws/install/my_robot_interfaces/share/my_robot_interfaces/cmake/my_robot_interfaces__rosidl_typesupport_cppExport.cmake
[9.389s] -- Installing: /home/dpeter/ros2_ws/install/my_robot_interfaces/share/my_robot_interfaces/cmake/my_robot_interfaces__rosidl_typesupport_cppExport-noconfig.cmake
[9.389s] -- Installing: /home/dpeter/ros2_ws/install/my_robot_interfaces/share/my_robot_interfaces/cmake/rosidl_cmake-extras.cmake
[9.389s] -- Up-to-date: /home/dpeter/ros2_ws/install/my_robot_interfaces/share/my_robot_interfaces/cmake/ament_cmake_export_dependencies-extras.cmake
[9.389s] -- Up-to-date: /home/dpeter/ros2_ws/install/my_robot_interfaces/share/my_robot_interfaces/cmake/ament_cmake_export_libraries-extras.cmake
[9.389s] -- Up-to-date: /home/dpeter/ros2_ws/install/my_robot_interfaces/share/my_robot_interfaces/cmake/ament_cmake_export_targets-extras.cmake
[9.389s] -- Up-to-date: /home/dpeter/ros2_ws/install/my_robot_interfaces/share/my_robot_interfaces/cmake/ament_cmake_export_include_directories-extras.cmake
[9.389s] -- Up-to-date: /home/dpeter/ros2_ws/install/my_robot_interfaces/share/my_robot_interfaces/cmake/rosidl_cmake_export_typesupport_libraries-extras.cmake
[9.389s] -- Up-to-date: /home/dpeter/ros2_ws/install/my_robot_interfaces/share/my_robot_interfaces/cmake/rosidl_cmake_export_typesupport_targets-extras.cmake
[9.390s] -- Up-to-date: /home/dpeter/ros2_ws/install/my_robot_interfaces/share/my_robot_interfaces/cmake/my_robot_interfacesConfig.cmake
[9.390s] -- Up-to-date: /home/dpeter/ros2_ws/install/my_robot_interfaces/share/my_robot_interfaces/cmake/my_robot_interfacesConfig-version.cmake
[9.390s] -- Up-to-date: /home/dpeter/ros2_ws/install/my_robot_interfaces/share/my_robot_interfaces/package.xml
[9.393s] Invoked command in '/home/dpeter/ros2_ws/build/my_robot_interfaces' returned '0': CMAKE_PREFIX_PATH=${CMAKE_PREFIX_PATH}:/home/dpeter/ros2_ws/install/turtlesim_catch_them_all:/home/dpeter/ros2_ws/install/my_py_pkg:/opt/ros/foxy /usr/bin/cmake --install /home/dpeter/ros2_ws/build/my_robot_interfaces
