[0.027s] Invoking command in '/home/dpeter/ros2_ws/build/my_cpp_pkg': CMAKE_PREFIX_PATH=${CMAKE_PREFIX_PATH}:/home/dpeter/ros2_ws/install/my_py_pkg:/opt/ros/foxy /usr/bin/cmake --build /home/dpeter/ros2_ws/build/my_cpp_pkg -- -j8 -l8
[0.069s] -- Found ament_cmake: 0.9.9 (/opt/ros/foxy/share/ament_cmake/cmake)
[0.108s] -- Using PYTHON_EXECUTABLE: /usr/bin/python3
[0.367s] -- Found rclcpp: 2.4.1 (/opt/ros/foxy/share/rclcpp/cmake)
[0.425s] -- Using all available rosidl_typesupport_c: rosidl_typesupport_fastrtps_c;rosidl_typesupport_introspection_c
[0.431s] -- Found rosidl_adapter: 1.2.1 (/opt/ros/foxy/share/rosidl_adapter/cmake)
[0.608s] -- Using all available rosidl_typesupport_cpp: rosidl_typesupport_fastrtps_cpp;rosidl_typesupport_introspection_cpp
[0.691s] -- Found rmw_implementation_cmake: 1.0.3 (/opt/ros/foxy/share/rmw_implementation_cmake/cmake)
[0.694s] -- Using RMW implementation 'rmw_fastrtps_cpp' as default
[0.917s] -- Found example_interfaces: 0.9.1 (/opt/ros/foxy/share/example_interfaces/cmake)
[1.085s] CMake Error at /opt/ros/foxy/share/ament_cmake_target_dependencies/cmake/ament_target_dependencies.cmake:77 (message):
[1.085s]   ament_target_dependencies() the passed package name 'example_intefaces' was
[1.086s]   not found before
[1.086s] Call Stack (most recent call first):
[1.086s]   CMakeLists.txt:27 (ament_target_dependencies)
[1.086s] 
[1.086s] 
[1.087s] -- Configuring incomplete, errors occurred!
[1.087s] See also "/home/dpeter/ros2_ws/build/my_cpp_pkg/CMakeFiles/CMakeOutput.log".
[1.087s] See also "/home/dpeter/ros2_ws/build/my_cpp_pkg/CMakeFiles/CMakeError.log".
[1.094s] make: *** [Makefile:310: cmake_check_build_system] Error 1
[1.096s] Invoked command in '/home/dpeter/ros2_ws/build/my_cpp_pkg' returned '2': CMAKE_PREFIX_PATH=${CMAKE_PREFIX_PATH}:/home/dpeter/ros2_ws/install/my_py_pkg:/opt/ros/foxy /usr/bin/cmake --build /home/dpeter/ros2_ws/build/my_cpp_pkg -- -j8 -l8
